#
# There is insufficient memory for the Java Runtime Environment to continue.
# Native memory allocation (mmap) failed to map 176160768 bytes for G1 virtual space
# Possible reasons:
#   The system is out of physical RAM or swap space
#   The process is running with CompressedOops enabled, and the Java Heap may be blocking the growth of the native heap
# Possible solutions:
#   Reduce memory load on the system
#   Increase physical memory or swap space
#   Check if swap backing store is full
#   Decrease Java heap size (-Xmx/-Xms)
#   Decrease number of Java threads
#   Decrease Java thread stack sizes (-Xss)
#   Set larger code cache with -XX:ReservedCodeCacheSize=
#   JVM is running with Unscaled Compressed Oops mode in which the Java heap is
#     placed in the first 4GB address space. The Java Heap base address is the
#     maximum limit for the native heap growth. Please use -XX:HeapBaseMinAddress
#     to set the Java Heap base and to place the Java Heap above 4GB virtual address.
# This output file may be truncated or incomplete.
#
#  Out of Memory Error (os_windows.cpp:3530), pid=12676, tid=23564
#
# JRE version: Java(TM) SE Runtime Environment (18.0.1.1+2) (build 18.0.1.1+2-6)
# Java VM: Java HotSpot(TM) 64-Bit Server VM (18.0.1.1+2-6, mixed mode, sharing, tiered, compressed oops, compressed class ptrs, g1 gc, windows-amd64)
# No core dump will be written. Minidumps are not enabled by default on client versions of Windows
#

---------------  S U M M A R Y ------------

Command Line: -XX:MaxMetaspaceSize=512m --add-opens=java.base/java.util=ALL-UNNAMED --add-opens=java.base/java.lang=ALL-UNNAMED --add-opens=java.base/java.lang.invoke=ALL-UNNAMED --add-opens=java.prefs/java.util.prefs=ALL-UNNAMED --add-opens=java.base/java.nio.charset=ALL-UNNAMED --add-opens=java.base/java.net=ALL-UNNAMED --add-opens=java.base/java.util.concurrent.atomic=ALL-UNNAMED -Xmx2048m -Dfile.encoding=UTF-8 -Duser.country=US -Duser.language=en -Duser.variant org.gradle.launcher.daemon.bootstrap.GradleDaemon 8.0.1

Host: Intel(R) Core(TM) i5-4590S CPU @ 3.00GHz, 4 cores, 11G,  Windows 10 , 64 bit Build 19041 (10.0.19041.3636)
Time: Tue Feb 27 15:41:43 2024 India Standard Time elapsed time: 168.658324 seconds (0d 0h 2m 48s)

---------------  T H R E A D  ---------------

Current thread (0x00000198d8b36d70):  VMThread "VM Thread" [stack: 0x00000045b6400000,0x00000045b6500000] [id=23564]

Stack: [0x00000045b6400000,0x00000045b6500000]
Native frames: (J=compiled Java code, j=interpreted, Vv=VM code, C=native code)
V  [jvm.dll+0x69887a]
V  [jvm.dll+0x7f38bd]
V  [jvm.dll+0x7f51ce]
V  [jvm.dll+0x7f5883]
V  [jvm.dll+0x25ca3f]
V  [jvm.dll+0x6957c9]
V  [jvm.dll+0x68a2fa]
V  [jvm.dll+0x321efb]
V  [jvm.dll+0x3298d6]
V  [jvm.dll+0x37e47e]
V  [jvm.dll+0x37e6af]
V  [jvm.dll+0x2f9c7a]
V  [jvm.dll+0x2f9d27]
V  [jvm.dll+0x33e262]
V  [jvm.dll+0x33c804]
V  [jvm.dll+0x2f9450]
V  [jvm.dll+0x33bddb]
V  [jvm.dll+0x7fa66b]
V  [jvm.dll+0x7fb404]
V  [jvm.dll+0x7fb93c]
V  [jvm.dll+0x7fbd94]
V  [jvm.dll+0x7fbe57]
V  [jvm.dll+0x7a03ea]
V  [jvm.dll+0x697725]
C  [ucrtbase.dll+0x21bb2]
C  [KERNEL32.DLL+0x17344]
C  [ntdll.dll+0x526b1]

VM_Operation (0x00000045b7af6730): G1CollectForAllocation, mode: safepoint, requested by thread 0x00000198ddd413f0


---------------  P R O C E S S  ---------------

Threads class SMR info:
_java_thread_list=0x00000198e0476bf0, length=88, elements={
0x00000198bb18d2d0, 0x00000198d8b3afe0, 0x00000198d8b3bb50, 0x00000198d8b59c30,
0x00000198d8b5d500, 0x00000198d8b5ddb0, 0x00000198d8b5e660, 0x00000198d8b5f240,
0x00000198d8b88a60, 0x00000198d8bd1af0, 0x00000198dcd5c520, 0x00000198dcd5ec10,
0x00000198de107810, 0x00000198dd5f2070, 0x00000198dd5f33b0, 0x00000198dd5f3880,
0x00000198dd5f2a10, 0x00000198dd5f2ee0, 0x00000198ddd413f0, 0x00000198ddd435a0,
0x00000198ddd418c0, 0x00000198ddd430d0, 0x00000198ddd43a70, 0x00000198ddd40a50,
0x00000198ddd40f20, 0x00000198ddd41d90, 0x00000198ddd42260, 0x00000198ddd40580,
0x00000198df29e550, 0x00000198df29b530, 0x00000198df29d210, 0x00000198df29dbb0,
0x00000198df29ba00, 0x00000198df29ea20, 0x00000198df29eef0, 0x00000198df29bed0,
0x00000198df29f3c0, 0x00000198df29fd60, 0x00000198df2a1f10, 0x00000198df2a1570,
0x00000198df2a10a0, 0x00000198df2a23e0, 0x00000198df2a28b0, 0x00000198df29b060,
0x00000198ddd42730, 0x00000198df1483c0, 0x00000198df142d20, 0x00000198df141040,
0x00000198df1431f0, 0x00000198df140b70, 0x00000198df1453a0, 0x00000198df145870,
0x00000198df1436c0, 0x00000198df141510, 0x00000198df143b90, 0x00000198df145d40,
0x00000198df144060, 0x00000198df144ed0, 0x00000198df147080, 0x00000198df142380,
0x00000198df142850, 0x00000198df144530, 0x00000198df1419e0, 0x00000198df144a00,
0x00000198df147550, 0x00000198df146210, 0x00000198df147a20, 0x00000198df9eabc0,
0x00000198df9ea6f0, 0x00000198df9eba30, 0x00000198df9e93b0, 0x00000198df9ebf00,
0x00000198df9ec3d0, 0x00000198df9ef8c0, 0x00000198df9e8070, 0x00000198df9e8a10,
0x00000198df9ed710, 0x00000198df9e9d50, 0x00000198df9ea220, 0x00000198df9eea50,
0x00000198df9ef3f0, 0x00000198df9e8ee0, 0x00000198df9edbe0, 0x00000198df9e9880,
0x00000198df9ec8a0, 0x00000198df9ecd70, 0x00000198df9ed240, 0x00000198df9ee580
}

Java Threads: ( => current thread )
  0x00000198bb18d2d0 JavaThread "main" [_thread_blocked, id=20712, stack(0x00000045b5d00000,0x00000045b5e00000)]
  0x00000198d8b3afe0 JavaThread "Reference Handler" daemon [_thread_blocked, id=23616, stack(0x00000045b6500000,0x00000045b6600000)]
  0x00000198d8b3bb50 JavaThread "Finalizer" daemon [_thread_blocked, id=23620, stack(0x00000045b6600000,0x00000045b6700000)]
  0x00000198d8b59c30 JavaThread "Signal Dispatcher" daemon [_thread_blocked, id=23628, stack(0x00000045b6700000,0x00000045b6800000)]
  0x00000198d8b5d500 JavaThread "Attach Listener" daemon [_thread_blocked, id=23632, stack(0x00000045b6800000,0x00000045b6900000)]
  0x00000198d8b5ddb0 JavaThread "Service Thread" daemon [_thread_blocked, id=23636, stack(0x00000045b6900000,0x00000045b6a00000)]
  0x00000198d8b5e660 JavaThread "Monitor Deflation Thread" daemon [_thread_blocked, id=23640, stack(0x00000045b6a00000,0x00000045b6b00000)]
  0x00000198d8b5f240 JavaThread "C2 CompilerThread0" daemon [_thread_blocked, id=23644, stack(0x00000045b6b00000,0x00000045b6c00000)]
  0x00000198d8b88a60 JavaThread "C1 CompilerThread0" daemon [_thread_blocked, id=23648, stack(0x00000045b6c00000,0x00000045b6d00000)]
  0x00000198d8bd1af0 JavaThread "Sweeper thread" daemon [_thread_blocked, id=23656, stack(0x00000045b6d00000,0x00000045b6e00000)]
  0x00000198dcd5c520 JavaThread "Common-Cleaner" daemon [_thread_blocked, id=23664, stack(0x00000045b6e00000,0x00000045b6f00000)]
  0x00000198dcd5ec10 JavaThread "Notification Thread" daemon [_thread_blocked, id=23668, stack(0x00000045b6f00000,0x00000045b7000000)]
  0x00000198de107810 JavaThread "Daemon health stats" [_thread_blocked, id=24412, stack(0x00000045b7400000,0x00000045b7500000)]
  0x00000198dd5f2070 JavaThread "Incoming local TCP Connector on port 65166" [_thread_in_native, id=22716, stack(0x00000045b7500000,0x00000045b7600000)]
  0x00000198dd5f33b0 JavaThread "Daemon periodic checks" [_thread_blocked, id=22692, stack(0x00000045b7600000,0x00000045b7700000)]
  0x00000198dd5f3880 JavaThread "Daemon" [_thread_blocked, id=22668, stack(0x00000045b7700000,0x00000045b7800000)]
  0x00000198dd5f2a10 JavaThread "Handler for socket connection from /127.0.0.1:65166 to /127.0.0.1:65167" [_thread_in_native, id=23804, stack(0x00000045b7800000,0x00000045b7900000)]
  0x00000198dd5f2ee0 JavaThread "Cancel handler" [_thread_blocked, id=22728, stack(0x00000045b7900000,0x00000045b7a00000)]
  0x00000198ddd413f0 JavaThread "Daemon worker" [_thread_blocked, id=19072, stack(0x00000045b7a00000,0x00000045b7b00000)]
  0x00000198ddd435a0 JavaThread "Asynchronous log dispatcher for DefaultDaemonConnection: socket connection from /127.0.0.1:65166 to /127.0.0.1:65167" [_thread_blocked, id=3464, stack(0x00000045b7b00000,0x00000045b7c00000)]
  0x00000198ddd418c0 JavaThread "Daemon client event forwarder" [_thread_blocked, id=19988, stack(0x00000045b7d00000,0x00000045b7e00000)]
  0x00000198ddd430d0 JavaThread "Cache worker for journal cache (C:\Users\Shree\.gradle\caches\journal-1)" [_thread_blocked, id=23928, stack(0x00000045b7e00000,0x00000045b7f00000)]
  0x00000198ddd43a70 JavaThread "File lock request listener" [_thread_in_native, id=21744, stack(0x00000045b7f00000,0x00000045b8000000)]
  0x00000198ddd40a50 JavaThread "File lock release action executor" [_thread_blocked, id=22604, stack(0x00000045b8000000,0x00000045b8100000)]
  0x00000198ddd40f20 JavaThread "Cache worker for file hash cache (C:\Users\Shree\.gradle\caches\8.0.1\fileHashes)" [_thread_blocked, id=23776, stack(0x00000045b8100000,0x00000045b8200000)]
  0x00000198ddd41d90 JavaThread "File watcher server" daemon [_thread_in_native, id=24232, stack(0x00000045b8200000,0x00000045b8300000)]
  0x00000198ddd42260 JavaThread "File watcher consumer" daemon [_thread_blocked, id=21028, stack(0x00000045b8300000,0x00000045b8400000)]
  0x00000198ddd40580 JavaThread "Cache worker for checksums cache (D:\Projects\Panchal_App\android\.gradle\8.0.1\checksums)" [_thread_blocked, id=24440, stack(0x00000045b8400000,0x00000045b8500000)]
  0x00000198df29e550 JavaThread "Cache worker for cache directory md-rule (C:\Users\Shree\.gradle\caches\8.0.1\md-rule)" [_thread_blocked, id=17828, stack(0x00000045b8500000,0x00000045b8600000)]
  0x00000198df29b530 JavaThread "Cache worker for file content cache (C:\Users\Shree\.gradle\caches\8.0.1\fileContent)" [_thread_blocked, id=24420, stack(0x00000045b8600000,0x00000045b8700000)]
  0x00000198df29d210 JavaThread "Cache worker for file hash cache (D:\Projects\Panchal_App\android\.gradle\8.0.1\fileHashes)" [_thread_blocked, id=13736, stack(0x00000045b8700000,0x00000045b8800000)]
  0x00000198df29dbb0 JavaThread "Cache worker for cache directory md-supplier (C:\Users\Shree\.gradle\caches\8.0.1\md-supplier)" [_thread_blocked, id=24244, stack(0x00000045b8800000,0x00000045b8900000)]
  0x00000198df29ba00 JavaThread "Cache worker for execution history cache (C:\Users\Shree\.gradle\caches\8.0.1\executionHistory)" [_thread_blocked, id=22000, stack(0x00000045b8900000,0x00000045b8a00000)]
  0x00000198df29ea20 JavaThread "jar transforms" [_thread_blocked, id=11836, stack(0x00000045b8b00000,0x00000045b8c00000)]
  0x00000198df29eef0 JavaThread "jar transforms Thread 2" [_thread_blocked, id=22492, stack(0x00000045b8c00000,0x00000045b8d00000)]
  0x00000198df29bed0 JavaThread "jar transforms Thread 3" [_thread_blocked, id=22752, stack(0x00000045b8d00000,0x00000045b8e00000)]
  0x00000198df29f3c0 JavaThread "jar transforms Thread 4" [_thread_blocked, id=21444, stack(0x00000045b8e00000,0x00000045b8f00000)]
  0x00000198df29fd60 JavaThread "Cache worker for kotlin-dsl (C:\Users\Shree\.gradle\caches\8.0.1\kotlin-dsl)" [_thread_blocked, id=25448, stack(0x00000045b5c00000,0x00000045b5d00000)]
  0x00000198df2a1f10 JavaThread "Cache worker for dependencies-accessors (D:\Projects\Panchal_App\android\.gradle\8.0.1\dependencies-accessors)" [_thread_blocked, id=23476, stack(0x00000045b5e00000,0x00000045b5f00000)]
  0x00000198df2a1570 JavaThread "Cache worker for Build Output Cleanup Cache (D:\Projects\Panchal_App\node_modules\@react-native\gradle-plugin\.gradle\buildOutputCleanup)" [_thread_blocked, id=18876, stack(0x00000045b7c00000,0x00000045b7d00000)]
  0x00000198df2a10a0 JavaThread "Unconstrained build operations" [_thread_blocked, id=17808, stack(0x00000045b9100000,0x00000045b9200000)]
  0x00000198df2a23e0 JavaThread "Unconstrained build operations Thread 2" [_thread_blocked, id=9524, stack(0x00000045b9200000,0x00000045b9300000)]
  0x00000198df2a28b0 JavaThread "Unconstrained build operations Thread 3" [_thread_blocked, id=24364, stack(0x00000045b9300000,0x00000045b9400000)]
  0x00000198df29b060 JavaThread "Unconstrained build operations Thread 4" [_thread_blocked, id=21076, stack(0x00000045b9400000,0x00000045b9500000)]
  0x00000198ddd42730 JavaThread "Unconstrained build operations Thread 5" [_thread_blocked, id=24664, stack(0x00000045b9500000,0x00000045b9600000)]
  0x00000198df1483c0 JavaThread "Unconstrained build operations Thread 6" [_thread_blocked, id=12944, stack(0x00000045b9600000,0x00000045b9700000)]
  0x00000198df142d20 JavaThread "Unconstrained build operations Thread 7" [_thread_blocked, id=24896, stack(0x00000045b9700000,0x00000045b9800000)]
  0x00000198df141040 JavaThread "Unconstrained build operations Thread 8" [_thread_blocked, id=20064, stack(0x00000045b9800000,0x00000045b9900000)]
  0x00000198df1431f0 JavaThread "Unconstrained build operations Thread 9" [_thread_blocked, id=22328, stack(0x00000045b9900000,0x00000045b9a00000)]
  0x00000198df140b70 JavaThread "Unconstrained build operations Thread 10" [_thread_blocked, id=20732, stack(0x00000045b9a00000,0x00000045b9b00000)]
  0x00000198df1453a0 JavaThread "Unconstrained build operations Thread 11" [_thread_blocked, id=10448, stack(0x00000045b9b00000,0x00000045b9c00000)]
  0x00000198df145870 JavaThread "Unconstrained build operations Thread 12" [_thread_blocked, id=5704, stack(0x00000045b9c00000,0x00000045b9d00000)]
  0x00000198df1436c0 JavaThread "Unconstrained build operations Thread 13" [_thread_blocked, id=8448, stack(0x00000045b9d00000,0x00000045b9e00000)]
  0x00000198df141510 JavaThread "Unconstrained build operations Thread 14" [_thread_blocked, id=25292, stack(0x00000045b9e00000,0x00000045b9f00000)]
  0x00000198df143b90 JavaThread "Unconstrained build operations Thread 15" [_thread_blocked, id=12592, stack(0x00000045b9f00000,0x00000045ba000000)]
  0x00000198df145d40 JavaThread "Unconstrained build operations Thread 16" [_thread_blocked, id=25276, stack(0x00000045ba000000,0x00000045ba100000)]
  0x00000198df144060 JavaThread "Unconstrained build operations Thread 17" [_thread_blocked, id=24784, stack(0x00000045ba100000,0x00000045ba200000)]
  0x00000198df144ed0 JavaThread "Unconstrained build operations Thread 18" [_thread_blocked, id=24832, stack(0x00000045ba200000,0x00000045ba300000)]
  0x00000198df147080 JavaThread "Unconstrained build operations Thread 19" [_thread_blocked, id=24836, stack(0x00000045ba300000,0x00000045ba400000)]
  0x00000198df142380 JavaThread "Unconstrained build operations Thread 20" [_thread_blocked, id=24840, stack(0x00000045ba400000,0x00000045ba500000)]
  0x00000198df142850 JavaThread "Unconstrained build operations Thread 21" [_thread_blocked, id=24844, stack(0x00000045ba500000,0x00000045ba600000)]
  0x00000198df144530 JavaThread "Unconstrained build operations Thread 22" [_thread_blocked, id=24812, stack(0x00000045ba600000,0x00000045ba700000)]
  0x00000198df1419e0 JavaThread "Unconstrained build operations Thread 23" [_thread_blocked, id=24780, stack(0x00000045ba700000,0x00000045ba800000)]
  0x00000198df144a00 JavaThread "Unconstrained build operations Thread 24" [_thread_blocked, id=24760, stack(0x00000045ba800000,0x00000045ba900000)]
  0x00000198df147550 JavaThread "Unconstrained build operations Thread 25" [_thread_blocked, id=24744, stack(0x00000045ba900000,0x00000045baa00000)]
  0x00000198df146210 JavaThread "Unconstrained build operations Thread 26" [_thread_blocked, id=24592, stack(0x00000045baa00000,0x00000045bab00000)]
  0x00000198df147a20 JavaThread "Memory manager" [_thread_blocked, id=17060, stack(0x00000045bab00000,0x00000045bac00000)]
  0x00000198df9eabc0 JavaThread "Cache worker for Build Output Cleanup Cache (D:\Projects\Panchal_App\android\.gradle\buildOutputCleanup)" [_thread_blocked, id=12256, stack(0x00000045bac00000,0x00000045bad00000)]
  0x00000198df9ea6f0 JavaThread "File lock release action executor Thread 2" [_thread_blocked, id=22304, stack(0x00000045bad00000,0x00000045bae00000)]
  0x00000198df9eba30 JavaThread "included builds" [_thread_blocked, id=16836, stack(0x00000045bae00000,0x00000045baf00000)]
  0x00000198df9e93b0 JavaThread "Execution worker" [_thread_blocked, id=19096, stack(0x00000045baf00000,0x00000045bb000000)]
  0x00000198df9ebf00 JavaThread "Execution worker Thread 2" [_thread_blocked, id=240, stack(0x00000045bb000000,0x00000045bb100000)]
  0x00000198df9ec3d0 JavaThread "Execution worker Thread 3" [_thread_blocked, id=24356, stack(0x00000045bb100000,0x00000045bb200000)]
  0x00000198df9ef8c0 JavaThread "Cache worker for execution history cache (D:\Projects\Panchal_App\node_modules\@react-native\gradle-plugin\.gradle\8.0.1\executionHistory)" [_thread_blocked, id=24272, stack(0x00000045bb200000,0x00000045bb300000)]
  0x00000198df9e8070 JavaThread "Unconstrained build operations Thread 27" [_thread_blocked, id=24552, stack(0x00000045bb300000,0x00000045bb400000)]
  0x00000198df9e8a10 JavaThread "Unconstrained build operations Thread 28" [_thread_blocked, id=25288, stack(0x00000045bb400000,0x00000045bb500000)]
  0x00000198df9ed710 JavaThread "Unconstrained build operations Thread 29" [_thread_blocked, id=24848, stack(0x00000045bb500000,0x00000045bb600000)]
  0x00000198df9e9d50 JavaThread "Unconstrained build operations Thread 30" [_thread_blocked, id=22556, stack(0x00000045bb600000,0x00000045bb700000)]
  0x00000198df9ea220 JavaThread "Unconstrained build operations Thread 31" [_thread_blocked, id=25560, stack(0x00000045bb700000,0x00000045bb800000)]
  0x00000198df9eea50 JavaThread "Unconstrained build operations Thread 32" [_thread_blocked, id=13028, stack(0x00000045bb800000,0x00000045bb900000)]
  0x00000198df9ef3f0 JavaThread "Unconstrained build operations Thread 33" [_thread_blocked, id=24388, stack(0x00000045bb900000,0x00000045bba00000)]
  0x00000198df9e8ee0 JavaThread "Unconstrained build operations Thread 34" [_thread_blocked, id=24648, stack(0x00000045bba00000,0x00000045bbb00000)]
  0x00000198df9edbe0 JavaThread "Unconstrained build operations Thread 35" [_thread_blocked, id=6152, stack(0x00000045bbb00000,0x00000045bbc00000)]
  0x00000198df9e9880 JavaThread "Unconstrained build operations Thread 36" [_thread_blocked, id=24876, stack(0x00000045bbc00000,0x00000045bbd00000)]
  0x00000198df9ec8a0 JavaThread "Unconstrained build operations Thread 37" [_thread_blocked, id=24872, stack(0x00000045bbd00000,0x00000045bbe00000)]
  0x00000198df9ecd70 JavaThread "Unconstrained build operations Thread 38" [_thread_blocked, id=236, stack(0x00000045bbe00000,0x00000045bbf00000)]
  0x00000198df9ed240 JavaThread "Unconstrained build operations Thread 39" [_thread_blocked, id=24000, stack(0x00000045bbf00000,0x00000045bc000000)]
  0x00000198df9ee580 JavaThread "Unconstrained build operations Thread 40" [_thread_blocked, id=20536, stack(0x00000045bc000000,0x00000045bc100000)]

Other Threads:
=>0x00000198d8b36d70 VMThread "VM Thread" [stack: 0x00000045b6400000,0x00000045b6500000] [id=23564]
  0x00000198dcd690f0 WatcherThread "VM Periodic Task Thread" [stack: 0x00000045b7000000,0x00000045b7100000] [id=23672]
  0x00000198bb1eca60 WorkerThread "GC Thread#0" [stack: 0x00000045b5f00000,0x00000045b6000000] [id=13176]
  0x00000198dd41fa20 WorkerThread "GC Thread#1" [stack: 0x00000045b7100000,0x00000045b7200000] [id=23900]
  0x00000198dd0feb20 WorkerThread "GC Thread#2" [stack: 0x00000045b7200000,0x00000045b7300000] [id=23904]
  0x00000198dcec7c60 WorkerThread "GC Thread#3" [stack: 0x00000045b7300000,0x00000045b7400000] [id=23908]
  0x00000198bb1fd8a0 ConcurrentGCThread "G1 Main Marker" [stack: 0x00000045b6000000,0x00000045b6100000] [id=5644]
  0x00000198bb1ff1b0 WorkerThread "G1 Conc#0" [stack: 0x00000045b6100000,0x00000045b6200000] [id=14092]
  0x00000198bb24ebc0 ConcurrentGCThread "G1 Refine#0" [stack: 0x00000045b6200000,0x00000045b6300000] [id=23556]
  0x00000198ddf7e2f0 ConcurrentGCThread "G1 Refine#1" [stack: 0x00000045b8a00000,0x00000045b8b00000] [id=22748]
  0x00000198d89f15e0 ConcurrentGCThread "G1 Service" [stack: 0x00000045b6300000,0x00000045b6400000] [id=23560]

Threads with active compile tasks:

VM state: at safepoint (normal execution)

VM Mutex/Monitor currently owned by a thread:  ([mutex/lock_event])
[0x00000198bb18a3b0] Threads_lock - owner thread: 0x00000198d8b36d70
[0x00000198bb18a8c0] Heap_lock - owner thread: 0x00000198ddd413f0

Heap address: 0x0000000080000000, size: 2048 MB, Compressed Oops mode: 32-bit

CDS archive(s) mapped at: [0x0000000800000000-0x0000000800ba0000-0x0000000800ba0000), size 12189696, SharedBaseAddress: 0x0000000800000000, ArchiveRelocationMode: 0.
Compressed class space mapped at: 0x0000000800c00000-0x000000081a800000, reserved size: 432013312
Narrow klass base: 0x0000000800000000, Narrow klass shift: 0, Narrow klass range: 0x100000000

GC Precious Log:
 CardTable entry size: 512
 Card Set container configuration: InlinePtr #cards 5 size 8 Array Of Cards #cards 12 size 40 Howl #buckets 4 coarsen threshold 1843 Howl Bitmap #cards 512 size 80 coarsen threshold 460 Card regions per heap region 1 cards per card region 2048
 CPUs: 4 total, 4 available
 Memory: 12173M
 Large Page Support: Disabled
 NUMA Support: Disabled
 Compressed Oops: Enabled (32-bit)
 Heap Region Size: 1M
 Heap Min Capacity: 8M
 Heap Initial Capacity: 192M
 Heap Max Capacity: 2G
 Pre-touch: Disabled
 Parallel Workers: 4
 Concurrent Workers: 1
 Concurrent Refinement Workers: 4
 Periodic GC: Disabled

Heap:
 garbage-first heap   total 196608K, used 81286K [0x0000000080000000, 0x0000000100000000)
  region size 1024K, 4 young (4096K), 4 survivors (4096K)
 Metaspace       used 77803K, committed 79872K, reserved 552960K
  class space    used 10649K, committed 11712K, reserved 421888K

Heap Regions: E=young(eden), S=young(survivor), O=old, HS=humongous(starts), HC=humongous(continues), CS=collection set, F=free, OA=open archive, CA=closed archive, TAMS=top-at-mark-start (previous, next)
|   0|0x0000000080000000, 0x0000000080100000, 0x0000000080100000|100%| O|  |TAMS 0x0000000080100000, 0x0000000080100000| Untracked 
|   1|0x0000000080100000, 0x0000000080200000, 0x0000000080200000|100%| O|  |TAMS 0x0000000080200000, 0x0000000080200000| Untracked 
|   2|0x0000000080200000, 0x0000000080300000, 0x0000000080300000|100%|HS|  |TAMS 0x0000000080300000, 0x0000000080300000| Complete 
|   3|0x0000000080300000, 0x0000000080400000, 0x0000000080400000|100%|HC|  |TAMS 0x0000000080400000, 0x0000000080400000| Complete 
|   4|0x0000000080400000, 0x0000000080500000, 0x0000000080500000|100%|HC|  |TAMS 0x0000000080500000, 0x0000000080500000| Complete 
|   5|0x0000000080500000, 0x0000000080600000, 0x0000000080600000|100%|HC|  |TAMS 0x0000000080600000, 0x0000000080600000| Complete 
|   6|0x0000000080600000, 0x0000000080700000, 0x0000000080700000|100%| O|  |TAMS 0x0000000080700000, 0x0000000080700000| Untracked 
|   7|0x0000000080700000, 0x0000000080800000, 0x0000000080800000|100%| O|  |TAMS 0x0000000080800000, 0x0000000080800000| Untracked 
|   8|0x0000000080800000, 0x0000000080900000, 0x0000000080900000|100%| O|  |TAMS 0x0000000080900000, 0x0000000080900000| Untracked 
|   9|0x0000000080900000, 0x0000000080a00000, 0x0000000080a00000|100%| O|  |TAMS 0x0000000080a00000, 0x0000000080a00000| Untracked 
|  10|0x0000000080a00000, 0x0000000080b00000, 0x0000000080b00000|100%| O|  |TAMS 0x0000000080b00000, 0x0000000080b00000| Untracked 
|  11|0x0000000080b00000, 0x0000000080c00000, 0x0000000080c00000|100%| O|  |TAMS 0x0000000080c00000, 0x0000000080c00000| Untracked 
|  12|0x0000000080c00000, 0x0000000080d00000, 0x0000000080d00000|100%| O|  |TAMS 0x0000000080d00000, 0x0000000080d00000| Untracked 
|  13|0x0000000080d00000, 0x0000000080e00000, 0x0000000080e00000|100%| O|  |TAMS 0x0000000080e00000, 0x0000000080e00000| Untracked 
|  14|0x0000000080e00000, 0x0000000080f00000, 0x0000000080f00000|100%| O|  |TAMS 0x0000000080f00000, 0x0000000080f00000| Untracked 
|  15|0x0000000080f00000, 0x0000000081000000, 0x0000000081000000|100%| O|  |TAMS 0x0000000081000000, 0x0000000081000000| Untracked 
|  16|0x0000000081000000, 0x0000000081100000, 0x0000000081100000|100%| O|  |TAMS 0x0000000081100000, 0x0000000081100000| Untracked 
|  17|0x0000000081100000, 0x0000000081200000, 0x0000000081200000|100%| O|  |TAMS 0x0000000081200000, 0x0000000081200000| Untracked 
|  18|0x0000000081200000, 0x0000000081300000, 0x0000000081300000|100%| O|  |TAMS 0x0000000081300000, 0x0000000081300000| Untracked 
|  19|0x0000000081300000, 0x0000000081400000, 0x0000000081400000|100%| O|  |TAMS 0x0000000081400000, 0x0000000081400000| Untracked 
|  20|0x0000000081400000, 0x0000000081500000, 0x0000000081500000|100%| O|  |TAMS 0x0000000081500000, 0x0000000081500000| Untracked 
|  21|0x0000000081500000, 0x0000000081600000, 0x0000000081600000|100%| O|  |TAMS 0x0000000081600000, 0x0000000081600000| Untracked 
|  22|0x0000000081600000, 0x0000000081700000, 0x0000000081700000|100%| O|  |TAMS 0x0000000081600000, 0x0000000081700000| Untracked 
|  23|0x0000000081700000, 0x0000000081800000, 0x0000000081800000|100%| O|  |TAMS 0x0000000081800000, 0x0000000081800000| Untracked 
|  24|0x0000000081800000, 0x0000000081900000, 0x0000000081900000|100%| O|  |TAMS 0x0000000081900000, 0x0000000081900000| Untracked 
|  25|0x0000000081900000, 0x0000000081a00000, 0x0000000081a00000|100%| O|  |TAMS 0x0000000081a00000, 0x0000000081a00000| Untracked 
|  26|0x0000000081a00000, 0x0000000081b00000, 0x0000000081b00000|100%| O|  |TAMS 0x0000000081b00000, 0x0000000081b00000| Untracked 
|  27|0x0000000081b00000, 0x0000000081c00000, 0x0000000081c00000|100%| O|  |TAMS 0x0000000081c00000, 0x0000000081c00000| Untracked 
|  28|0x0000000081c00000, 0x0000000081d00000, 0x0000000081d00000|100%| O|  |TAMS 0x0000000081d00000, 0x0000000081d00000| Untracked 
|  29|0x0000000081d00000, 0x0000000081e00000, 0x0000000081e00000|100%| O|  |TAMS 0x0000000081e00000, 0x0000000081e00000| Untracked 
|  30|0x0000000081e00000, 0x0000000081f00000, 0x0000000081f00000|100%| O|  |TAMS 0x0000000081f00000, 0x0000000081f00000| Untracked 
|  31|0x0000000081f00000, 0x0000000082000000, 0x0000000082000000|100%| O|  |TAMS 0x0000000082000000, 0x0000000082000000| Untracked 
|  32|0x0000000082000000, 0x0000000082100000, 0x0000000082100000|100%| O|  |TAMS 0x0000000082100000, 0x0000000082100000| Untracked 
|  33|0x0000000082100000, 0x0000000082200000, 0x0000000082200000|100%| O|  |TAMS 0x0000000082200000, 0x0000000082200000| Untracked 
|  34|0x0000000082200000, 0x0000000082300000, 0x0000000082300000|100%| O|  |TAMS 0x0000000082300000, 0x0000000082300000| Untracked 
|  35|0x0000000082300000, 0x0000000082400000, 0x0000000082400000|100%| O|  |TAMS 0x0000000082400000, 0x0000000082400000| Untracked 
|  36|0x0000000082400000, 0x0000000082500000, 0x0000000082500000|100%|HS|  |TAMS 0x0000000082500000, 0x0000000082500000| Complete 
|  37|0x0000000082500000, 0x0000000082600000, 0x0000000082600000|100%|HC|  |TAMS 0x0000000082600000, 0x0000000082600000| Complete 
|  38|0x0000000082600000, 0x0000000082700000, 0x0000000082700000|100%| O|  |TAMS 0x0000000082700000, 0x0000000082700000| Untracked 
|  39|0x0000000082700000, 0x0000000082800000, 0x0000000082800000|100%|HS|  |TAMS 0x0000000082800000, 0x0000000082800000| Complete 
|  40|0x0000000082800000, 0x0000000082900000, 0x0000000082900000|100%|HC|  |TAMS 0x0000000082900000, 0x0000000082900000| Complete 
|  41|0x0000000082900000, 0x0000000082a00000, 0x0000000082a00000|100%|HC|  |TAMS 0x0000000082a00000, 0x0000000082a00000| Complete 
|  42|0x0000000082a00000, 0x0000000082b00000, 0x0000000082b00000|100%|HC|  |TAMS 0x0000000082b00000, 0x0000000082b00000| Complete 
|  43|0x0000000082b00000, 0x0000000082c00000, 0x0000000082c00000|100%| O|  |TAMS 0x0000000082c00000, 0x0000000082c00000| Untracked 
|  44|0x0000000082c00000, 0x0000000082d00000, 0x0000000082d00000|100%| O|  |TAMS 0x0000000082d00000, 0x0000000082d00000| Untracked 
|  45|0x0000000082d00000, 0x0000000082e00000, 0x0000000082e00000|100%| O|  |TAMS 0x0000000082e00000, 0x0000000082e00000| Untracked 
|  46|0x0000000082e00000, 0x0000000082f00000, 0x0000000082f00000|100%| O|  |TAMS 0x0000000082f00000, 0x0000000082f00000| Untracked 
|  47|0x0000000082f00000, 0x0000000083000000, 0x0000000083000000|100%| O|  |TAMS 0x0000000083000000, 0x0000000083000000| Untracked 
|  48|0x0000000083000000, 0x0000000083000000, 0x0000000083100000|  0%| F|  |TAMS 0x0000000083000000, 0x0000000083000000| Untracked 
|  49|0x0000000083100000, 0x0000000083200000, 0x0000000083200000|100%| O|  |TAMS 0x0000000083200000, 0x0000000083200000| Untracked 
|  50|0x0000000083200000, 0x0000000083300000, 0x0000000083300000|100%| O|  |TAMS 0x0000000083300000, 0x0000000083300000| Untracked 
|  51|0x0000000083300000, 0x0000000083400000, 0x0000000083400000|100%| O|  |TAMS 0x0000000083400000, 0x0000000083400000| Untracked 
|  52|0x0000000083400000, 0x0000000083500000, 0x0000000083500000|100%| O|  |TAMS 0x0000000083500000, 0x0000000083500000| Untracked 
|  53|0x0000000083500000, 0x0000000083600000, 0x0000000083600000|100%| O|  |TAMS 0x0000000083600000, 0x0000000083600000| Untracked 
|  54|0x0000000083600000, 0x0000000083700000, 0x0000000083700000|100%| O|  |TAMS 0x0000000083700000, 0x0000000083700000| Untracked 
|  55|0x0000000083700000, 0x0000000083800000, 0x0000000083800000|100%| O|  |TAMS 0x0000000083800000, 0x0000000083800000| Untracked 
|  56|0x0000000083800000, 0x0000000083900000, 0x0000000083900000|100%| O|  |TAMS 0x0000000083900000, 0x0000000083900000| Untracked 
|  57|0x0000000083900000, 0x0000000083a00000, 0x0000000083a00000|100%| O|  |TAMS 0x0000000083a00000, 0x0000000083a00000| Untracked 
|  58|0x0000000083a00000, 0x0000000083b00000, 0x0000000083b00000|100%| O|  |TAMS 0x0000000083b00000, 0x0000000083b00000| Untracked 
|  59|0x0000000083b00000, 0x0000000083c00000, 0x0000000083c00000|100%| O|  |TAMS 0x0000000083c00000, 0x0000000083c00000| Untracked 
|  60|0x0000000083c00000, 0x0000000083d00000, 0x0000000083d00000|100%| O|  |TAMS 0x0000000083d00000, 0x0000000083d00000| Untracked 
|  61|0x0000000083d00000, 0x0000000083e00000, 0x0000000083e00000|100%| O|  |TAMS 0x0000000083e00000, 0x0000000083e00000| Untracked 
|  62|0x0000000083e00000, 0x0000000083f00000, 0x0000000083f00000|100%|HS|  |TAMS 0x0000000083f00000, 0x0000000083f00000| Complete 
|  63|0x0000000083f00000, 0x0000000084000000, 0x0000000084000000|100%|HS|  |TAMS 0x0000000084000000, 0x0000000084000000| Complete 
|  64|0x0000000084000000, 0x0000000084100000, 0x0000000084100000|100%| O|  |TAMS 0x0000000084100000, 0x0000000084100000| Untracked 
|  65|0x0000000084100000, 0x0000000084200000, 0x0000000084200000|100%| O|  |TAMS 0x0000000084200000, 0x0000000084200000| Untracked 
|  66|0x0000000084200000, 0x0000000084300000, 0x0000000084300000|100%| O|  |TAMS 0x0000000084300000, 0x0000000084300000| Untracked 
|  67|0x0000000084300000, 0x0000000084400000, 0x0000000084400000|100%| O|  |TAMS 0x0000000084400000, 0x0000000084400000| Untracked 
|  68|0x0000000084400000, 0x0000000084500000, 0x0000000084500000|100%| O|  |TAMS 0x0000000084500000, 0x0000000084500000| Untracked 
|  69|0x0000000084500000, 0x0000000084600000, 0x0000000084600000|100%| O|  |TAMS 0x00000000845c4600, 0x0000000084600000| Untracked 
|  70|0x0000000084600000, 0x0000000084700000, 0x0000000084700000|100%| O|  |TAMS 0x0000000084600000, 0x0000000084700000| Untracked 
|  71|0x0000000084700000, 0x0000000084800000, 0x0000000084800000|100%| O|  |TAMS 0x0000000084700000, 0x0000000084800000| Untracked 
|  72|0x0000000084800000, 0x0000000084900000, 0x0000000084900000|100%| O|  |TAMS 0x0000000084800000, 0x0000000084900000| Untracked 
|  73|0x0000000084900000, 0x0000000084a00000, 0x0000000084a00000|100%| O|  |TAMS 0x0000000084a00000, 0x0000000084a00000| Untracked 
|  74|0x0000000084a00000, 0x0000000084b00000, 0x0000000084b00000|100%| O|  |TAMS 0x0000000084b00000, 0x0000000084b00000| Untracked 
|  75|0x0000000084b00000, 0x0000000084c00000, 0x0000000084c00000|100%| O|  |TAMS 0x0000000084c00000, 0x0000000084c00000| Untracked 
|  76|0x0000000084c00000, 0x0000000084cb1600, 0x0000000084d00000| 69%| O|  |TAMS 0x0000000084c00000, 0x0000000084cb1600| Untracked 
|  77|0x0000000084d00000, 0x0000000084d00000, 0x0000000084e00000|  0%| F|  |TAMS 0x0000000084d00000, 0x0000000084d00000| Untracked 
|  78|0x0000000084e00000, 0x0000000084e00000, 0x0000000084f00000|  0%| F|  |TAMS 0x0000000084e00000, 0x0000000084e00000| Untracked 
|  79|0x0000000084f00000, 0x0000000084f00000, 0x0000000085000000|  0%| F|  |TAMS 0x0000000084f00000, 0x0000000084f00000| Untracked 
|  80|0x0000000085000000, 0x0000000085000000, 0x0000000085100000|  0%| F|  |TAMS 0x0000000085000000, 0x0000000085000000| Untracked 
|  81|0x0000000085100000, 0x0000000085100000, 0x0000000085200000|  0%| F|  |TAMS 0x0000000085100000, 0x0000000085100000| Untracked 
|  82|0x0000000085200000, 0x0000000085200000, 0x0000000085300000|  0%| F|  |TAMS 0x0000000085200000, 0x0000000085200000| Untracked 
|  83|0x0000000085300000, 0x0000000085300000, 0x0000000085400000|  0%| F|  |TAMS 0x0000000085300000, 0x0000000085300000| Untracked 
|  84|0x0000000085400000, 0x0000000085400000, 0x0000000085500000|  0%| F|  |TAMS 0x0000000085400000, 0x0000000085400000| Untracked 
|  85|0x0000000085500000, 0x0000000085500000, 0x0000000085600000|  0%| F|  |TAMS 0x0000000085500000, 0x0000000085500000| Untracked 
|  86|0x0000000085600000, 0x0000000085600000, 0x0000000085700000|  0%| F|  |TAMS 0x0000000085600000, 0x0000000085600000| Untracked 
|  87|0x0000000085700000, 0x0000000085700000, 0x0000000085800000|  0%| F|  |TAMS 0x0000000085700000, 0x0000000085700000| Untracked 
|  88|0x0000000085800000, 0x0000000085800000, 0x0000000085900000|  0%| F|  |TAMS 0x0000000085800000, 0x0000000085800000| Untracked 
|  89|0x0000000085900000, 0x0000000085900000, 0x0000000085a00000|  0%| F|  |TAMS 0x0000000085900000, 0x0000000085900000| Untracked 
|  90|0x0000000085a00000, 0x0000000085a00000, 0x0000000085b00000|  0%| F|  |TAMS 0x0000000085a00000, 0x0000000085a00000| Untracked 
|  91|0x0000000085b00000, 0x0000000085b00000, 0x0000000085c00000|  0%| F|  |TAMS 0x0000000085b00000, 0x0000000085b00000| Untracked 
|  92|0x0000000085c00000, 0x0000000085c00000, 0x0000000085d00000|  0%| F|  |TAMS 0x0000000085c00000, 0x0000000085c00000| Untracked 
|  93|0x0000000085d00000, 0x0000000085d00000, 0x0000000085e00000|  0%| F|  |TAMS 0x0000000085d00000, 0x0000000085d00000| Untracked 
|  94|0x0000000085e00000, 0x0000000085e00000, 0x0000000085f00000|  0%| F|  |TAMS 0x0000000085e00000, 0x0000000085e00000| Untracked 
|  95|0x0000000085f00000, 0x0000000085f00000, 0x0000000086000000|  0%| F|  |TAMS 0x0000000085f00000, 0x0000000085f00000| Untracked 
|  96|0x0000000086000000, 0x0000000086000000, 0x0000000086100000|  0%| F|  |TAMS 0x0000000086000000, 0x0000000086000000| Untracked 
|  97|0x0000000086100000, 0x0000000086100000, 0x0000000086200000|  0%| F|  |TAMS 0x0000000086100000, 0x0000000086100000| Untracked 
|  98|0x0000000086200000, 0x0000000086200000, 0x0000000086300000|  0%| F|  |TAMS 0x0000000086200000, 0x0000000086200000| Untracked 
|  99|0x0000000086300000, 0x0000000086300000, 0x0000000086400000|  0%| F|  |TAMS 0x0000000086300000, 0x0000000086300000| Untracked 
| 100|0x0000000086400000, 0x00000000864b02d0, 0x0000000086500000| 68%| S|CS|TAMS 0x0000000086400000, 0x0000000086400000| Complete 
| 101|0x0000000086500000, 0x0000000086600000, 0x0000000086600000|100%| S|CS|TAMS 0x0000000086500000, 0x0000000086500000| Complete 
| 102|0x0000000086600000, 0x0000000086700000, 0x0000000086700000|100%| S|CS|TAMS 0x0000000086600000, 0x0000000086600000| Complete 
| 103|0x0000000086700000, 0x0000000086800000, 0x0000000086800000|100%| S|CS|TAMS 0x0000000086700000, 0x0000000086700000| Complete 
| 104|0x0000000086800000, 0x0000000086800000, 0x0000000086900000|  0%| F|  |TAMS 0x0000000086800000, 0x0000000086800000| Untracked 
| 105|0x0000000086900000, 0x0000000086900000, 0x0000000086a00000|  0%| F|  |TAMS 0x0000000086900000, 0x0000000086900000| Untracked 
| 106|0x0000000086a00000, 0x0000000086a00000, 0x0000000086b00000|  0%| F|  |TAMS 0x0000000086a00000, 0x0000000086a00000| Untracked 
| 107|0x0000000086b00000, 0x0000000086b00000, 0x0000000086c00000|  0%| F|  |TAMS 0x0000000086b00000, 0x0000000086b00000| Untracked 
| 108|0x0000000086c00000, 0x0000000086c00000, 0x0000000086d00000|  0%| F|  |TAMS 0x0000000086c00000, 0x0000000086c00000| Untracked 
| 109|0x0000000086d00000, 0x0000000086d00000, 0x0000000086e00000|  0%| F|  |TAMS 0x0000000086d00000, 0x0000000086d00000| Untracked 
| 110|0x0000000086e00000, 0x0000000086e00000, 0x0000000086f00000|  0%| F|  |TAMS 0x0000000086e00000, 0x0000000086e00000| Untracked 
| 111|0x0000000086f00000, 0x0000000086f00000, 0x0000000087000000|  0%| F|  |TAMS 0x0000000086f00000, 0x0000000086f00000| Untracked 
| 112|0x0000000087000000, 0x0000000087000000, 0x0000000087100000|  0%| F|  |TAMS 0x0000000087000000, 0x0000000087000000| Untracked 
| 113|0x0000000087100000, 0x0000000087100000, 0x0000000087200000|  0%| F|  |TAMS 0x0000000087100000, 0x0000000087100000| Untracked 
| 114|0x0000000087200000, 0x0000000087200000, 0x0000000087300000|  0%| F|  |TAMS 0x0000000087200000, 0x0000000087200000| Untracked 
| 115|0x0000000087300000, 0x0000000087300000, 0x0000000087400000|  0%| F|  |TAMS 0x0000000087300000, 0x0000000087300000| Untracked 
| 116|0x0000000087400000, 0x0000000087400000, 0x0000000087500000|  0%| F|  |TAMS 0x0000000087400000, 0x0000000087400000| Untracked 
| 117|0x0000000087500000, 0x0000000087500000, 0x0000000087600000|  0%| F|  |TAMS 0x0000000087500000, 0x0000000087500000| Untracked 
| 118|0x0000000087600000, 0x0000000087600000, 0x0000000087700000|  0%| F|  |TAMS 0x0000000087600000, 0x0000000087600000| Untracked 
| 119|0x0000000087700000, 0x0000000087700000, 0x0000000087800000|  0%| F|  |TAMS 0x0000000087700000, 0x0000000087700000| Untracked 
| 120|0x0000000087800000, 0x0000000087800000, 0x0000000087900000|  0%| F|  |TAMS 0x0000000087800000, 0x0000000087800000| Untracked 
| 121|0x0000000087900000, 0x0000000087900000, 0x0000000087a00000|  0%| F|  |TAMS 0x0000000087900000, 0x0000000087900000| Untracked 
| 122|0x0000000087a00000, 0x0000000087a00000, 0x0000000087b00000|  0%| F|  |TAMS 0x0000000087a00000, 0x0000000087a00000| Untracked 
| 123|0x0000000087b00000, 0x0000000087b00000, 0x0000000087c00000|  0%| F|  |TAMS 0x0000000087b00000, 0x0000000087b00000| Untracked 
| 124|0x0000000087c00000, 0x0000000087c00000, 0x0000000087d00000|  0%| F|  |TAMS 0x0000000087c00000, 0x0000000087c00000| Untracked 
| 125|0x0000000087d00000, 0x0000000087d00000, 0x0000000087e00000|  0%| F|  |TAMS 0x0000000087d00000, 0x0000000087d00000| Untracked 
| 126|0x0000000087e00000, 0x0000000087e00000, 0x0000000087f00000|  0%| F|  |TAMS 0x0000000087e00000, 0x0000000087e00000| Untracked 
| 127|0x0000000087f00000, 0x0000000087f00000, 0x0000000088000000|  0%| F|  |TAMS 0x0000000087f00000, 0x0000000087f00000| Untracked 
| 128|0x0000000088000000, 0x0000000088000000, 0x0000000088100000|  0%| F|  |TAMS 0x0000000088000000, 0x0000000088000000| Untracked 
| 129|0x0000000088100000, 0x0000000088100000, 0x0000000088200000|  0%| F|  |TAMS 0x0000000088100000, 0x0000000088100000| Untracked 
| 130|0x0000000088200000, 0x0000000088200000, 0x0000000088300000|  0%| F|  |TAMS 0x0000000088200000, 0x0000000088200000| Untracked 
| 131|0x0000000088300000, 0x0000000088300000, 0x0000000088400000|  0%| F|  |TAMS 0x0000000088300000, 0x0000000088300000| Untracked 
| 132|0x0000000088400000, 0x0000000088400000, 0x0000000088500000|  0%| F|  |TAMS 0x0000000088400000, 0x0000000088400000| Untracked 
| 133|0x0000000088500000, 0x0000000088500000, 0x0000000088600000|  0%| F|  |TAMS 0x0000000088500000, 0x0000000088500000| Untracked 
| 134|0x0000000088600000, 0x0000000088600000, 0x0000000088700000|  0%| F|  |TAMS 0x0000000088600000, 0x0000000088600000| Untracked 
| 135|0x0000000088700000, 0x0000000088700000, 0x0000000088800000|  0%| F|  |TAMS 0x0000000088700000, 0x0000000088700000| Untracked 
| 136|0x0000000088800000, 0x0000000088800000, 0x0000000088900000|  0%| F|  |TAMS 0x0000000088800000, 0x0000000088800000| Untracked 
| 137|0x0000000088900000, 0x0000000088900000, 0x0000000088a00000|  0%| F|  |TAMS 0x0000000088900000, 0x0000000088900000| Untracked 
| 138|0x0000000088a00000, 0x0000000088a00000, 0x0000000088b00000|  0%| F|  |TAMS 0x0000000088a00000, 0x0000000088a00000| Untracked 
| 139|0x0000000088b00000, 0x0000000088b00000, 0x0000000088c00000|  0%| F|  |TAMS 0x0000000088b00000, 0x0000000088b00000| Untracked 
| 140|0x0000000088c00000, 0x0000000088c00000, 0x0000000088d00000|  0%| F|  |TAMS 0x0000000088c00000, 0x0000000088c00000| Untracked 
| 141|0x0000000088d00000, 0x0000000088d00000, 0x0000000088e00000|  0%| F|  |TAMS 0x0000000088d00000, 0x0000000088d00000| Untracked 
| 142|0x0000000088e00000, 0x0000000088e00000, 0x0000000088f00000|  0%| F|  |TAMS 0x0000000088e00000, 0x0000000088e00000| Untracked 
| 143|0x0000000088f00000, 0x0000000088f00000, 0x0000000089000000|  0%| F|  |TAMS 0x0000000088f00000, 0x0000000088f00000| Untracked 
| 144|0x0000000089000000, 0x0000000089000000, 0x0000000089100000|  0%| F|  |TAMS 0x0000000089000000, 0x0000000089000000| Untracked 
| 145|0x0000000089100000, 0x0000000089100000, 0x0000000089200000|  0%| F|  |TAMS 0x0000000089100000, 0x0000000089100000| Untracked 
| 146|0x0000000089200000, 0x0000000089200000, 0x0000000089300000|  0%| F|  |TAMS 0x0000000089200000, 0x0000000089200000| Untracked 
| 147|0x0000000089300000, 0x0000000089300000, 0x0000000089400000|  0%| F|  |TAMS 0x0000000089300000, 0x0000000089300000| Untracked 
| 148|0x0000000089400000, 0x0000000089400000, 0x0000000089500000|  0%| F|  |TAMS 0x0000000089400000, 0x0000000089400000| Untracked 
| 149|0x0000000089500000, 0x0000000089500000, 0x0000000089600000|  0%| F|  |TAMS 0x0000000089500000, 0x0000000089500000| Untracked 
| 150|0x0000000089600000, 0x0000000089600000, 0x0000000089700000|  0%| F|  |TAMS 0x0000000089600000, 0x0000000089600000| Untracked 
| 151|0x0000000089700000, 0x0000000089700000, 0x0000000089800000|  0%| F|  |TAMS 0x0000000089700000, 0x0000000089700000| Untracked 
| 152|0x0000000089800000, 0x0000000089800000, 0x0000000089900000|  0%| F|  |TAMS 0x0000000089800000, 0x0000000089800000| Untracked 
| 153|0x0000000089900000, 0x0000000089900000, 0x0000000089a00000|  0%| F|  |TAMS 0x0000000089900000, 0x0000000089900000| Untracked 
| 154|0x0000000089a00000, 0x0000000089a00000, 0x0000000089b00000|  0%| F|  |TAMS 0x0000000089a00000, 0x0000000089a00000| Untracked 
| 155|0x0000000089b00000, 0x0000000089b00000, 0x0000000089c00000|  0%| F|  |TAMS 0x0000000089b00000, 0x0000000089b00000| Untracked 
| 156|0x0000000089c00000, 0x0000000089c00000, 0x0000000089d00000|  0%| F|  |TAMS 0x0000000089c00000, 0x0000000089c00000| Untracked 
| 157|0x0000000089d00000, 0x0000000089d00000, 0x0000000089e00000|  0%| F|  |TAMS 0x0000000089d00000, 0x0000000089d00000| Untracked 
| 158|0x0000000089e00000, 0x0000000089e00000, 0x0000000089f00000|  0%| F|  |TAMS 0x0000000089e00000, 0x0000000089e00000| Untracked 
| 159|0x0000000089f00000, 0x0000000089f00000, 0x000000008a000000|  0%| F|  |TAMS 0x0000000089f00000, 0x0000000089f00000| Untracked 
| 160|0x000000008a000000, 0x000000008a000000, 0x000000008a100000|  0%| F|  |TAMS 0x000000008a000000, 0x000000008a000000| Untracked 
| 161|0x000000008a100000, 0x000000008a100000, 0x000000008a200000|  0%| F|  |TAMS 0x000000008a100000, 0x000000008a100000| Untracked 
| 162|0x000000008a200000, 0x000000008a200000, 0x000000008a300000|  0%| F|  |TAMS 0x000000008a200000, 0x000000008a200000| Untracked 
| 163|0x000000008a300000, 0x000000008a300000, 0x000000008a400000|  0%| F|  |TAMS 0x000000008a300000, 0x000000008a300000| Untracked 
| 164|0x000000008a400000, 0x000000008a400000, 0x000000008a500000|  0%| F|  |TAMS 0x000000008a400000, 0x000000008a400000| Untracked 
| 165|0x000000008a500000, 0x000000008a500000, 0x000000008a600000|  0%| F|  |TAMS 0x000000008a500000, 0x000000008a500000| Untracked 
| 166|0x000000008a600000, 0x000000008a600000, 0x000000008a700000|  0%| F|  |TAMS 0x000000008a600000, 0x000000008a600000| Untracked 
| 167|0x000000008a700000, 0x000000008a700000, 0x000000008a800000|  0%| F|  |TAMS 0x000000008a700000, 0x000000008a700000| Untracked 
| 168|0x000000008a800000, 0x000000008a800000, 0x000000008a900000|  0%| F|  |TAMS 0x000000008a800000, 0x000000008a800000| Untracked 
| 169|0x000000008a900000, 0x000000008a900000, 0x000000008aa00000|  0%| F|  |TAMS 0x000000008a900000, 0x000000008a900000| Untracked 
| 170|0x000000008aa00000, 0x000000008aa00000, 0x000000008ab00000|  0%| F|  |TAMS 0x000000008aa00000, 0x000000008aa00000| Untracked 
| 171|0x000000008ab00000, 0x000000008ab00000, 0x000000008ac00000|  0%| F|  |TAMS 0x000000008ab00000, 0x000000008ab00000| Untracked 
| 172|0x000000008ac00000, 0x000000008ac00000, 0x000000008ad00000|  0%| F|  |TAMS 0x000000008ac00000, 0x000000008ac00000| Untracked 
| 173|0x000000008ad00000, 0x000000008ad00000, 0x000000008ae00000|  0%| F|  |TAMS 0x000000008ad00000, 0x000000008ad00000| Untracked 
| 174|0x000000008ae00000, 0x000000008ae00000, 0x000000008af00000|  0%| F|  |TAMS 0x000000008ae00000, 0x000000008ae00000| Untracked 
| 175|0x000000008af00000, 0x000000008af00000, 0x000000008b000000|  0%| F|  |TAMS 0x000000008af00000, 0x000000008af00000| Untracked 
| 176|0x000000008b000000, 0x000000008b000000, 0x000000008b100000|  0%| F|  |TAMS 0x000000008b000000, 0x000000008b000000| Untracked 
| 177|0x000000008b100000, 0x000000008b100000, 0x000000008b200000|  0%| F|  |TAMS 0x000000008b100000, 0x000000008b100000| Untracked 
| 178|0x000000008b200000, 0x000000008b200000, 0x000000008b300000|  0%| F|  |TAMS 0x000000008b200000, 0x000000008b200000| Untracked 
| 179|0x000000008b300000, 0x000000008b300000, 0x000000008b400000|  0%| F|  |TAMS 0x000000008b300000, 0x000000008b300000| Untracked 
| 180|0x000000008b400000, 0x000000008b400000, 0x000000008b500000|  0%| F|  |TAMS 0x000000008b400000, 0x000000008b400000| Untracked 
| 181|0x000000008b500000, 0x000000008b500000, 0x000000008b600000|  0%| F|  |TAMS 0x000000008b500000, 0x000000008b500000| Untracked 
| 182|0x000000008b600000, 0x000000008b600000, 0x000000008b700000|  0%| F|  |TAMS 0x000000008b600000, 0x000000008b600000| Untracked 
| 183|0x000000008b700000, 0x000000008b700000, 0x000000008b800000|  0%| F|  |TAMS 0x000000008b700000, 0x000000008b700000| Untracked 
| 184|0x000000008b800000, 0x000000008b800000, 0x000000008b900000|  0%| F|  |TAMS 0x000000008b800000, 0x000000008b800000| Untracked 
| 185|0x000000008b900000, 0x000000008b900000, 0x000000008ba00000|  0%| F|  |TAMS 0x000000008b900000, 0x000000008b900000| Untracked 
| 186|0x000000008ba00000, 0x000000008ba00000, 0x000000008bb00000|  0%| F|  |TAMS 0x000000008ba00000, 0x000000008ba00000| Untracked 
| 187|0x000000008bb00000, 0x000000008bb00000, 0x000000008bc00000|  0%| F|  |TAMS 0x000000008bb00000, 0x000000008bb00000| Untracked 
| 188|0x000000008bc00000, 0x000000008bc00000, 0x000000008bd00000|  0%| F|  |TAMS 0x000000008bc00000, 0x000000008bc00000| Untracked 
| 189|0x000000008bd00000, 0x000000008bd00000, 0x000000008be00000|  0%| F|  |TAMS 0x000000008bd00000, 0x000000008bd00000| Untracked 
| 190|0x000000008be00000, 0x000000008be00000, 0x000000008bf00000|  0%| F|  |TAMS 0x000000008be00000, 0x000000008be00000| Untracked 
| 191|0x000000008bf00000, 0x000000008bf00000, 0x000000008c000000|  0%| F|  |TAMS 0x000000008bf00000, 0x000000008bf00000| Untracked 

Card table byte_map: [0x00000198d1ec0000,0x00000198d22c0000] _byte_map_base: 0x00000198d1ac0000

Marking Bits (Prev, Next): (CMBitMap*) 0x00000198bb1ecfb0, (CMBitMap*) 0x00000198bb1ecf70
 Prev Bits: [0x00000198d46c0000, 0x00000198d66c0000)
 Next Bits: [0x00000198d26c0000, 0x00000198d46c0000)

Polling page: 0x00000198b9300000

Metaspace:

Usage:
  Non-class:     65.58 MB used.
      Class:     10.40 MB used.
       Both:     75.98 MB used.

Virtual space:
  Non-class space:      128.00 MB reserved,      66.56 MB ( 52%) committed,  2 nodes.
      Class space:      412.00 MB reserved,      11.44 MB (  3%) committed,  1 nodes.
             Both:      540.00 MB reserved,      78.00 MB ( 14%) committed. 

Chunk freelists:
   Non-Class:  1.23 MB
       Class:  579.00 KB
        Both:  1.80 MB

MaxMetaspaceSize: 512.00 MB
CompressedClassSpaceSize: 412.00 MB
Initial GC threshold: 21.00 MB
Current GC threshold: 124.81 MB
CDS: on
MetaspaceReclaimPolicy: balanced
 - commit_granule_bytes: 65536.
 - commit_granule_words: 8192.
 - virtual_space_node_default_size: 8388608.
 - enlarge_chunks_in_place: 1.
 - new_chunks_are_fully_committed: 0.
 - uncommit_free_chunks: 1.
 - use_allocation_guard: 0.


Internal statistics:

num_allocs_failed_limit: 6.
num_arena_births: 3586.
num_arena_deaths: 0.
num_vsnodes_births: 3.
num_vsnodes_deaths: 0.
num_space_committed: 1248.
num_space_uncommitted: 0.
num_chunks_returned_to_freelist: 6.
num_chunks_taken_from_freelist: 7196.
num_chunk_merges: 6.
num_chunk_splits: 4698.
num_chunks_enlarged: 2967.
num_inconsistent_stats: 0.

CodeHeap 'non-profiled nmethods': size=120000Kb used=4470Kb max_used=4470Kb free=115529Kb
 bounds [0x00000198ca590000, 0x00000198caa10000, 0x00000198d1ac0000]
CodeHeap 'profiled nmethods': size=120000Kb used=16759Kb max_used=17816Kb free=103240Kb
 bounds [0x00000198c3060000, 0x00000198c41d0000, 0x00000198ca590000]
CodeHeap 'non-nmethods': size=5760Kb used=2401Kb max_used=2452Kb free=3358Kb
 bounds [0x00000198c2ac0000, 0x00000198c2d40000, 0x00000198c3060000]
 total_blobs=9612 nmethods=8686 adapters=838
 compilation: enabled
              stopped_count=0, restarted_count=0
 full_count=0

Compilation events (20 events):
Event: 168.532 Thread 0x00000198d8b5f240 10160       4       org.gradle.internal.reflect.MutablePropertyDetails::getGetters (8 bytes)
Event: 168.565 Thread 0x00000198d8b5f240 nmethod 10160 0x00000198ca7f5510 code [0x00000198ca7f56a0, 0x00000198ca7f5938]
Event: 168.565 Thread 0x00000198d8b5f240 10166       4       java.net.URLClassLoader::getAndVerifyPackage (109 bytes)
Event: 168.568 Thread 0x00000198d8b5f240 nmethod 10166 0x00000198ca7f5010 code [0x00000198ca7f51a0, 0x00000198ca7f52f8]
Event: 168.572 Thread 0x00000198d8b88a60 10167       3       kotlin.SynchronizedLazyImpl::<init> (34 bytes)
Event: 168.573 Thread 0x00000198d8b88a60 nmethod 10167 0x00000198c31f6290 code [0x00000198c31f64c0, 0x00000198c31f6c38]
Event: 168.592 Thread 0x00000198d8b5f240 10168       4       java.lang.StringConcatHelper::mix (27 bytes)
Event: 168.592 Thread 0x00000198d8b5f240 nmethod 10168 0x00000198ca5f3510 code [0x00000198ca5f3680, 0x00000198ca5f3738]
Event: 168.592 Thread 0x00000198d8b88a60 10169   !   3       org.slf4j.LoggerFactory::getILoggerFactory (103 bytes)
Event: 168.593 Thread 0x00000198d8b88a60 nmethod 10169 0x00000198c3a00e10 code [0x00000198c3a01040, 0x00000198c3a01718]
Event: 168.596 Thread 0x00000198d8b5f240 10170 %     4       org.objectweb.asm.ByteVector::encodeUtf8 @ 12 (337 bytes)
Event: 168.596 Thread 0x00000198d8b88a60 10171       3       org.gradle.internal.instantiation.generator.AsmBackedClassGenerator$ClassBuilderImpl::visitArrayElements (227 bytes)
Event: 168.597 Thread 0x00000198d8b88a60 nmethod 10171 0x00000198c3331b10 code [0x00000198c3331e40, 0x00000198c3332f28]
Event: 168.598 Thread 0x00000198d8b88a60 10173   !   3       jdk.proxy2.$Proxy1::value (29 bytes)
Event: 168.598 Thread 0x00000198d8b88a60 nmethod 10173 0x00000198c31f5a10 code [0x00000198c31f5be0, 0x00000198c31f5fd8]
Event: 168.604 Thread 0x00000198d8b88a60 10174       1       com.android.build.gradle.internal.services.ProjectServices::getObjectFactory (5 bytes)
Event: 168.604 Thread 0x00000198d8b88a60 nmethod 10174 0x00000198ca7f4d10 code [0x00000198ca7f4ea0, 0x00000198ca7f4f78]
Event: 168.606 Thread 0x00000198d8b5f240 nmethod 10170% 0x00000198ca7e8110 code [0x00000198ca7e82e0, 0x00000198ca7e8df8]
Event: 168.606 Thread 0x00000198d8b5f240 10172       4       org.objectweb.asm.Label::put (83 bytes)
Event: 168.614 Thread 0x00000198d8b5f240 nmethod 10172 0x00000198ca7e6f90 code [0x00000198ca7e7180, 0x00000198ca7e7a40]

GC Heap History (20 events):
Event: 120.145 GC heap after
{Heap after GC invocations=30 (full 0):
 garbage-first heap   total 102400K, used 61836K [0x0000000080000000, 0x0000000100000000)
  region size 1024K, 3 young (3072K), 3 survivors (3072K)
 Metaspace       used 64812K, committed 66688K, reserved 487424K
  class space    used 9046K, committed 9984K, reserved 421888K
}
Event: 136.008 GC heap before
{Heap before GC invocations=31 (full 0):
 garbage-first heap   total 109568K, used 81292K [0x0000000080000000, 0x0000000100000000)
  region size 1024K, 23 young (23552K), 3 survivors (3072K)
 Metaspace       used 64967K, committed 66944K, reserved 487424K
  class space    used 9056K, committed 10048K, reserved 421888K
}
Event: 136.014 GC heap after
{Heap after GC invocations=32 (full 0):
 garbage-first heap   total 109568K, used 62879K [0x0000000080000000, 0x0000000100000000)
  region size 1024K, 2 young (2048K), 2 survivors (2048K)
 Metaspace       used 64967K, committed 66944K, reserved 487424K
  class space    used 9056K, committed 10048K, reserved 421888K
}
Event: 136.833 GC heap before
{Heap before GC invocations=33 (full 0):
 garbage-first heap   total 116736K, used 88479K [0x0000000080000000, 0x0000000100000000)
  region size 1024K, 26 young (26624K), 2 survivors (2048K)
 Metaspace       used 68208K, committed 70080K, reserved 487424K
  class space    used 9409K, committed 10368K, reserved 421888K
}
Event: 136.836 GC heap after
{Heap after GC invocations=34 (full 0):
 garbage-first heap   total 116736K, used 67583K [0x0000000080000000, 0x0000000100000000)
  region size 1024K, 4 young (4096K), 4 survivors (4096K)
 Metaspace       used 68208K, committed 70080K, reserved 487424K
  class space    used 9409K, committed 10368K, reserved 421888K
}
Event: 136.860 GC heap before
{Heap before GC invocations=34 (full 0):
 garbage-first heap   total 116736K, used 68607K [0x0000000080000000, 0x0000000100000000)
  region size 1024K, 5 young (5120K), 4 survivors (4096K)
 Metaspace       used 68349K, committed 70208K, reserved 487424K
  class space    used 9432K, committed 10368K, reserved 421888K
}
Event: 136.862 GC heap after
{Heap after GC invocations=35 (full 0):
 garbage-first heap   total 116736K, used 67851K [0x0000000080000000, 0x0000000100000000)
  region size 1024K, 1 young (1024K), 1 survivors (1024K)
 Metaspace       used 68349K, committed 70208K, reserved 487424K
  class space    used 9432K, committed 10368K, reserved 421888K
}
Event: 137.457 GC heap before
{Heap before GC invocations=35 (full 0):
 garbage-first heap   total 116736K, used 82187K [0x0000000080000000, 0x0000000100000000)
  region size 1024K, 17 young (17408K), 1 survivors (1024K)
 Metaspace       used 70807K, committed 72768K, reserved 487424K
  class space    used 9707K, committed 10752K, reserved 421888K
}
Event: 137.460 GC heap after
{Heap after GC invocations=36 (full 0):
 garbage-first heap   total 116736K, used 70768K [0x0000000080000000, 0x0000000100000000)
  region size 1024K, 4 young (4096K), 4 survivors (4096K)
 Metaspace       used 70807K, committed 72768K, reserved 487424K
  class space    used 9707K, committed 10752K, reserved 421888K
}
Event: 137.835 GC heap before
{Heap before GC invocations=37 (full 0):
 garbage-first heap   total 145408K, used 101488K [0x0000000080000000, 0x0000000100000000)
  region size 1024K, 27 young (27648K), 4 survivors (4096K)
 Metaspace       used 71914K, committed 73856K, reserved 487424K
  class space    used 9860K, committed 10880K, reserved 421888K
}
Event: 137.840 GC heap after
{Heap after GC invocations=38 (full 0):
 garbage-first heap   total 145408K, used 74358K [0x0000000080000000, 0x0000000100000000)
  region size 1024K, 4 young (4096K), 4 survivors (4096K)
 Metaspace       used 71914K, committed 73856K, reserved 487424K
  class space    used 9860K, committed 10880K, reserved 421888K
}
Event: 137.893 GC heap before
{Heap before GC invocations=38 (full 0):
 garbage-first heap   total 145408K, used 77430K [0x0000000080000000, 0x0000000100000000)
  region size 1024K, 7 young (7168K), 4 survivors (4096K)
 Metaspace       used 72228K, committed 74176K, reserved 487424K
  class space    used 9896K, committed 10944K, reserved 421888K
}
Event: 137.897 GC heap after
{Heap after GC invocations=39 (full 0):
 garbage-first heap   total 145408K, used 73866K [0x0000000080000000, 0x0000000100000000)
  region size 1024K, 1 young (1024K), 1 survivors (1024K)
 Metaspace       used 72228K, committed 74176K, reserved 487424K
  class space    used 9896K, committed 10944K, reserved 421888K
}
Event: 138.697 GC heap before
{Heap before GC invocations=39 (full 0):
 garbage-first heap   total 145408K, used 98442K [0x0000000080000000, 0x0000000100000000)
  region size 1024K, 27 young (27648K), 1 survivors (1024K)
 Metaspace       used 74614K, committed 76544K, reserved 552960K
  class space    used 10175K, committed 11200K, reserved 421888K
}
Event: 138.700 GC heap after
{Heap after GC invocations=40 (full 0):
 garbage-first heap   total 145408K, used 75613K [0x0000000080000000, 0x0000000100000000)
  region size 1024K, 3 young (3072K), 3 survivors (3072K)
 Metaspace       used 74614K, committed 76544K, reserved 552960K
  class space    used 10175K, committed 11200K, reserved 421888K
}
Event: 139.524 GC heap before
{Heap before GC invocations=41 (full 0):
 garbage-first heap   total 145408K, used 114525K [0x0000000080000000, 0x0000000100000000)
  region size 1024K, 40 young (40960K), 3 survivors (3072K)
 Metaspace       used 75910K, committed 77952K, reserved 552960K
  class space    used 10384K, committed 11456K, reserved 421888K
}
Event: 139.530 GC heap after
{Heap after GC invocations=42 (full 0):
 garbage-first heap   total 145408K, used 78357K [0x0000000080000000, 0x0000000100000000)
  region size 1024K, 5 young (5120K), 5 survivors (5120K)
 Metaspace       used 75910K, committed 77952K, reserved 552960K
  class space    used 10384K, committed 11456K, reserved 421888K
}
Event: 139.532 GC heap before
{Heap before GC invocations=42 (full 0):
 garbage-first heap   total 145408K, used 80405K [0x0000000080000000, 0x0000000100000000)
  region size 1024K, 7 young (7168K), 5 survivors (5120K)
 Metaspace       used 75910K, committed 77952K, reserved 552960K
  class space    used 10384K, committed 11456K, reserved 421888K
}
Event: 139.536 GC heap after
{Heap after GC invocations=43 (full 0):
 garbage-first heap   total 145408K, used 78293K [0x0000000080000000, 0x0000000100000000)
  region size 1024K, 1 young (1024K), 1 survivors (1024K)
 Metaspace       used 75910K, committed 77952K, reserved 552960K
  class space    used 10384K, committed 11456K, reserved 421888K
}
Event: 168.649 GC heap before
{Heap before GC invocations=43 (full 0):
 garbage-first heap   total 145408K, used 116181K [0x0000000080000000, 0x0000000100000000)
  region size 1024K, 38 young (38912K), 1 survivors (1024K)
 Metaspace       used 77803K, committed 79872K, reserved 552960K
  class space    used 10649K, committed 11712K, reserved 421888K
}

Deoptimization events (20 events):
Event: 139.572 Thread 0x00000198ddd413f0 DEOPT PACKING pc=0x00000198ca6c3a14 sp=0x00000045b7af6280
Event: 139.572 Thread 0x00000198ddd413f0 DEOPT UNPACKING pc=0x00000198c2b123a3 sp=0x00000045b7af6218 mode 2
Event: 139.573 Thread 0x00000198ddd413f0 Uncommon trap: trap_request=0xffffffc6 fr.pc=0x00000198ca6c3a14 relative=0x00000000000004d4
Event: 139.573 Thread 0x00000198ddd413f0 Uncommon trap: reason=bimorphic_or_optimized_type_check action=maybe_recompile pc=0x00000198ca6c3a14 method=org.codehaus.groovy.util.SingleKeyHashMap.get(Ljava/lang/Object;)Ljava/lang/Object; @ 43 c2
Event: 139.573 Thread 0x00000198ddd413f0 DEOPT PACKING pc=0x00000198ca6c3a14 sp=0x00000045b7af5fc0
Event: 139.573 Thread 0x00000198ddd413f0 DEOPT UNPACKING pc=0x00000198c2b123a3 sp=0x00000045b7af5f58 mode 2
Event: 139.576 Thread 0x00000198ddd413f0 Uncommon trap: trap_request=0xffffffc6 fr.pc=0x00000198ca6c3a14 relative=0x00000000000004d4
Event: 139.576 Thread 0x00000198ddd413f0 Uncommon trap: reason=bimorphic_or_optimized_type_check action=maybe_recompile pc=0x00000198ca6c3a14 method=org.codehaus.groovy.util.SingleKeyHashMap.get(Ljava/lang/Object;)Ljava/lang/Object; @ 43 c2
Event: 139.576 Thread 0x00000198ddd413f0 DEOPT PACKING pc=0x00000198ca6c3a14 sp=0x00000045b7af6270
Event: 139.576 Thread 0x00000198ddd413f0 DEOPT UNPACKING pc=0x00000198c2b123a3 sp=0x00000045b7af6208 mode 2
Event: 139.576 Thread 0x00000198ddd413f0 Uncommon trap: trap_request=0xffffffc6 fr.pc=0x00000198ca6c3a14 relative=0x00000000000004d4
Event: 139.576 Thread 0x00000198ddd413f0 Uncommon trap: reason=bimorphic_or_optimized_type_check action=maybe_recompile pc=0x00000198ca6c3a14 method=org.codehaus.groovy.util.SingleKeyHashMap.get(Ljava/lang/Object;)Ljava/lang/Object; @ 43 c2
Event: 139.576 Thread 0x00000198ddd413f0 DEOPT PACKING pc=0x00000198ca6c3a14 sp=0x00000045b7af5fb0
Event: 139.576 Thread 0x00000198ddd413f0 DEOPT UNPACKING pc=0x00000198c2b123a3 sp=0x00000045b7af5f48 mode 2
Event: 163.149 Thread 0x00000198ddd413f0 Uncommon trap: trap_request=0xffffff45 fr.pc=0x00000198ca78c76c relative=0x00000000000002ec
Event: 163.149 Thread 0x00000198ddd413f0 Uncommon trap: reason=unstable_if action=reinterpret pc=0x00000198ca78c76c method=org.codehaus.groovy.runtime.metaclass.MetaMethodIndex.isOverridden(Lgroovy/lang/MetaMethod;Lgroovy/lang/MetaMethod;)Z @ 33 c2
Event: 163.149 Thread 0x00000198ddd413f0 DEOPT PACKING pc=0x00000198ca78c76c sp=0x00000045b7af4240
Event: 163.149 Thread 0x00000198ddd413f0 DEOPT UNPACKING pc=0x00000198c2b123a3 sp=0x00000045b7af41e0 mode 2
Event: 168.366 Thread 0x00000198ddd413f0 DEOPT PACKING pc=0x00000198c3195c02 sp=0x00000045b7af8dc0
Event: 168.366 Thread 0x00000198ddd413f0 DEOPT UNPACKING pc=0x00000198c2b12b43 sp=0x00000045b7af8280 mode 0

Classes loaded (20 events):
Event: 138.682 Loading class java/util/concurrent/atomic/AtomicLongArray
Event: 138.682 Loading class java/util/concurrent/atomic/AtomicLongArray done
Event: 138.822 Loading class sun/reflect/generics/repository/FieldRepository
Event: 138.823 Loading class sun/reflect/generics/repository/FieldRepository done
Event: 138.836 Loading class jdk/internal/vm/annotation/ForceInline
Event: 138.836 Loading class jdk/internal/vm/annotation/ForceInline done
Event: 138.935 Loading class java/util/regex/Pattern$Caret
Event: 138.936 Loading class java/util/regex/Pattern$Caret done
Event: 139.075 Loading class java/util/regex/Pattern$Pos
Event: 139.075 Loading class java/util/regex/Pattern$Pos done
Event: 139.176 Loading class java/lang/EnumBeanInfo
Event: 139.176 Loading class java/lang/EnumBeanInfo done
Event: 139.176 Loading class java/lang/EnumBeanInfo
Event: 139.176 Loading class java/lang/EnumBeanInfo done
Event: 139.176 Loading class java/lang/EnumCustomizer
Event: 139.176 Loading class java/lang/EnumCustomizer done
Event: 139.177 Loading class java/lang/EnumCustomizer
Event: 139.177 Loading class java/lang/EnumCustomizer done
Event: 139.509 Loading class java/beans/IntrospectionException
Event: 139.509 Loading class java/beans/IntrospectionException done

Classes unloaded (0 events):
No events

Classes redefined (0 events):
No events

Internal exceptions (20 events):
Event: 163.120 Thread 0x00000198ddd413f0 Exception <a 'java/lang/ClassNotFoundException'{0x0000000087b58cf8}: org/gradle/api/DefaultTask_DecoratedBeanInfo> (0x0000000087b58cf8) 
thrown [s\open\src\hotspot\share\classfile\systemDictionary.cpp, line 255]
Event: 163.121 Thread 0x00000198ddd413f0 Exception <a 'java/lang/ClassNotFoundException'{0x0000000087b6b630}: org/gradle/api/DefaultTaskBeanInfo> (0x0000000087b6b630) 
thrown [s\open\src\hotspot\share\classfile\systemDictionary.cpp, line 255]
Event: 163.121 Thread 0x00000198ddd413f0 Exception <a 'java/lang/ClassNotFoundException'{0x0000000087b7ee10}: org/gradle/api/internal/AbstractTaskBeanInfo> (0x0000000087b7ee10) 
thrown [s\open\src\hotspot\share\classfile\systemDictionary.cpp, line 255]
Event: 163.122 Thread 0x00000198ddd413f0 Exception <a 'java/lang/ClassNotFoundException'{0x0000000087b92388}: org/gradle/api/internal/AbstractTaskCustomizer> (0x0000000087b92388) 
thrown [s\open\src\hotspot\share\classfile\systemDictionary.cpp, line 255]
Event: 163.124 Thread 0x00000198ddd413f0 Exception <a 'java/lang/ClassNotFoundException'{0x0000000087bf5478}: org/gradle/api/DefaultTaskCustomizer> (0x0000000087bf5478) 
thrown [s\open\src\hotspot\share\classfile\systemDictionary.cpp, line 255]
Event: 163.126 Thread 0x00000198ddd413f0 Exception <a 'java/lang/ClassNotFoundException'{0x0000000087a64658}: org/gradle/api/DefaultTask_DecoratedCustomizer> (0x0000000087a64658) 
thrown [s\open\src\hotspot\share\classfile\systemDictionary.cpp, line 255]
Event: 163.138 Thread 0x00000198ddd413f0 Exception <a 'java/lang/ClassNotFoundException'{0x0000000087934740}: com/android/build/gradle/internal/api/DefaultAndroidSourceSet_DecoratedBeanInfo> (0x0000000087934740) 
thrown [s\open\src\hotspot\share\classfile\systemDictionary.cpp, line 255]
Event: 163.139 Thread 0x00000198ddd413f0 Exception <a 'java/lang/ClassNotFoundException'{0x0000000087941578}: com/android/build/gradle/internal/api/DefaultAndroidSourceSetBeanInfo> (0x0000000087941578) 
thrown [s\open\src\hotspot\share\classfile\systemDictionary.cpp, line 255]
Event: 163.139 Thread 0x00000198ddd413f0 Exception <a 'java/lang/ClassNotFoundException'{0x000000008794e1c8}: com/android/build/gradle/internal/api/DefaultAndroidSourceSetCustomizer> (0x000000008794e1c8) 
thrown [s\open\src\hotspot\share\classfile\systemDictionary.cpp, line 255]
Event: 163.140 Thread 0x00000198ddd413f0 Exception <a 'java/lang/ClassNotFoundException'{0x00000000879b42c8}: com/android/build/gradle/internal/api/DefaultAndroidSourceSet_DecoratedCustomizer> (0x00000000879b42c8) 
thrown [s\open\src\hotspot\share\classfile\systemDictionary.cpp, line 255]
Event: 163.146 Thread 0x00000198ddd413f0 Exception <a 'java/lang/ClassNotFoundException'{0x0000000087853778}: com/android/build/gradle/internal/api/DefaultAndroidSourceDirectorySetBeanInfo> (0x0000000087853778) 
thrown [s\open\src\hotspot\share\classfile\systemDictionary.cpp, line 255]
Event: 163.146 Thread 0x00000198ddd413f0 Exception <a 'java/lang/ClassNotFoundException'{0x00000000878619a0}: com/android/build/gradle/internal/api/DefaultAndroidSourceDirectorySetCustomizer> (0x00000000878619a0) 
thrown [s\open\src\hotspot\share\classfile\systemDictionary.cpp, line 255]
Event: 163.150 Thread 0x00000198ddd413f0 Exception <a 'java/lang/ClassNotFoundException'{0x000000008777bb10}: com/google/common/collect/SingletonImmutableSetBeanInfo> (0x000000008777bb10) 
thrown [s\open\src\hotspot\share\classfile\systemDictionary.cpp, line 255]
Event: 163.151 Thread 0x00000198ddd413f0 Exception <a 'java/lang/ClassNotFoundException'{0x00000000877896e0}: com/google/common/collect/ImmutableSetBeanInfo> (0x00000000877896e0) 
thrown [s\open\src\hotspot\share\classfile\systemDictionary.cpp, line 255]
Event: 163.151 Thread 0x00000198ddd413f0 Exception <a 'java/lang/ClassNotFoundException'{0x00000000877975d8}: com/google/common/collect/ImmutableCollectionBeanInfo> (0x00000000877975d8) 
thrown [s\open\src\hotspot\share\classfile\systemDictionary.cpp, line 255]
Event: 163.151 Thread 0x00000198ddd413f0 Exception <a 'java/lang/ClassNotFoundException'{0x00000000877a52d8}: com/google/common/collect/ImmutableCollectionCustomizer> (0x00000000877a52d8) 
thrown [s\open\src\hotspot\share\classfile\systemDictionary.cpp, line 255]
Event: 163.155 Thread 0x00000198ddd413f0 Exception <a 'java/lang/ClassNotFoundException'{0x00000000877ef7f0}: com/google/common/collect/ImmutableSetCustomizer> (0x00000000877ef7f0) 
thrown [s\open\src\hotspot\share\classfile\systemDictionary.cpp, line 255]
Event: 163.156 Thread 0x00000198ddd413f0 Exception <a 'java/lang/ClassNotFoundException'{0x0000000087616378}: com/google/common/collect/SingletonImmutableSetCustomizer> (0x0000000087616378) 
thrown [s\open\src\hotspot\share\classfile\systemDictionary.cpp, line 255]
Event: 168.181 Thread 0x00000198ddd413f0 Exception <a 'java/lang/ClassNotFoundException'{0x00000000875eea50}: fonts_94zurp1yhyxq0fmj26gm8pxhzBeanInfo> (0x00000000875eea50) 
thrown [s\open\src\hotspot\share\classfile\systemDictionary.cpp, line 255]
Event: 168.182 Thread 0x00000198ddd413f0 Exception <a 'java/lang/ClassNotFoundException'{0x00000000875f7340}: fonts_94zurp1yhyxq0fmj26gm8pxhzCustomizer> (0x00000000875f7340) 
thrown [s\open\src\hotspot\share\classfile\systemDictionary.cpp, line 255]

VM Operations (20 events):
Event: 138.819 Executing VM operation: G1Concurrent done
Event: 138.862 Executing VM operation: G1Concurrent
Event: 138.862 Executing VM operation: G1Concurrent done
Event: 139.524 Executing VM operation: G1CollectForAllocation
Event: 139.530 Executing VM operation: G1CollectForAllocation done
Event: 139.532 Executing VM operation: G1CollectForAllocation
Event: 139.537 Executing VM operation: G1CollectForAllocation done
Event: 140.543 Executing VM operation: Cleanup
Event: 140.543 Executing VM operation: Cleanup done
Event: 143.574 Executing VM operation: Cleanup
Event: 143.574 Executing VM operation: Cleanup done
Event: 163.765 Executing VM operation: Cleanup
Event: 163.765 Executing VM operation: Cleanup done
Event: 164.779 Executing VM operation: Cleanup
Event: 164.779 Executing VM operation: Cleanup done
Event: 168.212 Executing VM operation: HandshakeAllThreads
Event: 168.212 Executing VM operation: HandshakeAllThreads done
Event: 168.212 Executing VM operation: Cleanup
Event: 168.212 Executing VM operation: Cleanup done
Event: 168.649 Executing VM operation: G1CollectForAllocation

Events (20 events):
Event: 138.623 Thread 0x00000198d8bd1af0 flushing nmethod 0x00000198c4071310
Event: 138.623 Thread 0x00000198d8bd1af0 flushing nmethod 0x00000198c4071c90
Event: 138.623 Thread 0x00000198d8bd1af0 flushing nmethod 0x00000198c4084e10
Event: 138.623 Thread 0x00000198d8bd1af0 flushing nmethod 0x00000198c40b2410
Event: 138.623 Thread 0x00000198d8bd1af0 flushing nmethod 0x00000198c40b3010
Event: 138.623 Thread 0x00000198d8bd1af0 flushing nmethod 0x00000198c40b3810
Event: 138.623 Thread 0x00000198d8bd1af0 flushing nmethod 0x00000198c40bc190
Event: 138.623 Thread 0x00000198d8bd1af0 flushing nmethod 0x00000198c40bcf10
Event: 138.623 Thread 0x00000198d8bd1af0 flushing nmethod 0x00000198c40bd290
Event: 138.623 Thread 0x00000198d8bd1af0 flushing nmethod 0x00000198c40c5f10
Event: 138.623 Thread 0x00000198d8bd1af0 flushing nmethod 0x00000198c40c6490
Event: 138.623 Thread 0x00000198d8bd1af0 flushing nmethod 0x00000198c40c6890
Event: 138.623 Thread 0x00000198d8bd1af0 flushing nmethod 0x00000198c40c9110
Event: 138.623 Thread 0x00000198d8bd1af0 flushing nmethod 0x00000198c40c9790
Event: 138.623 Thread 0x00000198d8bd1af0 flushing nmethod 0x00000198c40d4310
Event: 138.623 Thread 0x00000198d8bd1af0 flushing nmethod 0x00000198c40d4c10
Event: 138.623 Thread 0x00000198d8bd1af0 flushing nmethod 0x00000198c40d5190
Event: 138.623 Thread 0x00000198d8bd1af0 flushing nmethod 0x00000198c40d8710
Event: 138.623 Thread 0x00000198d8bd1af0 flushing nmethod 0x00000198c40da010
Event: 138.623 Thread 0x00000198d8bd1af0 flushing nmethod 0x00000198c40e2290


Dynamic libraries:
0x00007ff65dcd0000 - 0x00007ff65dce0000 	C:\Program Files\Java\jdk-18.0.1.1\bin\java.exe
0x00007ff9a4e10000 - 0x00007ff9a5008000 	C:\WINDOWS\SYSTEM32\ntdll.dll
0x00007ff9a4be0000 - 0x00007ff9a4c9d000 	C:\WINDOWS\System32\KERNEL32.DLL
0x00007ff9a2890000 - 0x00007ff9a2b86000 	C:\WINDOWS\System32\KERNELBASE.dll
0x00007ff9a2540000 - 0x00007ff9a2640000 	C:\WINDOWS\System32\ucrtbase.dll
0x00007ff99df80000 - 0x00007ff99df98000 	C:\Program Files\Java\jdk-18.0.1.1\bin\jli.dll
0x00007ff9a4670000 - 0x00007ff9a4723000 	C:\WINDOWS\System32\ADVAPI32.dll
0x00007ff9a4ae0000 - 0x00007ff9a4b7e000 	C:\WINDOWS\System32\msvcrt.dll
0x00007ff9a4ca0000 - 0x00007ff9a4d3f000 	C:\WINDOWS\System32\sechost.dll
0x00007ff9a35f0000 - 0x00007ff9a3716000 	C:\WINDOWS\System32\RPCRT4.dll
0x00007ff9a2640000 - 0x00007ff9a2667000 	C:\WINDOWS\System32\bcrypt.dll
0x00007ff9a33a0000 - 0x00007ff9a353e000 	C:\WINDOWS\System32\USER32.dll
0x00007ff9a2cc0000 - 0x00007ff9a2ce2000 	C:\WINDOWS\System32\win32u.dll
0x00007ff9a3290000 - 0x00007ff9a32bb000 	C:\WINDOWS\System32\GDI32.dll
0x00007ff9a2670000 - 0x00007ff9a2787000 	C:\WINDOWS\System32\gdi32full.dll
0x00007ff9a2c20000 - 0x00007ff9a2cbd000 	C:\WINDOWS\System32\msvcp_win.dll
0x00007ff997860000 - 0x00007ff99787a000 	C:\Program Files\Java\jdk-18.0.1.1\bin\VCRUNTIME140.dll
0x00007ff98ce20000 - 0x00007ff98d0ba000 	C:\WINDOWS\WinSxS\amd64_microsoft.windows.common-controls_6595b64144ccf1df_6.0.19041.3636_none_60b6a03d71f818d5\COMCTL32.dll
0x00007ff996770000 - 0x00007ff99677a000 	C:\WINDOWS\SYSTEM32\VERSION.dll
0x00007ff9a4630000 - 0x00007ff9a4662000 	C:\WINDOWS\System32\IMM32.DLL
0x00007ff994420000 - 0x00007ff99442c000 	C:\Program Files\Java\jdk-18.0.1.1\bin\vcruntime140_1.dll
0x00007ff974c40000 - 0x00007ff974ccd000 	C:\Program Files\Java\jdk-18.0.1.1\bin\msvcp140.dll
0x00007ff9343f0000 - 0x00007ff935000000 	C:\Program Files\Java\jdk-18.0.1.1\bin\server\jvm.dll
0x00007ff9a4ad0000 - 0x00007ff9a4ad8000 	C:\WINDOWS\System32\PSAPI.DLL
0x00007ff9755c0000 - 0x00007ff9755c9000 	C:\WINDOWS\SYSTEM32\WSOCK32.dll
0x00007ff9a3720000 - 0x00007ff9a378b000 	C:\WINDOWS\System32\WS2_32.dll
0x00007ff992a20000 - 0x00007ff992a47000 	C:\WINDOWS\SYSTEM32\WINMM.dll
0x00007ff9a0360000 - 0x00007ff9a0372000 	C:\WINDOWS\SYSTEM32\kernel.appcore.dll
0x00007ff9755b0000 - 0x00007ff9755ba000 	C:\Program Files\Java\jdk-18.0.1.1\bin\jimage.dll
0x00007ff992c60000 - 0x00007ff992e44000 	C:\WINDOWS\SYSTEM32\DBGHELP.DLL
0x00007ff992950000 - 0x00007ff992984000 	C:\WINDOWS\SYSTEM32\dbgcore.DLL
0x00007ff9a2b90000 - 0x00007ff9a2c12000 	C:\WINDOWS\System32\bcryptPrimitives.dll
0x00007ff975580000 - 0x00007ff9755a5000 	C:\Program Files\Java\jdk-18.0.1.1\bin\java.dll
0x00007ff96e4d0000 - 0x00007ff96e5a6000 	C:\Program Files\Java\jdk-18.0.1.1\bin\jsvml.dll
0x00007ff9a3790000 - 0x00007ff9a3ed5000 	C:\WINDOWS\System32\SHELL32.dll
0x00007ff9a0560000 - 0x00007ff9a0cfc000 	C:\WINDOWS\SYSTEM32\windows.storage.dll
0x00007ff9a2ed0000 - 0x00007ff9a3224000 	C:\WINDOWS\System32\combase.dll
0x00007ff9a1d50000 - 0x00007ff9a1d7e000 	C:\WINDOWS\SYSTEM32\Wldp.dll
0x00007ff9a4550000 - 0x00007ff9a461d000 	C:\WINDOWS\System32\OLEAUT32.dll
0x00007ff9a4730000 - 0x00007ff9a47dd000 	C:\WINDOWS\System32\SHCORE.dll
0x00007ff9a3340000 - 0x00007ff9a3395000 	C:\WINDOWS\System32\shlwapi.dll
0x00007ff9a2400000 - 0x00007ff9a2425000 	C:\WINDOWS\SYSTEM32\profapi.dll
0x00007ff96e4b0000 - 0x00007ff96e4c3000 	C:\Program Files\Java\jdk-18.0.1.1\bin\net.dll
0x00007ff9992d0000 - 0x00007ff9993da000 	C:\WINDOWS\SYSTEM32\WINHTTP.dll
0x00007ff9a1b30000 - 0x00007ff9a1b9a000 	C:\WINDOWS\system32\mswsock.dll
0x00007ff96e490000 - 0x00007ff96e4a6000 	C:\Program Files\Java\jdk-18.0.1.1\bin\nio.dll
0x00007ff96e470000 - 0x00007ff96e488000 	C:\Program Files\Java\jdk-18.0.1.1\bin\zip.dll
0x00007ff975570000 - 0x00007ff975580000 	C:\Program Files\Java\jdk-18.0.1.1\bin\verify.dll
0x00007ff96e440000 - 0x00007ff96e467000 	C:\Users\Shree\.gradle\native\68d5fa5c4cc2d200863cafc0d521ce42e7d3e7ee720ec0a83991735586a16f82\windows-amd64\native-platform.dll
0x00007ff9356a0000 - 0x00007ff9357e4000 	C:\Users\Shree\.gradle\native\e376f236ea51e6404a007f0833ffe2c6e607c4080706a723a18a27aeea778392\windows-amd64\native-platform-file-events.dll
0x00007ff974c30000 - 0x00007ff974c39000 	C:\Program Files\Java\jdk-18.0.1.1\bin\management.dll
0x00007ff96e430000 - 0x00007ff96e43b000 	C:\Program Files\Java\jdk-18.0.1.1\bin\management_ext.dll
0x00007ff9a20a0000 - 0x00007ff9a20b8000 	C:\WINDOWS\SYSTEM32\CRYPTSP.dll
0x00007ff9a1480000 - 0x00007ff9a14b4000 	C:\WINDOWS\system32\rsaenh.dll
0x00007ff9a23c0000 - 0x00007ff9a23ee000 	C:\WINDOWS\SYSTEM32\USERENV.dll
0x00007ff9a1cc0000 - 0x00007ff9a1ccc000 	C:\WINDOWS\SYSTEM32\CRYPTBASE.dll
0x00007ff9a1840000 - 0x00007ff9a187b000 	C:\WINDOWS\SYSTEM32\IPHLPAPI.DLL
0x00007ff9a4910000 - 0x00007ff9a4918000 	C:\WINDOWS\System32\NSI.dll
0x00007ff99b350000 - 0x00007ff99b367000 	C:\WINDOWS\SYSTEM32\dhcpcsvc6.DLL
0x00007ff99bc50000 - 0x00007ff99bc6d000 	C:\WINDOWS\SYSTEM32\dhcpcsvc.DLL
0x00007ff9a1880000 - 0x00007ff9a194b000 	C:\WINDOWS\SYSTEM32\DNSAPI.dll

dbghelp: loaded successfully - version: 4.0.5 - missing functions: none
symbol engine: initialized successfully - sym options: 0x614 - pdb path: .;C:\Program Files\Java\jdk-18.0.1.1\bin;C:\WINDOWS\SYSTEM32;C:\WINDOWS\WinSxS\amd64_microsoft.windows.common-controls_6595b64144ccf1df_6.0.19041.3636_none_60b6a03d71f818d5;C:\Program Files\Java\jdk-18.0.1.1\bin\server;C:\Users\Shree\.gradle\native\68d5fa5c4cc2d200863cafc0d521ce42e7d3e7ee720ec0a83991735586a16f82\windows-amd64;C:\Users\Shree\.gradle\native\e376f236ea51e6404a007f0833ffe2c6e607c4080706a723a18a27aeea778392\windows-amd64

VM Arguments:
jvm_args: -XX:MaxMetaspaceSize=512m --add-opens=java.base/java.util=ALL-UNNAMED --add-opens=java.base/java.lang=ALL-UNNAMED --add-opens=java.base/java.lang.invoke=ALL-UNNAMED --add-opens=java.prefs/java.util.prefs=ALL-UNNAMED --add-opens=java.base/java.nio.charset=ALL-UNNAMED --add-opens=java.base/java.net=ALL-UNNAMED --add-opens=java.base/java.util.concurrent.atomic=ALL-UNNAMED -Xmx2048m -Dfile.encoding=UTF-8 -Duser.country=US -Duser.language=en -Duser.variant 
java_command: org.gradle.launcher.daemon.bootstrap.GradleDaemon 8.0.1
java_class_path (initial): C:\Users\Shree\.gradle\wrapper\dists\gradle-8.0.1-all\aro4hu1c3oeioove7l0i4i14o\gradle-8.0.1\lib\gradle-launcher-8.0.1.jar
Launcher Type: SUN_STANDARD

[Global flags]
     intx CICompilerCount                          = 3                                         {product} {ergonomic}
   size_t CompressedClassSpaceSize                 = 432013312                                 {product} {ergonomic}
     uint ConcGCThreads                            = 1                                         {product} {ergonomic}
     uint G1ConcRefinementThreads                  = 4                                         {product} {ergonomic}
   size_t G1HeapRegionSize                         = 1048576                                   {product} {ergonomic}
    uintx GCDrainStackTargetSize                   = 64                                        {product} {ergonomic}
   size_t InitialHeapSize                          = 201326592                                 {product} {ergonomic}
   size_t MarkStackSize                            = 4194304                                   {product} {ergonomic}
   size_t MaxHeapSize                              = 2147483648                                {product} {command line}
   size_t MaxMetaspaceSize                         = 536870912                                 {product} {command line}
   size_t MaxNewSize                               = 1287651328                                {product} {ergonomic}
   size_t MinHeapDeltaBytes                        = 1048576                                   {product} {ergonomic}
   size_t MinHeapSize                              = 8388608                                   {product} {ergonomic}
    uintx NonNMethodCodeHeapSize                   = 5832780                                {pd product} {ergonomic}
    uintx NonProfiledCodeHeapSize                  = 122912730                              {pd product} {ergonomic}
    uintx ProfiledCodeHeapSize                     = 122912730                              {pd product} {ergonomic}
    uintx ReservedCodeCacheSize                    = 251658240                              {pd product} {ergonomic}
     bool SegmentedCodeCache                       = true                                      {product} {ergonomic}
   size_t SoftMaxHeapSize                          = 2147483648                             {manageable} {ergonomic}
     bool UseCompressedClassPointers               = true                           {product lp64_product} {ergonomic}
     bool UseCompressedOops                        = true                           {product lp64_product} {ergonomic}
     bool UseG1GC                                  = true                                      {product} {ergonomic}
     bool UseLargePagesIndividualAllocation        = false                                  {pd product} {ergonomic}

Logging:
Log output configuration:
 #0: stdout all=warning uptime,level,tags foldmultilines=false
 #1: stderr all=off uptime,level,tags foldmultilines=false

Environment Variables:
JAVA_HOME=C:\Program Files\Java\jdk-18.0.1.1
CLASSPATH=D:\Projects\Panchal_App\android\\gradle\wrapper\gradle-wrapper.jar
PATH=D:\Projects\Panchal_App\node_modules\.bin;D:\Projects\Panchal_App\node_modules\.bin;D:\Projects\node_modules\.bin;D:\node_modules\.bin;C:\Users\Shree\AppData\Roaming\nvm\v18.10.0\node_modules\npm\node_modules\@npmcli\run-script\lib\node-gyp-bin;D:\Projects\Panchal_App\node_modules\.bin;D:\Projects\node_modules\.bin;D:\node_modules\.bin;C:\Users\Shree\AppData\Roaming\nvm\v18.10.0\node_modules\npm\node_modules\@npmcli\run-script\lib\node-gyp-bin;C:\Program Files\Common Files\Oracle\Java\javapath;C:\WINDOWS\system32;C:\WINDOWS;C:\WINDOWS\System32\Wbem;C:\WINDOWS\System32\WindowsPowerShell\v1.0\;C:\WINDOWS\System32\OpenSSH\;C:\Program Files\Java\jdk-18.0.1.1\bin;C:\Program Files\Git\cmd;C:\Users\Shree\AppData\Roaming\nvm;C:\Program Files\nodejs;C:\xampp\php;C:\composer;C:\Program Files\OpenSSL-Win64;C:\Program Files\MongoDB\Server\6.0\bin;C:\Users\Shree\AppData\Local\ngrok\ngrok.yml;C:\Program Files\dotnet\;C:\ProgramData\chocolatey\bin;C:\Users\Shree\AppData\Local\Android\cmdline-tools\latest\bin;C:\Users\Shree\AppData\Local\Microsoft\WindowsApps;C:\Users\Shree\AppData\Roaming\Composer\vendor\bin;C:\Users\Shree\AppData\Local\Programs\Microsoft VS Code\bin;C:\Users\Shree\AppData\Roaming\npm;C:\Users\Shree\AppData\Roaming\nvm;C:\Program Files\nodejs;C:\Program Files\JetBrains\IntelliJ IDEA Community Edition 2023.1\bin;;C:\Users\Shree\.dotnet\tools;C:\Users\Shree\AppData\Local\GitHubDesktop\bin;
USERNAME=Meet
LANG=en_US.UTF-8
OS=Windows_NT
PROCESSOR_IDENTIFIER=Intel64 Family 6 Model 60 Stepping 3, GenuineIntel



---------------  S Y S T E M  ---------------

OS:
 Windows 10 , 64 bit Build 19041 (10.0.19041.3636)
OS uptime: 5 days 1:30 hours
Hyper-V role detected

CPU: total 4 (initial active 4) (4 cores per cpu, 1 threads per core) family 6 model 60 stepping 3 microcode 0x27, cx8, cmov, fxsr, mmx, sse, sse2, sse3, ssse3, sse4.1, sse4.2, popcnt, lzcnt, tsc, tscinvbit, avx, avx2, aes, erms, clmul, bmi1, bmi2, fma, vzeroupper, clflush, hv

Memory: 4k page, system-wide physical 12173M (178M free)
TotalPageFile size 24972M (AvailPageFile size 49M)
current process WorkingSet (physical memory assigned to process): 326M, peak: 370M
current process commit charge ("private bytes"): 428M, peak: 596M

vm_info: Java HotSpot(TM) 64-Bit Server VM (18.0.1.1+2-6) for windows-amd64 JRE (18.0.1.1+2-6), built on Apr 25 2022 21:53:15 by "mach5one" with MS VC++ 16.8 / 16.9 (VS2019)

END.
