#
# There is insufficient memory for the Java Runtime Environment to continue.
# Native memory allocation (malloc) failed to allocate 1192240 bytes for Chunk::new
# Possible reasons:
#   The system is out of physical RAM or swap space
#   The process is running with CompressedOops enabled, and the Java Heap may be blocking the growth of the native heap
# Possible solutions:
#   Reduce memory load on the system
#   Increase physical memory or swap space
#   Check if swap backing store is full
#   Decrease Java heap size (-Xmx/-Xms)
#   Decrease number of Java threads
#   Decrease Java thread stack sizes (-Xss)
#   Set larger code cache with -XX:ReservedCodeCacheSize=
#   JVM is running with Unscaled Compressed Oops mode in which the Java heap is
#     placed in the first 4GB address space. The Java Heap base address is the
#     maximum limit for the native heap growth. Please use -XX:HeapBaseMinAddress
#     to set the Java Heap base and to place the Java Heap above 4GB virtual address.
# This output file may be truncated or incomplete.
#
#  Out of Memory Error (arena.cpp:184), pid=18664, tid=17016
#
# JRE version: Java(TM) SE Runtime Environment (18.0.1.1+2) (build 18.0.1.1+2-6)
# Java VM: Java HotSpot(TM) 64-Bit Server VM (18.0.1.1+2-6, mixed mode, sharing, tiered, compressed oops, compressed class ptrs, g1 gc, windows-amd64)
# No core dump will be written. Minidumps are not enabled by default on client versions of Windows
#

---------------  S U M M A R Y ------------

Command Line: -XX:MaxMetaspaceSize=512m --add-opens=java.base/java.util=ALL-UNNAMED --add-opens=java.base/java.lang=ALL-UNNAMED --add-opens=java.base/java.lang.invoke=ALL-UNNAMED --add-opens=java.prefs/java.util.prefs=ALL-UNNAMED --add-opens=java.base/java.nio.charset=ALL-UNNAMED --add-opens=java.base/java.net=ALL-UNNAMED --add-opens=java.base/java.util.concurrent.atomic=ALL-UNNAMED -Xmx2048m -Dfile.encoding=UTF-8 -Duser.country=US -Duser.language=en -Duser.variant org.gradle.launcher.daemon.bootstrap.GradleDaemon 8.0.1

Host: Intel(R) Core(TM) i5-4590S CPU @ 3.00GHz, 4 cores, 11G,  Windows 10 , 64 bit Build 19041 (10.0.19041.3636)
Time: Tue Feb 27 15:42:39 2024 India Standard Time elapsed time: 359.981479 seconds (0d 0h 5m 59s)

---------------  T H R E A D  ---------------

Current thread (0x000001207efdf5b0):  JavaThread "C2 CompilerThread0" daemon [_thread_in_native, id=17016, stack(0x0000001251900000,0x0000001251a00000)]


Current CompileTask:
C2: 359981 13126       4       java.util.zip.ZipFile$Source::initCEN (591 bytes)

Stack: [0x0000001251900000,0x0000001251a00000]
Native frames: (J=compiled Java code, j=interpreted, Vv=VM code, C=native code)
V  [jvm.dll+0x69887a]
V  [jvm.dll+0x7f38bd]
V  [jvm.dll+0x7f51ce]
V  [jvm.dll+0x7f5883]
V  [jvm.dll+0x25ca3f]
V  [jvm.dll+0xb8c2f]
V  [jvm.dll+0xb8fa5]
V  [jvm.dll+0x385a6b]
V  [jvm.dll+0x34f811]
V  [jvm.dll+0x34ecaa]
V  [jvm.dll+0x22fc21]
V  [jvm.dll+0x22eff1]
V  [jvm.dll+0x1b9cfc]
V  [jvm.dll+0x23e8ca]
V  [jvm.dll+0x23cbb5]
V  [jvm.dll+0x7a5fb1]
V  [jvm.dll+0x7a03ea]
V  [jvm.dll+0x697725]
C  [ucrtbase.dll+0x21bb2]
C  [KERNEL32.DLL+0x17344]
C  [ntdll.dll+0x526b1]


---------------  P R O C E S S  ---------------

Threads class SMR info:
_java_thread_list=0x00000120242791f0, length=86, elements={
0x000001207be6d3f0, 0x000001207efbb350, 0x000001207efbbec0, 0x000001207efd9fa0,
0x000001207efdd870, 0x000001207efde120, 0x000001207efde9d0, 0x000001207efdf5b0,
0x000001207efdfea0, 0x000001207f052740, 0x000001201ec40550, 0x000001201ec42c40,
0x000001201f4d6600, 0x000001201f4d6ad0, 0x000001201f4d4450, 0x000001201f4d4920,
0x000001201f4d5c60, 0x000001201f4d7940, 0x000001201f4d4df0, 0x000001201f4d6fa0,
0x000001201f4d52c0, 0x000001201f4d6130, 0x00000120204867b0, 0x0000012020488490,
0x00000120204862e0, 0x0000012020488e30, 0x0000012020484600, 0x0000012020483790,
0x0000012020484ad0, 0x0000012020484fa0, 0x0000012020487af0, 0x0000012020481f80,
0x0000012020487fc0, 0x0000012020485470, 0x0000012020486c80, 0x0000012020482920,
0x0000012020484130, 0x0000012020481ab0, 0x0000012020482df0, 0x00000120205ee010,
0x00000120205f19d0, 0x00000120205f31e0, 0x00000120205eee80, 0x00000120205ee4e0,
0x00000120205ef820, 0x00000120205f5390, 0x00000120205ee9b0, 0x00000120205efcf0,
0x00000120205f01c0, 0x00000120205f0690, 0x00000120205f0b60, 0x00000120205f2370,
0x00000120205f5860, 0x00000120205f49f0, 0x00000120205f1030, 0x00000120205f4ec0,
0x00000120205f1500, 0x00000120205f2840, 0x00000120205f1ea0, 0x00000120205f2d10,
0x00000120205f36b0, 0x00000120205f3b80, 0x00000120205f4520, 0x00000120202fa690,
0x00000120202f9350, 0x00000120202fd6b0, 0x00000120202feec0, 0x00000120202fb500,
0x00000120202fa1c0, 0x00000120202fe9f0, 0x00000120202fb9d0, 0x00000120202fdb80,
0x00000120202ff860, 0x00000120202f8e80, 0x00000120202ff390, 0x00000120202f9820,
0x00000120202fc370, 0x0000012020300200, 0x00000120202fe520, 0x00000120202f89b0,
0x00000120202fc840, 0x00000120222036c0, 0x0000012022205870, 0x00000120221fe020,
0x0000012022201eb0, 0x00000120222019e0
}

Java Threads: ( => current thread )
  0x000001207be6d3f0 JavaThread "main" [_thread_blocked, id=17972, stack(0x0000001250c00000,0x0000001250d00000)]
  0x000001207efbb350 JavaThread "Reference Handler" daemon [_thread_blocked, id=11424, stack(0x0000001251300000,0x0000001251400000)]
  0x000001207efbbec0 JavaThread "Finalizer" daemon [_thread_blocked, id=10432, stack(0x0000001251400000,0x0000001251500000)]
  0x000001207efd9fa0 JavaThread "Signal Dispatcher" daemon [_thread_blocked, id=19580, stack(0x0000001251500000,0x0000001251600000)]
  0x000001207efdd870 JavaThread "Attach Listener" daemon [_thread_blocked, id=15112, stack(0x0000001251600000,0x0000001251700000)]
  0x000001207efde120 JavaThread "Service Thread" daemon [_thread_blocked, id=6984, stack(0x0000001251700000,0x0000001251800000)]
  0x000001207efde9d0 JavaThread "Monitor Deflation Thread" daemon [_thread_blocked, id=4576, stack(0x0000001251800000,0x0000001251900000)]
=>0x000001207efdf5b0 JavaThread "C2 CompilerThread0" daemon [_thread_in_native, id=17016, stack(0x0000001251900000,0x0000001251a00000)]
  0x000001207efdfea0 JavaThread "C1 CompilerThread0" daemon [_thread_blocked, id=7552, stack(0x0000001251a00000,0x0000001251b00000)]
  0x000001207f052740 JavaThread "Sweeper thread" daemon [_thread_blocked, id=10244, stack(0x0000001251b00000,0x0000001251c00000)]
  0x000001201ec40550 JavaThread "Common-Cleaner" daemon [_thread_blocked, id=11848, stack(0x0000001251c00000,0x0000001251d00000)]
  0x000001201ec42c40 JavaThread "Notification Thread" daemon [_thread_blocked, id=4504, stack(0x0000001251d00000,0x0000001251e00000)]
  0x000001201f4d6600 JavaThread "Daemon health stats" [_thread_blocked, id=20500, stack(0x0000001252200000,0x0000001252300000)]
  0x000001201f4d6ad0 JavaThread "Incoming local TCP Connector on port 65039" [_thread_in_native, id=20892, stack(0x0000001252300000,0x0000001252400000)]
  0x000001201f4d4450 JavaThread "Daemon" [_thread_blocked, id=20904, stack(0x0000001252400000,0x0000001252500000)]
  0x000001201f4d4920 JavaThread "Daemon periodic checks" [_thread_blocked, id=20908, stack(0x0000001252500000,0x0000001252600000)]
  0x000001201f4d5c60 JavaThread "Handler for socket connection from /127.0.0.1:65039 to /127.0.0.1:65040" [_thread_in_native, id=20916, stack(0x0000001252600000,0x0000001252700000)]
  0x000001201f4d7940 JavaThread "Cancel handler" [_thread_blocked, id=20920, stack(0x0000001252700000,0x0000001252800000)]
  0x000001201f4d4df0 JavaThread "Daemon worker" [_thread_blocked, id=20924, stack(0x0000001252800000,0x0000001252900000)]
  0x000001201f4d6fa0 JavaThread "Asynchronous log dispatcher for DefaultDaemonConnection: socket connection from /127.0.0.1:65039 to /127.0.0.1:65040" [_thread_blocked, id=20944, stack(0x0000001252900000,0x0000001252a00000)]
  0x000001201f4d52c0 JavaThread "Daemon client event forwarder" [_thread_blocked, id=20952, stack(0x0000001252b00000,0x0000001252c00000)]
  0x000001201f4d6130 JavaThread "Cache worker for journal cache (C:\Users\Shree\.gradle\caches\journal-1)" [_thread_blocked, id=21004, stack(0x0000001252c00000,0x0000001252d00000)]
  0x00000120204867b0 JavaThread "File lock request listener" [_thread_in_native, id=21012, stack(0x0000001252d00000,0x0000001252e00000)]
  0x0000012020488490 JavaThread "Cache worker for file hash cache (C:\Users\Shree\.gradle\caches\8.0.1\fileHashes)" [_thread_blocked, id=21096, stack(0x0000001252f00000,0x0000001253000000)]
  0x00000120204862e0 JavaThread "File watcher server" daemon [_thread_in_native, id=21344, stack(0x0000001253000000,0x0000001253100000)]
  0x0000012020488e30 JavaThread "File watcher consumer" daemon [_thread_blocked, id=21364, stack(0x0000001253100000,0x0000001253200000)]
  0x0000012020484600 JavaThread "Cache worker for checksums cache (D:\Projects\Panchal_App\android\.gradle\8.0.1\checksums)" [_thread_blocked, id=21480, stack(0x0000001253200000,0x0000001253300000)]
  0x0000012020483790 JavaThread "Cache worker for cache directory md-rule (C:\Users\Shree\.gradle\caches\8.0.1\md-rule)" [_thread_blocked, id=18012, stack(0x0000001253300000,0x0000001253400000)]
  0x0000012020484ad0 JavaThread "Cache worker for file content cache (C:\Users\Shree\.gradle\caches\8.0.1\fileContent)" [_thread_blocked, id=13052, stack(0x0000001253400000,0x0000001253500000)]
  0x0000012020484fa0 JavaThread "Cache worker for file hash cache (D:\Projects\Panchal_App\android\.gradle\8.0.1\fileHashes)" [_thread_blocked, id=15924, stack(0x0000001253500000,0x0000001253600000)]
  0x0000012020487af0 JavaThread "Cache worker for cache directory md-supplier (C:\Users\Shree\.gradle\caches\8.0.1\md-supplier)" [_thread_blocked, id=1604, stack(0x0000001253600000,0x0000001253700000)]
  0x0000012020481f80 JavaThread "Cache worker for execution history cache (C:\Users\Shree\.gradle\caches\8.0.1\executionHistory)" [_thread_blocked, id=20736, stack(0x0000001253700000,0x0000001253800000)]
  0x0000012020487fc0 JavaThread "jar transforms" [_thread_blocked, id=18864, stack(0x0000001253800000,0x0000001253900000)]
  0x0000012020485470 JavaThread "jar transforms Thread 2" [_thread_blocked, id=15200, stack(0x0000001253900000,0x0000001253a00000)]
  0x0000012020486c80 JavaThread "jar transforms Thread 3" [_thread_blocked, id=4940, stack(0x0000001253a00000,0x0000001253b00000)]
  0x0000012020482920 JavaThread "jar transforms Thread 4" [_thread_blocked, id=13396, stack(0x0000001253c00000,0x0000001253d00000)]
  0x0000012020484130 JavaThread "Cache worker for kotlin-dsl (C:\Users\Shree\.gradle\caches\8.0.1\kotlin-dsl)" [_thread_blocked, id=22036, stack(0x0000001250a00000,0x0000001250b00000)]
  0x0000012020481ab0 JavaThread "Cache worker for dependencies-accessors (D:\Projects\Panchal_App\android\.gradle\8.0.1\dependencies-accessors)" [_thread_blocked, id=13588, stack(0x0000001250b00000,0x0000001250c00000)]
  0x0000012020482df0 JavaThread "Cache worker for Build Output Cleanup Cache (D:\Projects\Panchal_App\node_modules\@react-native\gradle-plugin\.gradle\buildOutputCleanup)" [_thread_blocked, id=22576, stack(0x0000001252a00000,0x0000001252b00000)]
  0x00000120205ee010 JavaThread "Unconstrained build operations" [_thread_blocked, id=23360, stack(0x0000001253e00000,0x0000001253f00000)]
  0x00000120205f19d0 JavaThread "Unconstrained build operations Thread 2" [_thread_blocked, id=23364, stack(0x0000001253f00000,0x0000001254000000)]
  0x00000120205f31e0 JavaThread "Unconstrained build operations Thread 3" [_thread_blocked, id=23368, stack(0x0000001254000000,0x0000001254100000)]
  0x00000120205eee80 JavaThread "Unconstrained build operations Thread 4" [_thread_blocked, id=23372, stack(0x0000001254100000,0x0000001254200000)]
  0x00000120205ee4e0 JavaThread "Unconstrained build operations Thread 5" [_thread_blocked, id=23376, stack(0x0000001254200000,0x0000001254300000)]
  0x00000120205ef820 JavaThread "Unconstrained build operations Thread 6" [_thread_blocked, id=23380, stack(0x0000001254300000,0x0000001254400000)]
  0x00000120205f5390 JavaThread "Unconstrained build operations Thread 7" [_thread_blocked, id=23384, stack(0x0000001254400000,0x0000001254500000)]
  0x00000120205ee9b0 JavaThread "Unconstrained build operations Thread 8" [_thread_blocked, id=23388, stack(0x0000001254500000,0x0000001254600000)]
  0x00000120205efcf0 JavaThread "Unconstrained build operations Thread 9" [_thread_blocked, id=23392, stack(0x0000001254600000,0x0000001254700000)]
  0x00000120205f01c0 JavaThread "Unconstrained build operations Thread 10" [_thread_blocked, id=23396, stack(0x0000001254700000,0x0000001254800000)]
  0x00000120205f0690 JavaThread "Unconstrained build operations Thread 11" [_thread_blocked, id=23400, stack(0x0000001254800000,0x0000001254900000)]
  0x00000120205f0b60 JavaThread "Unconstrained build operations Thread 12" [_thread_blocked, id=23404, stack(0x0000001254900000,0x0000001254a00000)]
  0x00000120205f2370 JavaThread "Unconstrained build operations Thread 13" [_thread_blocked, id=23408, stack(0x0000001254a00000,0x0000001254b00000)]
  0x00000120205f5860 JavaThread "Unconstrained build operations Thread 14" [_thread_blocked, id=23412, stack(0x0000001254b00000,0x0000001254c00000)]
  0x00000120205f49f0 JavaThread "Unconstrained build operations Thread 15" [_thread_blocked, id=23416, stack(0x0000001254c00000,0x0000001254d00000)]
  0x00000120205f1030 JavaThread "Unconstrained build operations Thread 16" [_thread_blocked, id=23420, stack(0x0000001254d00000,0x0000001254e00000)]
  0x00000120205f4ec0 JavaThread "Unconstrained build operations Thread 17" [_thread_blocked, id=23424, stack(0x0000001254e00000,0x0000001254f00000)]
  0x00000120205f1500 JavaThread "Unconstrained build operations Thread 18" [_thread_blocked, id=23428, stack(0x0000001254f00000,0x0000001255000000)]
  0x00000120205f2840 JavaThread "Unconstrained build operations Thread 19" [_thread_blocked, id=23432, stack(0x0000001255000000,0x0000001255100000)]
  0x00000120205f1ea0 JavaThread "Unconstrained build operations Thread 20" [_thread_blocked, id=23436, stack(0x0000001255100000,0x0000001255200000)]
  0x00000120205f2d10 JavaThread "Unconstrained build operations Thread 21" [_thread_blocked, id=23440, stack(0x0000001255200000,0x0000001255300000)]
  0x00000120205f36b0 JavaThread "Unconstrained build operations Thread 22" [_thread_blocked, id=23444, stack(0x0000001255300000,0x0000001255400000)]
  0x00000120205f3b80 JavaThread "Unconstrained build operations Thread 23" [_thread_blocked, id=23448, stack(0x0000001255400000,0x0000001255500000)]
  0x00000120205f4520 JavaThread "Unconstrained build operations Thread 24" [_thread_blocked, id=23452, stack(0x0000001255500000,0x0000001255600000)]
  0x00000120202fa690 JavaThread "Unconstrained build operations Thread 25" [_thread_blocked, id=23456, stack(0x0000001255600000,0x0000001255700000)]
  0x00000120202f9350 JavaThread "Unconstrained build operations Thread 26" [_thread_blocked, id=23460, stack(0x0000001255700000,0x0000001255800000)]
  0x00000120202fd6b0 JavaThread "Memory manager" [_thread_blocked, id=21880, stack(0x0000001255800000,0x0000001255900000)]
  0x00000120202feec0 JavaThread "Cache worker for Build Output Cleanup Cache (D:\Projects\Panchal_App\android\.gradle\buildOutputCleanup)" [_thread_blocked, id=22568, stack(0x0000001253b00000,0x0000001253c00000)]
  0x00000120202fb500 JavaThread "Execution worker" [_thread_blocked, id=23820, stack(0x0000001255a00000,0x0000001255b00000)]
  0x00000120202fa1c0 JavaThread "Execution worker Thread 2" [_thread_blocked, id=23824, stack(0x0000001255b00000,0x0000001255c00000)]
  0x00000120202fe9f0 JavaThread "Execution worker Thread 3" [_thread_blocked, id=23828, stack(0x0000001255c00000,0x0000001255d00000)]
  0x00000120202fb9d0 JavaThread "Cache worker for execution history cache (D:\Projects\Panchal_App\node_modules\@react-native\gradle-plugin\.gradle\8.0.1\executionHistory)" [_thread_blocked, id=23836, stack(0x0000001255d00000,0x0000001255e00000)]
  0x00000120202fdb80 JavaThread "Unconstrained build operations Thread 27" [_thread_blocked, id=23944, stack(0x0000001255e00000,0x0000001255f00000)]
  0x00000120202ff860 JavaThread "Unconstrained build operations Thread 28" [_thread_blocked, id=23948, stack(0x0000001255f00000,0x0000001256000000)]
  0x00000120202f8e80 JavaThread "Unconstrained build operations Thread 29" [_thread_blocked, id=23952, stack(0x0000001256000000,0x0000001256100000)]
  0x00000120202ff390 JavaThread "Unconstrained build operations Thread 30" [_thread_blocked, id=24004, stack(0x0000001256100000,0x0000001256200000)]
  0x00000120202f9820 JavaThread "File lock release action executor Thread 2" [_thread_blocked, id=24044, stack(0x0000001256200000,0x0000001256300000)]
  0x00000120202fc370 JavaThread "Unconstrained build operations Thread 31" [_thread_blocked, id=24048, stack(0x0000001256300000,0x0000001256400000)]
  0x0000012020300200 JavaThread "Unconstrained build operations Thread 32" [_thread_blocked, id=24052, stack(0x0000001256400000,0x0000001256500000)]
  0x00000120202fe520 JavaThread "Unconstrained build operations Thread 33" [_thread_blocked, id=24056, stack(0x0000001256500000,0x0000001256600000)]
  0x00000120202f89b0 JavaThread "Unconstrained build operations Thread 34" [_thread_blocked, id=24060, stack(0x0000001256600000,0x0000001256700000)]
  0x00000120202fc840 JavaThread "Unconstrained build operations Thread 35" [_thread_blocked, id=24064, stack(0x0000001256700000,0x0000001256800000)]
  0x00000120222036c0 JavaThread "Unconstrained build operations Thread 36" [_thread_blocked, id=24068, stack(0x0000001256800000,0x0000001256900000)]
  0x0000012022205870 JavaThread "Unconstrained build operations Thread 37" [_thread_blocked, id=24072, stack(0x0000001256900000,0x0000001256a00000)]
  0x00000120221fe020 JavaThread "Unconstrained build operations Thread 38" [_thread_blocked, id=24076, stack(0x0000001256a00000,0x0000001256b00000)]
  0x0000012022201eb0 JavaThread "Unconstrained build operations Thread 39" [_thread_blocked, id=24080, stack(0x0000001256b00000,0x0000001256c00000)]
  0x00000120222019e0 JavaThread "Unconstrained build operations Thread 40" [_thread_blocked, id=24084, stack(0x0000001256c00000,0x0000001256d00000)]

Other Threads:
  0x000001207efb8020 VMThread "VM Thread" [stack: 0x0000001251200000,0x0000001251300000] [id=19860]
  0x000001201ec4d120 WatcherThread "VM Periodic Task Thread" [stack: 0x0000001251e00000,0x0000001251f00000] [id=19172]
  0x000001207beccb80 WorkerThread "GC Thread#0" [stack: 0x0000001250d00000,0x0000001250e00000] [id=17796]
  0x000001201eebd690 WorkerThread "GC Thread#1" [stack: 0x0000001251f00000,0x0000001252000000] [id=16032]
  0x000001201ee91320 WorkerThread "GC Thread#2" [stack: 0x0000001252000000,0x0000001252100000] [id=9024]
  0x000001201ee915c0 WorkerThread "GC Thread#3" [stack: 0x0000001252100000,0x0000001252200000] [id=12548]
  0x000001207bedd9c0 ConcurrentGCThread "G1 Main Marker" [stack: 0x0000001250e00000,0x0000001250f00000] [id=15536]
  0x000001207bedf2d0 WorkerThread "G1 Conc#0" [stack: 0x0000001250f00000,0x0000001251000000] [id=7944]
  0x000001207ee71090 ConcurrentGCThread "G1 Refine#0" [stack: 0x0000001251000000,0x0000001251100000] [id=12460]
  0x00000120234bd890 ConcurrentGCThread "G1 Refine#1" [stack: 0x0000001252e00000,0x0000001252f00000] [id=25356]
  0x000001207ee718b0 ConcurrentGCThread "G1 Service" [stack: 0x0000001251100000,0x0000001251200000] [id=2348]

Threads with active compile tasks:
C2 CompilerThread0   360026 13126       4       java.util.zip.ZipFile$Source::initCEN (591 bytes)

VM state: not at safepoint (normal execution)

VM Mutex/Monitor currently owned by a thread: None

Heap address: 0x0000000080000000, size: 2048 MB, Compressed Oops mode: 32-bit

CDS archive(s) mapped at: [0x0000000800000000-0x0000000800ba0000-0x0000000800ba0000), size 12189696, SharedBaseAddress: 0x0000000800000000, ArchiveRelocationMode: 0.
Compressed class space mapped at: 0x0000000800c00000-0x000000081a800000, reserved size: 432013312
Narrow klass base: 0x0000000800000000, Narrow klass shift: 0, Narrow klass range: 0x100000000

GC Precious Log:
 CardTable entry size: 512
 Card Set container configuration: InlinePtr #cards 5 size 8 Array Of Cards #cards 12 size 40 Howl #buckets 4 coarsen threshold 1843 Howl Bitmap #cards 512 size 80 coarsen threshold 460 Card regions per heap region 1 cards per card region 2048
 CPUs: 4 total, 4 available
 Memory: 12173M
 Large Page Support: Disabled
 NUMA Support: Disabled
 Compressed Oops: Enabled (32-bit)
 Heap Region Size: 1M
 Heap Min Capacity: 8M
 Heap Initial Capacity: 192M
 Heap Max Capacity: 2G
 Pre-touch: Disabled
 Parallel Workers: 4
 Concurrent Workers: 1
 Concurrent Refinement Workers: 4
 Periodic GC: Disabled

Heap:
 garbage-first heap   total 252928K, used 157482K [0x0000000080000000, 0x0000000100000000)
  region size 1024K, 9 young (9216K), 1 survivors (1024K)
 Metaspace       used 89845K, committed 92352K, reserved 552960K
  class space    used 12431K, committed 13696K, reserved 421888K

Heap Regions: E=young(eden), S=young(survivor), O=old, HS=humongous(starts), HC=humongous(continues), CS=collection set, F=free, OA=open archive, CA=closed archive, TAMS=top-at-mark-start (previous, next)
|   0|0x0000000080000000, 0x0000000080100000, 0x0000000080100000|100%| O|  |TAMS 0x0000000080100000, 0x0000000080000000| Untracked 
|   1|0x0000000080100000, 0x0000000080200000, 0x0000000080200000|100%| O|  |TAMS 0x0000000080200000, 0x0000000080100000| Untracked 
|   2|0x0000000080200000, 0x0000000080300000, 0x0000000080300000|100%|HS|  |TAMS 0x0000000080300000, 0x0000000080200000| Complete 
|   3|0x0000000080300000, 0x0000000080400000, 0x0000000080400000|100%|HC|  |TAMS 0x0000000080400000, 0x0000000080300000| Complete 
|   4|0x0000000080400000, 0x0000000080500000, 0x0000000080500000|100%|HC|  |TAMS 0x0000000080500000, 0x0000000080400000| Complete 
|   5|0x0000000080500000, 0x0000000080600000, 0x0000000080600000|100%|HC|  |TAMS 0x0000000080600000, 0x0000000080500000| Complete 
|   6|0x0000000080600000, 0x0000000080700000, 0x0000000080700000|100%| O|  |TAMS 0x0000000080700000, 0x0000000080600000| Untracked 
|   7|0x0000000080700000, 0x0000000080800000, 0x0000000080800000|100%| O|  |TAMS 0x0000000080800000, 0x0000000080700000| Untracked 
|   8|0x0000000080800000, 0x0000000080900000, 0x0000000080900000|100%| O|  |TAMS 0x0000000080900000, 0x0000000080800000| Untracked 
|   9|0x0000000080900000, 0x0000000080a00000, 0x0000000080a00000|100%| O|  |TAMS 0x0000000080a00000, 0x0000000080900000| Untracked 
|  10|0x0000000080a00000, 0x0000000080b00000, 0x0000000080b00000|100%| O|  |TAMS 0x0000000080b00000, 0x0000000080a00000| Untracked 
|  11|0x0000000080b00000, 0x0000000080c00000, 0x0000000080c00000|100%| O|  |TAMS 0x0000000080c00000, 0x0000000080b00000| Untracked 
|  12|0x0000000080c00000, 0x0000000080d00000, 0x0000000080d00000|100%| O|  |TAMS 0x0000000080d00000, 0x0000000080c00000| Untracked 
|  13|0x0000000080d00000, 0x0000000080e00000, 0x0000000080e00000|100%| O|  |TAMS 0x0000000080e00000, 0x0000000080d00000| Untracked 
|  14|0x0000000080e00000, 0x0000000080f00000, 0x0000000080f00000|100%| O|  |TAMS 0x0000000080f00000, 0x0000000080e00000| Untracked 
|  15|0x0000000080f00000, 0x0000000081000000, 0x0000000081000000|100%| O|  |TAMS 0x0000000081000000, 0x0000000080f00000| Untracked 
|  16|0x0000000081000000, 0x0000000081100000, 0x0000000081100000|100%| O|  |TAMS 0x0000000081100000, 0x0000000081000000| Untracked 
|  17|0x0000000081100000, 0x0000000081200000, 0x0000000081200000|100%| O|  |TAMS 0x0000000081200000, 0x0000000081100000| Untracked 
|  18|0x0000000081200000, 0x0000000081300000, 0x0000000081300000|100%| O|  |TAMS 0x0000000081300000, 0x0000000081200000| Untracked 
|  19|0x0000000081300000, 0x0000000081400000, 0x0000000081400000|100%| O|  |TAMS 0x0000000081400000, 0x0000000081300000| Untracked 
|  20|0x0000000081400000, 0x0000000081500000, 0x0000000081500000|100%| O|  |TAMS 0x0000000081500000, 0x0000000081400000| Untracked 
|  21|0x0000000081500000, 0x0000000081600000, 0x0000000081600000|100%| O|  |TAMS 0x0000000081600000, 0x0000000081500000| Untracked 
|  22|0x0000000081600000, 0x0000000081700000, 0x0000000081700000|100%| O|  |TAMS 0x0000000081700000, 0x0000000081600000| Untracked 
|  23|0x0000000081700000, 0x0000000081800000, 0x0000000081800000|100%| O|  |TAMS 0x0000000081800000, 0x0000000081700000| Untracked 
|  24|0x0000000081800000, 0x0000000081900000, 0x0000000081900000|100%| O|  |TAMS 0x0000000081900000, 0x0000000081800000| Untracked 
|  25|0x0000000081900000, 0x0000000081a00000, 0x0000000081a00000|100%| O|  |TAMS 0x0000000081a00000, 0x0000000081900000| Untracked 
|  26|0x0000000081a00000, 0x0000000081b00000, 0x0000000081b00000|100%| O|  |TAMS 0x0000000081b00000, 0x0000000081a00000| Untracked 
|  27|0x0000000081b00000, 0x0000000081c00000, 0x0000000081c00000|100%| O|  |TAMS 0x0000000081c00000, 0x0000000081b00000| Untracked 
|  28|0x0000000081c00000, 0x0000000081d00000, 0x0000000081d00000|100%| O|  |TAMS 0x0000000081d00000, 0x0000000081c00000| Untracked 
|  29|0x0000000081d00000, 0x0000000081e00000, 0x0000000081e00000|100%| O|  |TAMS 0x0000000081e00000, 0x0000000081d00000| Untracked 
|  30|0x0000000081e00000, 0x0000000081f00000, 0x0000000081f00000|100%| O|  |TAMS 0x0000000081f00000, 0x0000000081e00000| Untracked 
|  31|0x0000000081f00000, 0x0000000082000000, 0x0000000082000000|100%| O|  |TAMS 0x0000000082000000, 0x0000000081f00000| Untracked 
|  32|0x0000000082000000, 0x0000000082100000, 0x0000000082100000|100%| O|  |TAMS 0x0000000082100000, 0x0000000082000000| Untracked 
|  33|0x0000000082100000, 0x0000000082200000, 0x0000000082200000|100%| O|  |TAMS 0x0000000082200000, 0x0000000082100000| Untracked 
|  34|0x0000000082200000, 0x0000000082300000, 0x0000000082300000|100%| O|  |TAMS 0x0000000082300000, 0x0000000082200000| Untracked 
|  35|0x0000000082300000, 0x0000000082400000, 0x0000000082400000|100%| O|  |TAMS 0x0000000082400000, 0x0000000082300000| Untracked 
|  36|0x0000000082400000, 0x0000000082500000, 0x0000000082500000|100%|HS|  |TAMS 0x0000000082500000, 0x0000000082400000| Complete 
|  37|0x0000000082500000, 0x0000000082600000, 0x0000000082600000|100%|HC|  |TAMS 0x0000000082600000, 0x0000000082500000| Complete 
|  38|0x0000000082600000, 0x0000000082700000, 0x0000000082700000|100%| O|  |TAMS 0x0000000082700000, 0x0000000082600000| Untracked 
|  39|0x0000000082700000, 0x0000000082800000, 0x0000000082800000|100%|HS|  |TAMS 0x0000000082800000, 0x0000000082700000| Complete 
|  40|0x0000000082800000, 0x0000000082900000, 0x0000000082900000|100%|HC|  |TAMS 0x0000000082900000, 0x0000000082800000| Complete 
|  41|0x0000000082900000, 0x0000000082a00000, 0x0000000082a00000|100%|HC|  |TAMS 0x0000000082a00000, 0x0000000082900000| Complete 
|  42|0x0000000082a00000, 0x0000000082b00000, 0x0000000082b00000|100%|HC|  |TAMS 0x0000000082b00000, 0x0000000082a00000| Complete 
|  43|0x0000000082b00000, 0x0000000082c00000, 0x0000000082c00000|100%| O|  |TAMS 0x0000000082c00000, 0x0000000082b00000| Untracked 
|  44|0x0000000082c00000, 0x0000000082d00000, 0x0000000082d00000|100%| O|  |TAMS 0x0000000082d00000, 0x0000000082c00000| Untracked 
|  45|0x0000000082d00000, 0x0000000082e00000, 0x0000000082e00000|100%| O|  |TAMS 0x0000000082e00000, 0x0000000082d00000| Untracked 
|  46|0x0000000082e00000, 0x0000000082f00000, 0x0000000082f00000|100%| O|  |TAMS 0x0000000082f00000, 0x0000000082e00000| Untracked 
|  47|0x0000000082f00000, 0x0000000083000000, 0x0000000083000000|100%| O|  |TAMS 0x0000000083000000, 0x0000000082f00000| Untracked 
|  48|0x0000000083000000, 0x0000000083100000, 0x0000000083100000|100%| O|  |TAMS 0x0000000083100000, 0x0000000083000000| Untracked 
|  49|0x0000000083100000, 0x0000000083200000, 0x0000000083200000|100%| O|  |TAMS 0x0000000083200000, 0x0000000083100000| Untracked 
|  50|0x0000000083200000, 0x0000000083300000, 0x0000000083300000|100%| O|  |TAMS 0x0000000083300000, 0x0000000083200000| Untracked 
|  51|0x0000000083300000, 0x0000000083400000, 0x0000000083400000|100%| O|  |TAMS 0x0000000083400000, 0x0000000083300000| Untracked 
|  52|0x0000000083400000, 0x0000000083500000, 0x0000000083500000|100%| O|  |TAMS 0x0000000083500000, 0x0000000083400000| Untracked 
|  53|0x0000000083500000, 0x0000000083600000, 0x0000000083600000|100%| O|  |TAMS 0x0000000083600000, 0x0000000083500000| Untracked 
|  54|0x0000000083600000, 0x0000000083700000, 0x0000000083700000|100%| O|  |TAMS 0x0000000083700000, 0x0000000083600000| Untracked 
|  55|0x0000000083700000, 0x0000000083800000, 0x0000000083800000|100%| O|  |TAMS 0x0000000083800000, 0x0000000083700000| Untracked 
|  56|0x0000000083800000, 0x0000000083900000, 0x0000000083900000|100%| O|  |TAMS 0x0000000083900000, 0x0000000083800000| Untracked 
|  57|0x0000000083900000, 0x0000000083a00000, 0x0000000083a00000|100%| O|  |TAMS 0x0000000083a00000, 0x0000000083900000| Untracked 
|  58|0x0000000083a00000, 0x0000000083b00000, 0x0000000083b00000|100%| O|  |TAMS 0x0000000083b00000, 0x0000000083a00000| Untracked 
|  59|0x0000000083b00000, 0x0000000083c00000, 0x0000000083c00000|100%| O|  |TAMS 0x0000000083c00000, 0x0000000083b00000| Untracked 
|  60|0x0000000083c00000, 0x0000000083d00000, 0x0000000083d00000|100%| O|  |TAMS 0x0000000083d00000, 0x0000000083c00000| Untracked 
|  61|0x0000000083d00000, 0x0000000083e00000, 0x0000000083e00000|100%| O|  |TAMS 0x0000000083e00000, 0x0000000083d00000| Untracked 
|  62|0x0000000083e00000, 0x0000000083f00000, 0x0000000083f00000|100%|HS|  |TAMS 0x0000000083f00000, 0x0000000083e00000| Complete 
|  63|0x0000000083f00000, 0x0000000084000000, 0x0000000084000000|100%|HS|  |TAMS 0x0000000084000000, 0x0000000083f00000| Complete 
|  64|0x0000000084000000, 0x0000000084100000, 0x0000000084100000|100%| O|  |TAMS 0x0000000084100000, 0x0000000084000000| Untracked 
|  65|0x0000000084100000, 0x0000000084200000, 0x0000000084200000|100%| O|  |TAMS 0x0000000084200000, 0x0000000084100000| Untracked 
|  66|0x0000000084200000, 0x0000000084300000, 0x0000000084300000|100%| O|  |TAMS 0x0000000084300000, 0x0000000084200000| Untracked 
|  67|0x0000000084300000, 0x0000000084400000, 0x0000000084400000|100%| O|  |TAMS 0x0000000084400000, 0x0000000084300000| Untracked 
|  68|0x0000000084400000, 0x0000000084500000, 0x0000000084500000|100%| O|  |TAMS 0x0000000084500000, 0x0000000084400000| Untracked 
|  69|0x0000000084500000, 0x0000000084600000, 0x0000000084600000|100%| O|  |TAMS 0x0000000084600000, 0x0000000084500000| Untracked 
|  70|0x0000000084600000, 0x0000000084700000, 0x0000000084700000|100%| O|  |TAMS 0x0000000084700000, 0x0000000084600000| Untracked 
|  71|0x0000000084700000, 0x0000000084800000, 0x0000000084800000|100%| O|  |TAMS 0x0000000084800000, 0x0000000084700000| Untracked 
|  72|0x0000000084800000, 0x0000000084900000, 0x0000000084900000|100%| O|  |TAMS 0x0000000084900000, 0x0000000084800000| Untracked 
|  73|0x0000000084900000, 0x0000000084a00000, 0x0000000084a00000|100%| O|  |TAMS 0x0000000084a00000, 0x0000000084900000| Untracked 
|  74|0x0000000084a00000, 0x0000000084b00000, 0x0000000084b00000|100%| O|  |TAMS 0x0000000084b00000, 0x0000000084a00000| Untracked 
|  75|0x0000000084b00000, 0x0000000084c00000, 0x0000000084c00000|100%| O|  |TAMS 0x0000000084c00000, 0x0000000084b00000| Untracked 
|  76|0x0000000084c00000, 0x0000000084d00000, 0x0000000084d00000|100%| O|  |TAMS 0x0000000084d00000, 0x0000000084c00000| Untracked 
|  77|0x0000000084d00000, 0x0000000084e00000, 0x0000000084e00000|100%| O|  |TAMS 0x0000000084e00000, 0x0000000084d00000| Untracked 
|  78|0x0000000084e00000, 0x0000000084f00000, 0x0000000084f00000|100%| O|  |TAMS 0x0000000084f00000, 0x0000000084e00000| Untracked 
|  79|0x0000000084f00000, 0x0000000085000000, 0x0000000085000000|100%| O|  |TAMS 0x0000000085000000, 0x0000000084f00000| Untracked 
|  80|0x0000000085000000, 0x0000000085100000, 0x0000000085100000|100%| O|  |TAMS 0x0000000085100000, 0x0000000085000000| Untracked 
|  81|0x0000000085100000, 0x0000000085200000, 0x0000000085200000|100%| O|  |TAMS 0x0000000085200000, 0x0000000085100000| Untracked 
|  82|0x0000000085200000, 0x0000000085300000, 0x0000000085300000|100%| O|  |TAMS 0x0000000085300000, 0x0000000085200000| Untracked 
|  83|0x0000000085300000, 0x0000000085400000, 0x0000000085400000|100%|HS|  |TAMS 0x0000000085400000, 0x0000000085300000| Complete 
|  84|0x0000000085400000, 0x0000000085500000, 0x0000000085500000|100%|HC|  |TAMS 0x0000000085500000, 0x0000000085400000| Complete 
|  85|0x0000000085500000, 0x0000000085600000, 0x0000000085600000|100%|HS|  |TAMS 0x0000000085600000, 0x0000000085500000| Complete 
|  86|0x0000000085600000, 0x0000000085700000, 0x0000000085700000|100%|HC|  |TAMS 0x0000000085700000, 0x0000000085600000| Complete 
|  87|0x0000000085700000, 0x0000000085800000, 0x0000000085800000|100%|HC|  |TAMS 0x0000000085800000, 0x0000000085700000| Complete 
|  88|0x0000000085800000, 0x0000000085900000, 0x0000000085900000|100%|HC|  |TAMS 0x0000000085900000, 0x0000000085800000| Complete 
|  89|0x0000000085900000, 0x0000000085a00000, 0x0000000085a00000|100%| O|  |TAMS 0x0000000085a00000, 0x0000000085900000| Untracked 
|  90|0x0000000085a00000, 0x0000000085b00000, 0x0000000085b00000|100%| O|  |TAMS 0x0000000085b00000, 0x0000000085a00000| Untracked 
|  91|0x0000000085b00000, 0x0000000085c00000, 0x0000000085c00000|100%| O|  |TAMS 0x0000000085c00000, 0x0000000085b00000| Untracked 
|  92|0x0000000085c00000, 0x0000000085d00000, 0x0000000085d00000|100%| O|  |TAMS 0x0000000085d00000, 0x0000000085c00000| Untracked 
|  93|0x0000000085d00000, 0x0000000085e00000, 0x0000000085e00000|100%| O|  |TAMS 0x0000000085e00000, 0x0000000085d00000| Untracked 
|  94|0x0000000085e00000, 0x0000000085f00000, 0x0000000085f00000|100%| O|  |TAMS 0x0000000085f00000, 0x0000000085e00000| Untracked 
|  95|0x0000000085f00000, 0x0000000086000000, 0x0000000086000000|100%| O|  |TAMS 0x0000000086000000, 0x0000000085f00000| Untracked 
|  96|0x0000000086000000, 0x0000000086100000, 0x0000000086100000|100%| O|  |TAMS 0x0000000086100000, 0x0000000086000000| Untracked 
|  97|0x0000000086100000, 0x0000000086200000, 0x0000000086200000|100%| O|  |TAMS 0x0000000086200000, 0x0000000086100000| Untracked 
|  98|0x0000000086200000, 0x0000000086300000, 0x0000000086300000|100%| O|  |TAMS 0x0000000086300000, 0x0000000086200000| Untracked 
|  99|0x0000000086300000, 0x0000000086400000, 0x0000000086400000|100%| O|  |TAMS 0x0000000086400000, 0x0000000086300000| Untracked 
| 100|0x0000000086400000, 0x0000000086500000, 0x0000000086500000|100%| O|  |TAMS 0x0000000086500000, 0x0000000086400000| Untracked 
| 101|0x0000000086500000, 0x0000000086600000, 0x0000000086600000|100%| O|  |TAMS 0x0000000086600000, 0x0000000086500000| Untracked 
| 102|0x0000000086600000, 0x0000000086700000, 0x0000000086700000|100%| O|  |TAMS 0x0000000086700000, 0x0000000086600000| Untracked 
| 103|0x0000000086700000, 0x0000000086800000, 0x0000000086800000|100%| O|  |TAMS 0x0000000086800000, 0x0000000086700000| Untracked 
| 104|0x0000000086800000, 0x0000000086900000, 0x0000000086900000|100%| O|  |TAMS 0x0000000086900000, 0x0000000086800000| Untracked 
| 105|0x0000000086900000, 0x0000000086a00000, 0x0000000086a00000|100%| O|  |TAMS 0x0000000086a00000, 0x0000000086900000| Untracked 
| 106|0x0000000086a00000, 0x0000000086b00000, 0x0000000086b00000|100%| O|  |TAMS 0x0000000086b00000, 0x0000000086a00000| Untracked 
| 107|0x0000000086b00000, 0x0000000086c00000, 0x0000000086c00000|100%| O|  |TAMS 0x0000000086c00000, 0x0000000086b00000| Complete 
| 108|0x0000000086c00000, 0x0000000086d00000, 0x0000000086d00000|100%|HS|  |TAMS 0x0000000086d00000, 0x0000000086c00000| Complete 
| 109|0x0000000086d00000, 0x0000000086e00000, 0x0000000086e00000|100%|HS|  |TAMS 0x0000000086e00000, 0x0000000086d00000| Complete 
| 110|0x0000000086e00000, 0x0000000086f00000, 0x0000000086f00000|100%|HS|  |TAMS 0x0000000086f00000, 0x0000000086e00000| Complete 
| 111|0x0000000086f00000, 0x0000000087000000, 0x0000000087000000|100%| O|  |TAMS 0x0000000087000000, 0x0000000086f00000| Untracked 
| 112|0x0000000087000000, 0x0000000087100000, 0x0000000087100000|100%| O|  |TAMS 0x0000000087100000, 0x0000000087000000| Untracked 
| 113|0x0000000087100000, 0x0000000087200000, 0x0000000087200000|100%| O|  |TAMS 0x0000000087200000, 0x0000000087100000| Untracked 
| 114|0x0000000087200000, 0x0000000087300000, 0x0000000087300000|100%| O|  |TAMS 0x0000000087300000, 0x0000000087200000| Untracked 
| 115|0x0000000087300000, 0x0000000087400000, 0x0000000087400000|100%| O|  |TAMS 0x0000000087400000, 0x0000000087300000| Untracked 
| 116|0x0000000087400000, 0x0000000087500000, 0x0000000087500000|100%| O|  |TAMS 0x0000000087500000, 0x0000000087400000| Untracked 
| 117|0x0000000087500000, 0x0000000087600000, 0x0000000087600000|100%|HS|  |TAMS 0x0000000087600000, 0x0000000087500000| Complete 
| 118|0x0000000087600000, 0x0000000087700000, 0x0000000087700000|100%|HC|  |TAMS 0x0000000087700000, 0x0000000087600000| Complete 
| 119|0x0000000087700000, 0x0000000087800000, 0x0000000087800000|100%|HC|  |TAMS 0x0000000087800000, 0x0000000087700000| Complete 
| 120|0x0000000087800000, 0x0000000087900000, 0x0000000087900000|100%|HS|  |TAMS 0x0000000087900000, 0x0000000087800000| Complete 
| 121|0x0000000087900000, 0x0000000087a00000, 0x0000000087a00000|100%|HC|  |TAMS 0x0000000087a00000, 0x0000000087900000| Complete 
| 122|0x0000000087a00000, 0x0000000087b00000, 0x0000000087b00000|100%| O|  |TAMS 0x0000000087b00000, 0x0000000087a00000| Untracked 
| 123|0x0000000087b00000, 0x0000000087c00000, 0x0000000087c00000|100%| O|  |TAMS 0x0000000087c00000, 0x0000000087b00000| Untracked 
| 124|0x0000000087c00000, 0x0000000087d00000, 0x0000000087d00000|100%| O|  |TAMS 0x0000000087d00000, 0x0000000087c00000| Untracked 
| 125|0x0000000087d00000, 0x0000000087e00000, 0x0000000087e00000|100%| O|  |TAMS 0x0000000087e00000, 0x0000000087d00000| Untracked 
| 126|0x0000000087e00000, 0x0000000087f00000, 0x0000000087f00000|100%| O|  |TAMS 0x0000000087f00000, 0x0000000087e00000| Untracked 
| 127|0x0000000087f00000, 0x0000000088000000, 0x0000000088000000|100%| O|  |TAMS 0x0000000088000000, 0x0000000087f00000| Complete 
| 128|0x0000000088000000, 0x0000000088100000, 0x0000000088100000|100%| O|  |TAMS 0x0000000088100000, 0x0000000088000000| Untracked 
| 129|0x0000000088100000, 0x0000000088200000, 0x0000000088200000|100%| O|  |TAMS 0x0000000088200000, 0x0000000088100000| Untracked 
| 130|0x0000000088200000, 0x0000000088300000, 0x0000000088300000|100%| O|  |TAMS 0x0000000088300000, 0x0000000088200000| Untracked 
| 131|0x0000000088300000, 0x0000000088400000, 0x0000000088400000|100%| O|  |TAMS 0x0000000088400000, 0x0000000088300000| Untracked 
| 132|0x0000000088400000, 0x0000000088500000, 0x0000000088500000|100%| O|  |TAMS 0x0000000088500000, 0x0000000088400000| Untracked 
| 133|0x0000000088500000, 0x0000000088600000, 0x0000000088600000|100%| O|  |TAMS 0x0000000088600000, 0x0000000088500000| Untracked 
| 134|0x0000000088600000, 0x0000000088700000, 0x0000000088700000|100%| O|  |TAMS 0x0000000088700000, 0x0000000088600000| Untracked 
| 135|0x0000000088700000, 0x0000000088800000, 0x0000000088800000|100%| O|  |TAMS 0x0000000088800000, 0x0000000088700000| Untracked 
| 136|0x0000000088800000, 0x0000000088900000, 0x0000000088900000|100%| O|  |TAMS 0x0000000088900000, 0x0000000088800000| Untracked 
| 137|0x0000000088900000, 0x0000000088a00000, 0x0000000088a00000|100%| O|  |TAMS 0x0000000088a00000, 0x0000000088900000| Complete 
| 138|0x0000000088a00000, 0x0000000088b00000, 0x0000000088b00000|100%| O|  |TAMS 0x0000000088b00000, 0x0000000088a00000| Untracked 
| 139|0x0000000088b00000, 0x0000000088c00000, 0x0000000088c00000|100%| O|  |TAMS 0x0000000088c00000, 0x0000000088b00000| Untracked 
| 140|0x0000000088c00000, 0x0000000088d00000, 0x0000000088d00000|100%| O|  |TAMS 0x0000000088d00000, 0x0000000088c00000| Untracked 
| 141|0x0000000088d00000, 0x0000000088e00000, 0x0000000088e00000|100%| O|  |TAMS 0x0000000088d8d200, 0x0000000088d00000| Untracked 
| 142|0x0000000088e00000, 0x0000000088ecaa00, 0x0000000088f00000| 79%| O|  |TAMS 0x0000000088e00000, 0x0000000088e00000| Untracked 
| 143|0x0000000088f00000, 0x0000000089000000, 0x0000000089000000|100%|HS|  |TAMS 0x0000000088f00000, 0x0000000088f00000| Complete 
| 144|0x0000000089000000, 0x0000000089100000, 0x0000000089100000|100%|HC|  |TAMS 0x0000000089000000, 0x0000000089000000| Complete 
| 145|0x0000000089100000, 0x0000000089200000, 0x0000000089200000|100%|HS|  |TAMS 0x0000000089100000, 0x0000000089100000| Complete 
| 146|0x0000000089200000, 0x0000000089300000, 0x0000000089300000|100%|HC|  |TAMS 0x0000000089200000, 0x0000000089200000| Complete 
| 147|0x0000000089300000, 0x0000000089300000, 0x0000000089400000|  0%| F|  |TAMS 0x0000000089300000, 0x0000000089300000| Untracked 
| 148|0x0000000089400000, 0x0000000089400000, 0x0000000089500000|  0%| F|  |TAMS 0x0000000089400000, 0x0000000089400000| Untracked 
| 149|0x0000000089500000, 0x0000000089500000, 0x0000000089600000|  0%| F|  |TAMS 0x0000000089500000, 0x0000000089500000| Untracked 
| 150|0x0000000089600000, 0x0000000089600000, 0x0000000089700000|  0%| F|  |TAMS 0x0000000089600000, 0x0000000089600000| Untracked 
| 151|0x0000000089700000, 0x0000000089700000, 0x0000000089800000|  0%| F|  |TAMS 0x0000000089700000, 0x0000000089700000| Untracked 
| 152|0x0000000089800000, 0x0000000089800000, 0x0000000089900000|  0%| F|  |TAMS 0x0000000089800000, 0x0000000089800000| Untracked 
| 153|0x0000000089900000, 0x0000000089900000, 0x0000000089a00000|  0%| F|  |TAMS 0x0000000089900000, 0x0000000089900000| Untracked 
| 154|0x0000000089a00000, 0x0000000089a00000, 0x0000000089b00000|  0%| F|  |TAMS 0x0000000089a00000, 0x0000000089a00000| Untracked 
| 155|0x0000000089b00000, 0x0000000089b00000, 0x0000000089c00000|  0%| F|  |TAMS 0x0000000089b00000, 0x0000000089b00000| Untracked 
| 156|0x0000000089c00000, 0x0000000089c00000, 0x0000000089d00000|  0%| F|  |TAMS 0x0000000089c00000, 0x0000000089c00000| Untracked 
| 157|0x0000000089d00000, 0x0000000089d00000, 0x0000000089e00000|  0%| F|  |TAMS 0x0000000089d00000, 0x0000000089d00000| Untracked 
| 158|0x0000000089e00000, 0x0000000089e00000, 0x0000000089f00000|  0%| F|  |TAMS 0x0000000089e00000, 0x0000000089e00000| Untracked 
| 159|0x0000000089f00000, 0x0000000089f00000, 0x000000008a000000|  0%| F|  |TAMS 0x0000000089f00000, 0x0000000089f00000| Untracked 
| 160|0x000000008a000000, 0x000000008a000000, 0x000000008a100000|  0%| F|  |TAMS 0x000000008a000000, 0x000000008a000000| Untracked 
| 161|0x000000008a100000, 0x000000008a100000, 0x000000008a200000|  0%| F|  |TAMS 0x000000008a100000, 0x000000008a100000| Untracked 
| 162|0x000000008a200000, 0x000000008a200000, 0x000000008a300000|  0%| F|  |TAMS 0x000000008a200000, 0x000000008a200000| Untracked 
| 163|0x000000008a300000, 0x000000008a300000, 0x000000008a400000|  0%| F|  |TAMS 0x000000008a300000, 0x000000008a300000| Untracked 
| 164|0x000000008a400000, 0x000000008a400000, 0x000000008a500000|  0%| F|  |TAMS 0x000000008a400000, 0x000000008a400000| Untracked 
| 165|0x000000008a500000, 0x000000008a500000, 0x000000008a600000|  0%| F|  |TAMS 0x000000008a500000, 0x000000008a500000| Untracked 
| 166|0x000000008a600000, 0x000000008a600000, 0x000000008a700000|  0%| F|  |TAMS 0x000000008a600000, 0x000000008a600000| Untracked 
| 167|0x000000008a700000, 0x000000008a700000, 0x000000008a800000|  0%| F|  |TAMS 0x000000008a700000, 0x000000008a700000| Untracked 
| 168|0x000000008a800000, 0x000000008a800000, 0x000000008a900000|  0%| F|  |TAMS 0x000000008a800000, 0x000000008a800000| Untracked 
| 169|0x000000008a900000, 0x000000008a900000, 0x000000008aa00000|  0%| F|  |TAMS 0x000000008a900000, 0x000000008a900000| Untracked 
| 170|0x000000008aa00000, 0x000000008aa00000, 0x000000008ab00000|  0%| F|  |TAMS 0x000000008aa00000, 0x000000008aa00000| Untracked 
| 171|0x000000008ab00000, 0x000000008ab00000, 0x000000008ac00000|  0%| F|  |TAMS 0x000000008ab00000, 0x000000008ab00000| Untracked 
| 172|0x000000008ac00000, 0x000000008ac00000, 0x000000008ad00000|  0%| F|  |TAMS 0x000000008ac00000, 0x000000008ac00000| Untracked 
| 173|0x000000008ad00000, 0x000000008ad00000, 0x000000008ae00000|  0%| F|  |TAMS 0x000000008ad00000, 0x000000008ad00000| Untracked 
| 174|0x000000008ae00000, 0x000000008ae00000, 0x000000008af00000|  0%| F|  |TAMS 0x000000008ae00000, 0x000000008ae00000| Untracked 
| 175|0x000000008af00000, 0x000000008af00000, 0x000000008b000000|  0%| F|  |TAMS 0x000000008af00000, 0x000000008af00000| Untracked 
| 176|0x000000008b000000, 0x000000008b000000, 0x000000008b100000|  0%| F|  |TAMS 0x000000008b000000, 0x000000008b000000| Untracked 
| 177|0x000000008b100000, 0x000000008b100000, 0x000000008b200000|  0%| F|  |TAMS 0x000000008b100000, 0x000000008b100000| Untracked 
| 178|0x000000008b200000, 0x000000008b200000, 0x000000008b300000|  0%| F|  |TAMS 0x000000008b200000, 0x000000008b200000| Untracked 
| 179|0x000000008b300000, 0x000000008b300000, 0x000000008b400000|  0%| F|  |TAMS 0x000000008b300000, 0x000000008b300000| Untracked 
| 180|0x000000008b400000, 0x000000008b400000, 0x000000008b500000|  0%| F|  |TAMS 0x000000008b400000, 0x000000008b400000| Untracked 
| 181|0x000000008b500000, 0x000000008b500000, 0x000000008b600000|  0%| F|  |TAMS 0x000000008b500000, 0x000000008b500000| Untracked 
| 182|0x000000008b600000, 0x000000008b600000, 0x000000008b700000|  0%| F|  |TAMS 0x000000008b600000, 0x000000008b600000| Untracked 
| 183|0x000000008b700000, 0x000000008b700000, 0x000000008b800000|  0%| F|  |TAMS 0x000000008b700000, 0x000000008b700000| Untracked 
| 184|0x000000008b800000, 0x000000008b800000, 0x000000008b900000|  0%| F|  |TAMS 0x000000008b800000, 0x000000008b800000| Untracked 
| 185|0x000000008b900000, 0x000000008b900000, 0x000000008ba00000|  0%| F|  |TAMS 0x000000008b900000, 0x000000008b900000| Untracked 
| 186|0x000000008ba00000, 0x000000008ba00000, 0x000000008bb00000|  0%| F|  |TAMS 0x000000008ba00000, 0x000000008ba00000| Untracked 
| 187|0x000000008bb00000, 0x000000008bb00000, 0x000000008bc00000|  0%| F|  |TAMS 0x000000008bb00000, 0x000000008bb00000| Untracked 
| 188|0x000000008bc00000, 0x000000008bc00000, 0x000000008bd00000|  0%| F|  |TAMS 0x000000008bc00000, 0x000000008bc00000| Untracked 
| 189|0x000000008bd00000, 0x000000008bd00000, 0x000000008be00000|  0%| F|  |TAMS 0x000000008bd00000, 0x000000008bd00000| Untracked 
| 190|0x000000008be00000, 0x000000008be00000, 0x000000008bf00000|  0%| F|  |TAMS 0x000000008be00000, 0x000000008be00000| Untracked 
| 191|0x000000008bf00000, 0x000000008bf00000, 0x000000008c000000|  0%| F|  |TAMS 0x000000008bf00000, 0x000000008bf00000| Untracked 
| 192|0x000000008c000000, 0x000000008c000000, 0x000000008c100000|  0%| F|  |TAMS 0x000000008c000000, 0x000000008c000000| Untracked 
| 193|0x000000008c100000, 0x000000008c100000, 0x000000008c200000|  0%| F|  |TAMS 0x000000008c100000, 0x000000008c100000| Untracked 
| 194|0x000000008c200000, 0x000000008c200000, 0x000000008c300000|  0%| F|  |TAMS 0x000000008c200000, 0x000000008c200000| Untracked 
| 195|0x000000008c300000, 0x000000008c300000, 0x000000008c400000|  0%| F|  |TAMS 0x000000008c300000, 0x000000008c300000| Untracked 
| 196|0x000000008c400000, 0x000000008c400000, 0x000000008c500000|  0%| F|  |TAMS 0x000000008c400000, 0x000000008c400000| Untracked 
| 197|0x000000008c500000, 0x000000008c500000, 0x000000008c600000|  0%| F|  |TAMS 0x000000008c500000, 0x000000008c500000| Untracked 
| 198|0x000000008c600000, 0x000000008c600000, 0x000000008c700000|  0%| F|  |TAMS 0x000000008c600000, 0x000000008c600000| Untracked 
| 199|0x000000008c700000, 0x000000008c700000, 0x000000008c800000|  0%| F|  |TAMS 0x000000008c700000, 0x000000008c700000| Untracked 
| 200|0x000000008c800000, 0x000000008c800000, 0x000000008c900000|  0%| F|  |TAMS 0x000000008c800000, 0x000000008c800000| Untracked 
| 201|0x000000008c900000, 0x000000008c900000, 0x000000008ca00000|  0%| F|  |TAMS 0x000000008c900000, 0x000000008c900000| Untracked 
| 202|0x000000008ca00000, 0x000000008ca00000, 0x000000008cb00000|  0%| F|  |TAMS 0x000000008ca00000, 0x000000008ca00000| Untracked 
| 203|0x000000008cb00000, 0x000000008cb00000, 0x000000008cc00000|  0%| F|  |TAMS 0x000000008cb00000, 0x000000008cb00000| Untracked 
| 204|0x000000008cc00000, 0x000000008cc00000, 0x000000008cd00000|  0%| F|  |TAMS 0x000000008cc00000, 0x000000008cc00000| Untracked 
| 205|0x000000008cd00000, 0x000000008cd00000, 0x000000008ce00000|  0%| F|  |TAMS 0x000000008cd00000, 0x000000008cd00000| Untracked 
| 206|0x000000008ce00000, 0x000000008ce00000, 0x000000008cf00000|  0%| F|  |TAMS 0x000000008ce00000, 0x000000008ce00000| Untracked 
| 207|0x000000008cf00000, 0x000000008cf00000, 0x000000008d000000|  0%| F|  |TAMS 0x000000008cf00000, 0x000000008cf00000| Untracked 
| 208|0x000000008d000000, 0x000000008d000000, 0x000000008d100000|  0%| F|  |TAMS 0x000000008d000000, 0x000000008d000000| Untracked 
| 209|0x000000008d100000, 0x000000008d100000, 0x000000008d200000|  0%| F|  |TAMS 0x000000008d100000, 0x000000008d100000| Untracked 
| 210|0x000000008d200000, 0x000000008d200000, 0x000000008d300000|  0%| F|  |TAMS 0x000000008d200000, 0x000000008d200000| Untracked 
| 211|0x000000008d300000, 0x000000008d300000, 0x000000008d400000|  0%| F|  |TAMS 0x000000008d300000, 0x000000008d300000| Untracked 
| 212|0x000000008d400000, 0x000000008d400000, 0x000000008d500000|  0%| F|  |TAMS 0x000000008d400000, 0x000000008d400000| Untracked 
| 213|0x000000008d500000, 0x000000008d500000, 0x000000008d600000|  0%| F|  |TAMS 0x000000008d500000, 0x000000008d500000| Untracked 
| 214|0x000000008d600000, 0x000000008d600000, 0x000000008d700000|  0%| F|  |TAMS 0x000000008d600000, 0x000000008d600000| Untracked 
| 215|0x000000008d700000, 0x000000008d700000, 0x000000008d800000|  0%| F|  |TAMS 0x000000008d700000, 0x000000008d700000| Untracked 
| 216|0x000000008d800000, 0x000000008d800000, 0x000000008d900000|  0%| F|  |TAMS 0x000000008d800000, 0x000000008d800000| Untracked 
| 217|0x000000008d900000, 0x000000008d900000, 0x000000008da00000|  0%| F|  |TAMS 0x000000008d900000, 0x000000008d900000| Untracked 
| 218|0x000000008da00000, 0x000000008da00000, 0x000000008db00000|  0%| F|  |TAMS 0x000000008da00000, 0x000000008da00000| Untracked 
| 219|0x000000008db00000, 0x000000008db00000, 0x000000008dc00000|  0%| F|  |TAMS 0x000000008db00000, 0x000000008db00000| Untracked 
| 220|0x000000008dc00000, 0x000000008dc00000, 0x000000008dd00000|  0%| F|  |TAMS 0x000000008dc00000, 0x000000008dc00000| Untracked 
| 221|0x000000008dd00000, 0x000000008dd00000, 0x000000008de00000|  0%| F|  |TAMS 0x000000008dd00000, 0x000000008dd00000| Untracked 
| 222|0x000000008de00000, 0x000000008de00000, 0x000000008df00000|  0%| F|  |TAMS 0x000000008de00000, 0x000000008de00000| Untracked 
| 223|0x000000008df00000, 0x000000008df00000, 0x000000008e000000|  0%| F|  |TAMS 0x000000008df00000, 0x000000008df00000| Untracked 
| 224|0x000000008e000000, 0x000000008e000000, 0x000000008e100000|  0%| F|  |TAMS 0x000000008e000000, 0x000000008e000000| Untracked 
| 225|0x000000008e100000, 0x000000008e100000, 0x000000008e200000|  0%| F|  |TAMS 0x000000008e100000, 0x000000008e100000| Untracked 
| 226|0x000000008e200000, 0x000000008e200000, 0x000000008e300000|  0%| F|  |TAMS 0x000000008e200000, 0x000000008e200000| Untracked 
| 227|0x000000008e300000, 0x000000008e300000, 0x000000008e400000|  0%| F|  |TAMS 0x000000008e300000, 0x000000008e300000| Untracked 
| 228|0x000000008e400000, 0x000000008e400000, 0x000000008e500000|  0%| F|  |TAMS 0x000000008e400000, 0x000000008e400000| Untracked 
| 229|0x000000008e500000, 0x000000008e500000, 0x000000008e600000|  0%| F|  |TAMS 0x000000008e500000, 0x000000008e500000| Untracked 
| 230|0x000000008e600000, 0x000000008e600000, 0x000000008e700000|  0%| F|  |TAMS 0x000000008e600000, 0x000000008e600000| Untracked 
| 231|0x000000008e700000, 0x000000008e700000, 0x000000008e800000|  0%| F|  |TAMS 0x000000008e700000, 0x000000008e700000| Untracked 
| 232|0x000000008e800000, 0x000000008e800000, 0x000000008e900000|  0%| F|  |TAMS 0x000000008e800000, 0x000000008e800000| Untracked 
| 233|0x000000008e900000, 0x000000008e900000, 0x000000008ea00000|  0%| F|  |TAMS 0x000000008e900000, 0x000000008e900000| Untracked 
| 234|0x000000008ea00000, 0x000000008ea00000, 0x000000008eb00000|  0%| F|  |TAMS 0x000000008ea00000, 0x000000008ea00000| Untracked 
| 235|0x000000008eb00000, 0x000000008eb00000, 0x000000008ec00000|  0%| F|  |TAMS 0x000000008eb00000, 0x000000008eb00000| Untracked 
| 236|0x000000008ec00000, 0x000000008ec00000, 0x000000008ed00000|  0%| F|  |TAMS 0x000000008ec00000, 0x000000008ec00000| Untracked 
| 237|0x000000008ed00000, 0x000000008ed00000, 0x000000008ee00000|  0%| F|  |TAMS 0x000000008ed00000, 0x000000008ed00000| Untracked 
| 238|0x000000008ee00000, 0x000000008ee89420, 0x000000008ef00000| 53%| E|  |TAMS 0x000000008ee00000, 0x000000008ee00000| Complete 
| 239|0x000000008ef00000, 0x000000008f000000, 0x000000008f000000|100%| E|CS|TAMS 0x000000008ef00000, 0x000000008ef00000| Complete 
| 240|0x000000008f000000, 0x000000008f100000, 0x000000008f100000|100%| E|CS|TAMS 0x000000008f000000, 0x000000008f000000| Complete 
| 241|0x000000008f100000, 0x000000008f200000, 0x000000008f200000|100%| E|CS|TAMS 0x000000008f100000, 0x000000008f100000| Complete 
| 242|0x000000008f200000, 0x000000008f300000, 0x000000008f300000|100%| E|  |TAMS 0x000000008f200000, 0x000000008f200000| Complete 
| 243|0x000000008f300000, 0x000000008f400000, 0x000000008f400000|100%| S|CS|TAMS 0x000000008f300000, 0x000000008f300000| Complete 
| 244|0x000000008f400000, 0x000000008f500000, 0x000000008f500000|100%| E|CS|TAMS 0x000000008f400000, 0x000000008f400000| Complete 
| 245|0x000000008f500000, 0x000000008f600000, 0x000000008f600000|100%| E|CS|TAMS 0x000000008f500000, 0x000000008f500000| Complete 
| 246|0x000000008f600000, 0x000000008f700000, 0x000000008f700000|100%| E|CS|TAMS 0x000000008f600000, 0x000000008f600000| Complete 

Card table byte_map: [0x000001207c330000,0x000001207c730000] _byte_map_base: 0x000001207bf30000

Marking Bits (Prev, Next): (CMBitMap*) 0x000001207becd090, (CMBitMap*) 0x000001207becd0d0
 Prev Bits: [0x000001207cb30000, 0x000001207eb30000)
 Next Bits: [0x0000012016870000, 0x0000012018870000)

Polling page: 0x0000012079cf0000

Metaspace:

Usage:
  Non-class:     75.60 MB used.
      Class:     12.14 MB used.
       Both:     87.74 MB used.

Virtual space:
  Non-class space:      128.00 MB reserved,      76.81 MB ( 60%) committed,  2 nodes.
      Class space:      412.00 MB reserved,      13.38 MB (  3%) committed,  1 nodes.
             Both:      540.00 MB reserved,      90.19 MB ( 17%) committed. 

Chunk freelists:
   Non-Class:  2.39 MB
       Class:  2.66 MB
        Both:  5.05 MB

MaxMetaspaceSize: 512.00 MB
CompressedClassSpaceSize: 412.00 MB
Initial GC threshold: 21.00 MB
Current GC threshold: 150.31 MB
CDS: on
MetaspaceReclaimPolicy: balanced
 - commit_granule_bytes: 65536.
 - commit_granule_words: 8192.
 - virtual_space_node_default_size: 8388608.
 - enlarge_chunks_in_place: 1.
 - new_chunks_are_fully_committed: 0.
 - uncommit_free_chunks: 1.
 - use_allocation_guard: 0.


Internal statistics:

num_allocs_failed_limit: 6.
num_arena_births: 3954.
num_arena_deaths: 0.
num_vsnodes_births: 3.
num_vsnodes_deaths: 0.
num_space_committed: 1443.
num_space_uncommitted: 0.
num_chunks_returned_to_freelist: 6.
num_chunks_taken_from_freelist: 8208.
num_chunk_merges: 6.
num_chunk_splits: 5400.
num_chunks_enlarged: 3443.
num_inconsistent_stats: 0.

CodeHeap 'non-profiled nmethods': size=120000Kb used=6530Kb max_used=6530Kb free=113469Kb
 bounds [0x000001200f340000, 0x000001200f9b0000, 0x0000012016870000]
CodeHeap 'profiled nmethods': size=120000Kb used=23784Kb max_used=23784Kb free=96215Kb
 bounds [0x0000012007e10000, 0x0000012009550000, 0x000001200f340000]
CodeHeap 'non-nmethods': size=5760Kb used=2408Kb max_used=2453Kb free=3351Kb
 bounds [0x0000012007870000, 0x0000012007ae0000, 0x0000012007e10000]
 total_blobs=12582 nmethods=11645 adapters=849
 compilation: enabled
              stopped_count=0, restarted_count=0
 full_count=0

Compilation events (20 events):
Event: 359.972 Thread 0x000001207efdfea0 13141       3       com.google.common.collect.ImmutableList::copyOf (44 bytes)
Event: 359.972 Thread 0x000001207efdfea0 nmethod 13141 0x000001200953d390 code [0x000001200953d5e0, 0x000001200953dfc8]
Event: 359.972 Thread 0x000001207efdfea0 13142       1       com.android.builder.internal.BaseConfigImpl::setApplicationIdSuffix (6 bytes)
Event: 359.972 Thread 0x000001207efdfea0 nmethod 13142 0x000001200f99df90 code [0x000001200f99e120, 0x000001200f99e238]
Event: 359.972 Thread 0x000001207efdfea0 13143       1       com.android.builder.internal.BaseConfigImpl::setMultiDexKeepFile (6 bytes)
Event: 359.972 Thread 0x000001207efdfea0 nmethod 13143 0x000001200f99e290 code [0x000001200f99e420, 0x000001200f99e538]
Event: 359.972 Thread 0x000001207efdfea0 13144       1       com.android.builder.internal.BaseConfigImpl::setMultiDexKeepProguard (6 bytes)
Event: 359.972 Thread 0x000001207efdfea0 nmethod 13144 0x000001200f99e590 code [0x000001200f99e720, 0x000001200f99e838]
Event: 359.973 Thread 0x000001207efdfea0 13145       3       org.gradle.api.internal.artifacts.configurations.DefaultConfiguration_Decorated::isCanBeDeclaredAgainst (45 bytes)
Event: 359.973 Thread 0x000001207efdfea0 nmethod 13145 0x000001200953e310 code [0x000001200953e4e0, 0x000001200953e938]
Event: 359.974 Thread 0x000001207efdfea0 13146       1       org.gradle.api.internal.artifacts.ivyservice.resolutionstrategy.DefaultResolutionStrategy::sortArtifacts (6 bytes)
Event: 359.974 Thread 0x000001207efdfea0 nmethod 13146 0x000001200f99e890 code [0x000001200f99ea20, 0x000001200f99eb38]
Event: 359.974 Thread 0x000001207efdfea0 13147       3       com.android.build.gradle.internal.services.VariantServicesImpl::fileCollection (20 bytes)
Event: 359.975 Thread 0x000001207efdfea0 nmethod 13147 0x000001200953eb10 code [0x000001200953ecc0, 0x000001200953ef18]
Event: 359.975 Thread 0x000001207efdfea0 13148       1       org.gradle.api.plugins.internal.DefaultBasePluginExtension::getArchivesName (5 bytes)
Event: 359.975 Thread 0x000001207efdfea0 nmethod 13148 0x000001200f99eb90 code [0x000001200f99ed20, 0x000001200f99edf8]
Event: 359.977 Thread 0x000001207efdfea0 13149       3       com.android.build.api.component.impl.ComponentImpl::getOldVariantApiLegacySupport (15 bytes)
Event: 359.977 Thread 0x000001207efdfea0 nmethod 13149 0x000001200953f010 code [0x000001200953f1c0, 0x000001200953f4a8]
Event: 359.977 Thread 0x000001207efdfea0 13150       3       com.google.common.math.MathPreconditions::checkRoundingUnnecessary (15 bytes)
Event: 359.977 Thread 0x000001207efdfea0 nmethod 13150 0x000001200953f590 code [0x000001200953f740, 0x000001200953f928]

GC Heap History (20 events):
Event: 311.596 GC heap before
{Heap before GC invocations=52 (full 0):
 garbage-first heap   total 178176K, used 143872K [0x0000000080000000, 0x0000000100000000)
  region size 1024K, 40 young (40960K), 6 survivors (6144K)
 Metaspace       used 86670K, committed 89024K, reserved 552960K
  class space    used 12034K, committed 13248K, reserved 421888K
}
Event: 311.606 GC heap after
{Heap after GC invocations=53 (full 0):
 garbage-first heap   total 178176K, used 115712K [0x0000000080000000, 0x0000000100000000)
  region size 1024K, 5 young (5120K), 5 survivors (5120K)
 Metaspace       used 86670K, committed 89024K, reserved 552960K
  class space    used 12034K, committed 13248K, reserved 421888K
}
Event: 319.376 GC heap before
{Heap before GC invocations=53 (full 0):
 garbage-first heap   total 178176K, used 147456K [0x0000000080000000, 0x0000000100000000)
  region size 1024K, 34 young (34816K), 5 survivors (5120K)
 Metaspace       used 86881K, committed 89280K, reserved 552960K
  class space    used 12041K, committed 13248K, reserved 421888K
}
Event: 319.382 GC heap after
{Heap after GC invocations=54 (full 0):
 garbage-first heap   total 178176K, used 123144K [0x0000000080000000, 0x0000000100000000)
  region size 1024K, 4 young (4096K), 4 survivors (4096K)
 Metaspace       used 86881K, committed 89280K, reserved 552960K
  class space    used 12041K, committed 13248K, reserved 421888K
}
Event: 319.888 GC heap before
{Heap before GC invocations=54 (full 0):
 garbage-first heap   total 178176K, used 151816K [0x0000000080000000, 0x0000000100000000)
  region size 1024K, 28 young (28672K), 4 survivors (4096K)
 Metaspace       used 88465K, committed 90880K, reserved 552960K
  class space    used 12254K, committed 13440K, reserved 421888K
}
Event: 319.893 GC heap after
{Heap after GC invocations=55 (full 0):
 garbage-first heap   total 178176K, used 135153K [0x0000000080000000, 0x0000000100000000)
  region size 1024K, 4 young (4096K), 4 survivors (4096K)
 Metaspace       used 88465K, committed 90880K, reserved 552960K
  class space    used 12254K, committed 13440K, reserved 421888K
}
Event: 327.808 GC heap before
{Heap before GC invocations=55 (full 0):
 garbage-first heap   total 178176K, used 151537K [0x0000000080000000, 0x0000000100000000)
  region size 1024K, 20 young (20480K), 4 survivors (4096K)
 Metaspace       used 89143K, committed 91584K, reserved 552960K
  class space    used 12340K, committed 13568K, reserved 421888K
}
Event: 327.815 GC heap after
{Heap after GC invocations=56 (full 0):
 garbage-first heap   total 178176K, used 138476K [0x0000000080000000, 0x0000000100000000)
  region size 1024K, 3 young (3072K), 3 survivors (3072K)
 Metaspace       used 89143K, committed 91584K, reserved 552960K
  class space    used 12340K, committed 13568K, reserved 421888K
}
Event: 345.286 GC heap before
{Heap before GC invocations=56 (full 0):
 garbage-first heap   total 178176K, used 151788K [0x0000000080000000, 0x0000000100000000)
  region size 1024K, 16 young (16384K), 3 survivors (3072K)
 Metaspace       used 89292K, committed 91776K, reserved 552960K
  class space    used 12355K, committed 13632K, reserved 421888K
}
Event: 345.291 GC heap after
{Heap after GC invocations=57 (full 0):
 garbage-first heap   total 178176K, used 141235K [0x0000000080000000, 0x0000000100000000)
  region size 1024K, 2 young (2048K), 2 survivors (2048K)
 Metaspace       used 89292K, committed 91776K, reserved 552960K
  class space    used 12355K, committed 13632K, reserved 421888K
}
Event: 345.386 GC heap before
{Heap before GC invocations=57 (full 0):
 garbage-first heap   total 178176K, used 152499K [0x0000000080000000, 0x0000000100000000)
  region size 1024K, 13 young (13312K), 2 survivors (2048K)
 Metaspace       used 89533K, committed 92032K, reserved 552960K
  class space    used 12385K, committed 13632K, reserved 421888K
}
Event: 345.390 GC heap after
{Heap after GC invocations=58 (full 0):
 garbage-first heap   total 178176K, used 142843K [0x0000000080000000, 0x0000000100000000)
  region size 1024K, 2 young (2048K), 2 survivors (2048K)
 Metaspace       used 89533K, committed 92032K, reserved 552960K
  class space    used 12385K, committed 13632K, reserved 421888K
}
Event: 345.484 GC heap before
{Heap before GC invocations=58 (full 0):
 garbage-first heap   total 178176K, used 152059K [0x0000000080000000, 0x0000000100000000)
  region size 1024K, 11 young (11264K), 2 survivors (2048K)
 Metaspace       used 89685K, committed 92224K, reserved 552960K
  class space    used 12415K, committed 13696K, reserved 421888K
}
Event: 345.487 GC heap after
{Heap after GC invocations=59 (full 0):
 garbage-first heap   total 178176K, used 144863K [0x0000000080000000, 0x0000000100000000)
  region size 1024K, 2 young (2048K), 2 survivors (2048K)
 Metaspace       used 89685K, committed 92224K, reserved 552960K
  class space    used 12415K, committed 13696K, reserved 421888K
}
Event: 351.137 GC heap before
{Heap before GC invocations=59 (full 0):
 garbage-first heap   total 178176K, used 153055K [0x0000000080000000, 0x0000000100000000)
  region size 1024K, 10 young (10240K), 2 survivors (2048K)
 Metaspace       used 89785K, committed 92288K, reserved 552960K
  class space    used 12425K, committed 13696K, reserved 421888K
}
Event: 351.143 GC heap after
{Heap after GC invocations=60 (full 0):
 garbage-first heap   total 178176K, used 146626K [0x0000000080000000, 0x0000000100000000)
  region size 1024K, 2 young (2048K), 2 survivors (2048K)
 Metaspace       used 89785K, committed 92288K, reserved 552960K
  class space    used 12425K, committed 13696K, reserved 421888K
}
Event: 355.201 GC heap before
{Heap before GC invocations=60 (full 0):
 garbage-first heap   total 178176K, used 152770K [0x0000000080000000, 0x0000000100000000)
  region size 1024K, 9 young (9216K), 2 survivors (2048K)
 Metaspace       used 89793K, committed 92352K, reserved 552960K
  class space    used 12425K, committed 13696K, reserved 421888K
}
Event: 355.205 GC heap after
{Heap after GC invocations=61 (full 0):
 garbage-first heap   total 178176K, used 147203K [0x0000000080000000, 0x0000000100000000)
  region size 1024K, 2 young (2048K), 2 survivors (2048K)
 Metaspace       used 89793K, committed 92352K, reserved 552960K
  class space    used 12425K, committed 13696K, reserved 421888K
}
Event: 359.877 GC heap before
{Heap before GC invocations=62 (full 0):
 garbage-first heap   total 252928K, used 154371K [0x0000000080000000, 0x0000000100000000)
  region size 1024K, 8 young (8192K), 2 survivors (2048K)
 Metaspace       used 89814K, committed 92352K, reserved 552960K
  class space    used 12428K, committed 13696K, reserved 421888K
}
Event: 359.879 GC heap after
{Heap after GC invocations=63 (full 0):
 garbage-first heap   total 252928K, used 149290K [0x0000000080000000, 0x0000000100000000)
  region size 1024K, 1 young (1024K), 1 survivors (1024K)
 Metaspace       used 89814K, committed 92352K, reserved 552960K
  class space    used 12428K, committed 13696K, reserved 421888K
}

Deoptimization events (20 events):
Event: 345.319 Thread 0x000001201f4d4df0 DEOPT PACKING pc=0x000001200f8b7f6c sp=0x00000012528f7610
Event: 345.319 Thread 0x000001201f4d4df0 DEOPT UNPACKING pc=0x00000120078c23a3 sp=0x00000012528f7438 mode 2
Event: 345.319 Thread 0x000001201f4d4df0 Uncommon trap: trap_request=0xffffffde fr.pc=0x000001200f8c0990 relative=0x0000000000000410
Event: 345.319 Thread 0x000001201f4d4df0 Uncommon trap: reason=class_check action=maybe_recompile pc=0x000001200f8c0990 method=org.gradle.internal.operations.logging.LoggingBuildOperationProgressBroadcaster.onOutput(Lorg/gradle/internal/logging/events/OutputEvent;)V @ 8 c2
Event: 345.319 Thread 0x000001201f4d4df0 DEOPT PACKING pc=0x000001200f8c0990 sp=0x00000012528f7f90
Event: 345.319 Thread 0x000001201f4d4df0 DEOPT UNPACKING pc=0x00000120078c23a3 sp=0x00000012528f7f00 mode 2
Event: 345.461 Thread 0x000001201f4d4df0 Uncommon trap: trap_request=0xffffff45 fr.pc=0x000001200f96efd4 relative=0x0000000000000094
Event: 345.461 Thread 0x000001201f4d4df0 Uncommon trap: reason=unstable_if action=reinterpret pc=0x000001200f96efd4 method=org.gradle.internal.typeconversion.JustReturningParser.parseNotation(Ljava/lang/Object;)Ljava/lang/Object; @ 8 c2
Event: 345.461 Thread 0x000001201f4d4df0 DEOPT PACKING pc=0x000001200f96efd4 sp=0x00000012528f9190
Event: 345.461 Thread 0x000001201f4d4df0 DEOPT UNPACKING pc=0x00000120078c23a3 sp=0x00000012528f9130 mode 2
Event: 359.880 Thread 0x000001201f4d4df0 DEOPT PACKING pc=0x00000120092e8d81 sp=0x00000012528f59f0
Event: 359.880 Thread 0x000001201f4d4df0 DEOPT UNPACKING pc=0x00000120078c2b43 sp=0x00000012528f4f60 mode 0
Event: 359.925 Thread 0x000001201f4d4df0 DEOPT PACKING pc=0x00000120092e8d81 sp=0x00000012528f59f0
Event: 359.925 Thread 0x000001201f4d4df0 DEOPT UNPACKING pc=0x00000120078c2b43 sp=0x00000012528f4f60 mode 0
Event: 359.936 Thread 0x000001201f4d4df0 DEOPT PACKING pc=0x00000120092e8d81 sp=0x00000012528f59f0
Event: 359.936 Thread 0x000001201f4d4df0 DEOPT UNPACKING pc=0x00000120078c2b43 sp=0x00000012528f4f60 mode 0
Event: 359.939 Thread 0x000001201f4d4df0 Uncommon trap: trap_request=0xffffff45 fr.pc=0x000001200f3c1464 relative=0x00000000000002c4
Event: 359.939 Thread 0x000001201f4d4df0 Uncommon trap: reason=unstable_if action=reinterpret pc=0x000001200f3c1464 method=java.util.jar.JarFile.match([B[B[B[B)I @ 52 c2
Event: 359.939 Thread 0x000001201f4d4df0 DEOPT PACKING pc=0x000001200f3c1464 sp=0x00000012528f6130
Event: 359.939 Thread 0x000001201f4d4df0 DEOPT UNPACKING pc=0x00000120078c23a3 sp=0x00000012528f60a0 mode 2

Classes loaded (20 events):
Event: 319.898 Loading class java/util/AbstractSetBeanInfo
Event: 319.898 Loading class java/util/AbstractSetBeanInfo done
Event: 319.899 Loading class java/util/AbstractSetBeanInfo
Event: 319.899 Loading class java/util/AbstractSetBeanInfo done
Event: 319.899 Loading class java/util/AbstractSetCustomizer
Event: 319.899 Loading class java/util/AbstractSetCustomizer done
Event: 319.899 Loading class java/util/AbstractSetCustomizer
Event: 319.899 Loading class java/util/AbstractSetCustomizer done
Event: 319.900 Loading class java/util/TreeSetCustomizer
Event: 319.900 Loading class java/util/TreeSetCustomizer done
Event: 319.900 Loading class java/util/TreeSetCustomizer
Event: 319.900 Loading class java/util/TreeSetCustomizer done
Event: 345.333 Loading class java/io/ObjectOutputStream$BlockDataOutputStream
Event: 345.333 Loading class java/io/ObjectOutputStream$BlockDataOutputStream done
Event: 345.333 Loading class java/io/ObjectOutputStream$HandleTable
Event: 345.334 Loading class java/io/ObjectOutputStream$HandleTable done
Event: 345.334 Loading class java/io/ObjectOutputStream$ReplaceTable
Event: 345.336 Loading class java/io/ObjectOutputStream$ReplaceTable done
Event: 345.336 Loading class java/io/Bits
Event: 345.336 Loading class java/io/Bits done

Classes unloaded (0 events):
No events

Classes redefined (0 events):
No events

Internal exceptions (20 events):
Event: 345.417 Thread 0x000001201f4d4df0 Exception <a 'java/lang/ClassNotFoundException'{0x000000008aaf5420}: com/android/build/gradle/internal/dsl/TestOptions$UnitTestOptions_DecoratedCustomizer> (0x000000008aaf5420) 
thrown [s\open\src\hotspot\share\classfile\systemDictionary.cpp, line 255]
Event: 345.430 Thread 0x000001201f4d4df0 Exception <a 'java/lang/ClassNotFoundException'{0x000000008a96ff50}: com/android/build/gradle/internal/api/VariantFilterBeanInfo> (0x000000008a96ff50) 
thrown [s\open\src\hotspot\share\classfile\systemDictionary.cpp, line 255]
Event: 345.430 Thread 0x000001201f4d4df0 Exception <a 'java/lang/ClassNotFoundException'{0x000000008a97b968}: com/android/build/gradle/internal/api/VariantFilterCustomizer> (0x000000008a97b968) 
thrown [s\open\src\hotspot\share\classfile\systemDictionary.cpp, line 255]
Event: 345.432 Thread 0x000001201f4d4df0 Exception <a 'java/lang/ClassNotFoundException'{0x000000008a891618}: com/android/build/gradle/internal/api/ImmutableFlavorListBeanInfo> (0x000000008a891618) 
thrown [s\open\src\hotspot\share\classfile\systemDictionary.cpp, line 255]
Event: 345.433 Thread 0x000001201f4d4df0 Exception <a 'java/lang/ClassNotFoundException'{0x000000008a89d438}: com/android/build/gradle/internal/api/ImmutableFlavorListCustomizer> (0x000000008a89d438) 
thrown [s\open\src\hotspot\share\classfile\systemDictionary.cpp, line 255]
Event: 345.436 Thread 0x000001201f4d4df0 Exception <a 'java/lang/ClassNotFoundException'{0x000000008a8e0d10}: com/android/build/gradle/internal/api/ReadOnlyProductFlavorBeanInfo> (0x000000008a8e0d10) 
thrown [s\open\src\hotspot\share\classfile\systemDictionary.cpp, line 255]
Event: 345.436 Thread 0x000001201f4d4df0 Exception <a 'java/lang/ClassNotFoundException'{0x000000008a8ec808}: com/android/build/gradle/internal/api/ReadOnlyProductFlavorCustomizer> (0x000000008a8ec808) 
thrown [s\open\src\hotspot\share\classfile\systemDictionary.cpp, line 255]
Event: 345.492 Thread 0x000001201f4d4df0 Exception <a 'java/lang/NoClassDefFoundError'{0x000000008ad6ac50}: org/jetbrains/kotlin/gradle/plugin/KotlinBasePluginWrapper> (0x000000008ad6ac50) 
thrown [s\open\src\hotspot\share\oops\constantPool.cpp, line 836]
Event: 350.469 Thread 0x000001201f4d4df0 Exception <a 'java/lang/ClassNotFoundException'{0x000000008abf5c88}: build_3izxuhyr3onlwg72ajytiq377BeanInfo> (0x000000008abf5c88) 
thrown [s\open\src\hotspot\share\classfile\systemDictionary.cpp, line 255]
Event: 350.469 Thread 0x000001201f4d4df0 Exception <a 'java/lang/ClassNotFoundException'{0x000000008abfbf88}: build_3izxuhyr3onlwg72ajytiq377Customizer> (0x000000008abfbf88) 
thrown [s\open\src\hotspot\share\classfile\systemDictionary.cpp, line 255]
Event: 359.853 Thread 0x000001201f4d4df0 Exception <a 'java/lang/ClassNotFoundException'{0x000000008f556a38}: build_3izxuhyr3onlwg72ajytiq377BeanInfo> (0x000000008f556a38) 
thrown [s\open\src\hotspot\share\classfile\systemDictionary.cpp, line 255]
Event: 359.853 Thread 0x000001201f4d4df0 Exception <a 'java/lang/ClassNotFoundException'{0x000000008f55ccd8}: build_3izxuhyr3onlwg72ajytiq377Customizer> (0x000000008f55ccd8) 
thrown [s\open\src\hotspot\share\classfile\systemDictionary.cpp, line 255]
Event: 359.948 Thread 0x000001201f4d4df0 Exception <a 'java/lang/ClassNotFoundException'{0x000000008f14ceb0}: build_3izxuhyr3onlwg72ajytiq377$_run_closure1BeanInfo> (0x000000008f14ceb0) 
thrown [s\open\src\hotspot\share\classfile\systemDictionary.cpp, line 255]
Event: 359.949 Thread 0x000001201f4d4df0 Exception <a 'java/lang/ClassNotFoundException'{0x000000008f157160}: build_3izxuhyr3onlwg72ajytiq377$_run_closure1Customizer> (0x000000008f157160) 
thrown [s\open\src\hotspot\share\classfile\systemDictionary.cpp, line 255]
Event: 359.961 Thread 0x000001201f4d4df0 Exception <a 'java/lang/ClassNotFoundException'{0x000000008f1bea80}: com/android/build/gradle/internal/dsl/VectorDrawablesOptions_DecoratedBeanInfo> (0x000000008f1bea80) 
thrown [s\open\src\hotspot\share\classfile\systemDictionary.cpp, line 255]
Event: 359.962 Thread 0x000001201f4d4df0 Exception <a 'java/lang/ClassNotFoundException'{0x000000008f1cba70}: com/android/build/gradle/internal/dsl/VectorDrawablesOptionsBeanInfo> (0x000000008f1cba70) 
thrown [s\open\src\hotspot\share\classfile\systemDictionary.cpp, line 255]
Event: 359.962 Thread 0x000001201f4d4df0 Exception <a 'java/lang/ClassNotFoundException'{0x000000008f1d8e98}: com/android/builder/core/DefaultVectorDrawablesOptionsBeanInfo> (0x000000008f1d8e98) 
thrown [s\open\src\hotspot\share\classfile\systemDictionary.cpp, line 255]
Event: 359.963 Thread 0x000001201f4d4df0 Exception <a 'java/lang/ClassNotFoundException'{0x000000008f1e6090}: com/android/builder/core/DefaultVectorDrawablesOptionsCustomizer> (0x000000008f1e6090) 
thrown [s\open\src\hotspot\share\classfile\systemDictionary.cpp, line 255]
Event: 359.963 Thread 0x000001201f4d4df0 Exception <a 'java/lang/ClassNotFoundException'{0x000000008f1f9c00}: com/android/build/gradle/internal/dsl/VectorDrawablesOptionsCustomizer> (0x000000008f1f9c00) 
thrown [s\open\src\hotspot\share\classfile\systemDictionary.cpp, line 255]
Event: 359.964 Thread 0x000001201f4d4df0 Exception <a 'java/lang/ClassNotFoundException'{0x000000008f00abb8}: com/android/build/gradle/internal/dsl/VectorDrawablesOptions_DecoratedCustomizer> (0x000000008f00abb8) 
thrown [s\open\src\hotspot\share\classfile\systemDictionary.cpp, line 255]

VM Operations (20 events):
Event: 345.484 Executing VM operation: G1CollectForAllocation
Event: 345.488 Executing VM operation: G1CollectForAllocation done
Event: 346.490 Executing VM operation: Cleanup
Event: 346.490 Executing VM operation: Cleanup done
Event: 350.534 Executing VM operation: Cleanup
Event: 350.534 Executing VM operation: Cleanup done
Event: 351.137 Executing VM operation: G1CollectForAllocation
Event: 351.144 Executing VM operation: G1CollectForAllocation done
Event: 352.157 Executing VM operation: Cleanup
Event: 352.157 Executing VM operation: Cleanup done
Event: 355.186 Executing VM operation: Cleanup
Event: 355.186 Executing VM operation: Cleanup done
Event: 355.189 Executing VM operation: G1CollectForAllocation
Event: 355.205 Executing VM operation: G1CollectForAllocation done
Event: 355.481 Executing VM operation: G1Concurrent
Event: 355.497 Executing VM operation: G1Concurrent done
Event: 355.597 Executing VM operation: G1Concurrent
Event: 355.597 Executing VM operation: G1Concurrent done
Event: 359.877 Executing VM operation: G1CollectForAllocation
Event: 359.879 Executing VM operation: G1CollectForAllocation done

Events (20 events):
Event: 194.041 Thread 0x00000120226a5020 Thread added: 0x00000120226a5020
Event: 197.576 Thread 0x00000120226a5020 Thread exited: 0x00000120226a5020
Event: 203.144 Thread 0x0000012020487620 Thread exited: 0x0000012020487620
Event: 205.981 Thread 0x00000120202fe050 Thread exited: 0x00000120202fe050
Event: 258.092 Thread 0x000001207f052740 flushing nmethod 0x000001200f702710
Event: 258.095 Thread 0x000001207f052740 flushing nmethod 0x0000012008218d10
Event: 258.095 Thread 0x000001207f052740 flushing nmethod 0x0000012008231710
Event: 258.096 Thread 0x000001207f052740 flushing nmethod 0x00000120082fa390
Event: 258.096 Thread 0x000001207f052740 flushing nmethod 0x00000120083d0c90
Event: 258.096 Thread 0x000001207f052740 flushing nmethod 0x000001200842aa90
Event: 258.096 Thread 0x000001207f052740 flushing nmethod 0x000001200842b990
Event: 258.096 Thread 0x000001207f052740 flushing nmethod 0x0000012008434f90
Event: 258.099 Thread 0x000001207f052740 flushing nmethod 0x00000120088a9810
Event: 258.100 Thread 0x000001207f052740 flushing nmethod 0x00000120089a7310
Event: 258.100 Thread 0x000001207f052740 flushing nmethod 0x0000012008a46010
Event: 258.100 Thread 0x000001207f052740 flushing nmethod 0x0000012008a46d10
Event: 258.103 Thread 0x000001207f052740 flushing nmethod 0x0000012008f15e10
Event: 258.103 Thread 0x000001207f052740 flushing nmethod 0x0000012008f21f10
Event: 313.548 Thread 0x00000120238960e0 Thread added: 0x00000120238960e0
Event: 313.886 Thread 0x00000120238960e0 Thread exited: 0x00000120238960e0


Dynamic libraries:
0x00007ff65dcd0000 - 0x00007ff65dce0000 	C:\Program Files\Java\jdk-18.0.1.1\bin\java.exe
0x00007ff9a4e10000 - 0x00007ff9a5008000 	C:\WINDOWS\SYSTEM32\ntdll.dll
0x00007ff9a4be0000 - 0x00007ff9a4c9d000 	C:\WINDOWS\System32\KERNEL32.DLL
0x00007ff9a2890000 - 0x00007ff9a2b86000 	C:\WINDOWS\System32\KERNELBASE.dll
0x00007ff9a2540000 - 0x00007ff9a2640000 	C:\WINDOWS\System32\ucrtbase.dll
0x00007ff99df80000 - 0x00007ff99df98000 	C:\Program Files\Java\jdk-18.0.1.1\bin\jli.dll
0x00007ff9a4670000 - 0x00007ff9a4723000 	C:\WINDOWS\System32\ADVAPI32.dll
0x00007ff9a4ae0000 - 0x00007ff9a4b7e000 	C:\WINDOWS\System32\msvcrt.dll
0x00007ff9a4ca0000 - 0x00007ff9a4d3f000 	C:\WINDOWS\System32\sechost.dll
0x00007ff9a35f0000 - 0x00007ff9a3716000 	C:\WINDOWS\System32\RPCRT4.dll
0x00007ff9a2640000 - 0x00007ff9a2667000 	C:\WINDOWS\System32\bcrypt.dll
0x00007ff9a33a0000 - 0x00007ff9a353e000 	C:\WINDOWS\System32\USER32.dll
0x00007ff9a2cc0000 - 0x00007ff9a2ce2000 	C:\WINDOWS\System32\win32u.dll
0x00007ff9a3290000 - 0x00007ff9a32bb000 	C:\WINDOWS\System32\GDI32.dll
0x00007ff9a2670000 - 0x00007ff9a2787000 	C:\WINDOWS\System32\gdi32full.dll
0x00007ff9a2c20000 - 0x00007ff9a2cbd000 	C:\WINDOWS\System32\msvcp_win.dll
0x00007ff997860000 - 0x00007ff99787a000 	C:\Program Files\Java\jdk-18.0.1.1\bin\VCRUNTIME140.dll
0x00007ff98ce20000 - 0x00007ff98d0ba000 	C:\WINDOWS\WinSxS\amd64_microsoft.windows.common-controls_6595b64144ccf1df_6.0.19041.3636_none_60b6a03d71f818d5\COMCTL32.dll
0x00007ff996770000 - 0x00007ff99677a000 	C:\WINDOWS\SYSTEM32\VERSION.dll
0x00007ff9a4630000 - 0x00007ff9a4662000 	C:\WINDOWS\System32\IMM32.DLL
0x00007ff994420000 - 0x00007ff99442c000 	C:\Program Files\Java\jdk-18.0.1.1\bin\vcruntime140_1.dll
0x00007ff974c40000 - 0x00007ff974ccd000 	C:\Program Files\Java\jdk-18.0.1.1\bin\msvcp140.dll
0x00007ff9343f0000 - 0x00007ff935000000 	C:\Program Files\Java\jdk-18.0.1.1\bin\server\jvm.dll
0x00007ff9a4ad0000 - 0x00007ff9a4ad8000 	C:\WINDOWS\System32\PSAPI.DLL
0x00007ff9755c0000 - 0x00007ff9755c9000 	C:\WINDOWS\SYSTEM32\WSOCK32.dll
0x00007ff9a3720000 - 0x00007ff9a378b000 	C:\WINDOWS\System32\WS2_32.dll
0x00007ff992a20000 - 0x00007ff992a47000 	C:\WINDOWS\SYSTEM32\WINMM.dll
0x00007ff9a0360000 - 0x00007ff9a0372000 	C:\WINDOWS\SYSTEM32\kernel.appcore.dll
0x00007ff9755b0000 - 0x00007ff9755ba000 	C:\Program Files\Java\jdk-18.0.1.1\bin\jimage.dll
0x00007ff992c60000 - 0x00007ff992e44000 	C:\WINDOWS\SYSTEM32\DBGHELP.DLL
0x00007ff992950000 - 0x00007ff992984000 	C:\WINDOWS\SYSTEM32\dbgcore.DLL
0x00007ff9a2b90000 - 0x00007ff9a2c12000 	C:\WINDOWS\System32\bcryptPrimitives.dll
0x00007ff975580000 - 0x00007ff9755a5000 	C:\Program Files\Java\jdk-18.0.1.1\bin\java.dll
0x00007ff96e4d0000 - 0x00007ff96e5a6000 	C:\Program Files\Java\jdk-18.0.1.1\bin\jsvml.dll
0x00007ff9a3790000 - 0x00007ff9a3ed5000 	C:\WINDOWS\System32\SHELL32.dll
0x00007ff9a0560000 - 0x00007ff9a0cfc000 	C:\WINDOWS\SYSTEM32\windows.storage.dll
0x00007ff9a2ed0000 - 0x00007ff9a3224000 	C:\WINDOWS\System32\combase.dll
0x00007ff9a1d50000 - 0x00007ff9a1d7e000 	C:\WINDOWS\SYSTEM32\Wldp.dll
0x00007ff9a4550000 - 0x00007ff9a461d000 	C:\WINDOWS\System32\OLEAUT32.dll
0x00007ff9a4730000 - 0x00007ff9a47dd000 	C:\WINDOWS\System32\SHCORE.dll
0x00007ff9a3340000 - 0x00007ff9a3395000 	C:\WINDOWS\System32\shlwapi.dll
0x00007ff9a2400000 - 0x00007ff9a2425000 	C:\WINDOWS\SYSTEM32\profapi.dll
0x00007ff96e4b0000 - 0x00007ff96e4c3000 	C:\Program Files\Java\jdk-18.0.1.1\bin\net.dll
0x00007ff9992d0000 - 0x00007ff9993da000 	C:\WINDOWS\SYSTEM32\WINHTTP.dll
0x00007ff9a1b30000 - 0x00007ff9a1b9a000 	C:\WINDOWS\system32\mswsock.dll
0x00007ff96e490000 - 0x00007ff96e4a6000 	C:\Program Files\Java\jdk-18.0.1.1\bin\nio.dll
0x00007ff96e470000 - 0x00007ff96e488000 	C:\Program Files\Java\jdk-18.0.1.1\bin\zip.dll
0x00007ff975570000 - 0x00007ff975580000 	C:\Program Files\Java\jdk-18.0.1.1\bin\verify.dll
0x00007ff96e440000 - 0x00007ff96e467000 	C:\Users\Shree\.gradle\native\68d5fa5c4cc2d200863cafc0d521ce42e7d3e7ee720ec0a83991735586a16f82\windows-amd64\native-platform.dll
0x00007ff9356a0000 - 0x00007ff9357e4000 	C:\Users\Shree\.gradle\native\e376f236ea51e6404a007f0833ffe2c6e607c4080706a723a18a27aeea778392\windows-amd64\native-platform-file-events.dll
0x00007ff974c30000 - 0x00007ff974c39000 	C:\Program Files\Java\jdk-18.0.1.1\bin\management.dll
0x00007ff96e430000 - 0x00007ff96e43b000 	C:\Program Files\Java\jdk-18.0.1.1\bin\management_ext.dll
0x00007ff9a20a0000 - 0x00007ff9a20b8000 	C:\WINDOWS\SYSTEM32\CRYPTSP.dll
0x00007ff9a1480000 - 0x00007ff9a14b4000 	C:\WINDOWS\system32\rsaenh.dll
0x00007ff9a23c0000 - 0x00007ff9a23ee000 	C:\WINDOWS\SYSTEM32\USERENV.dll
0x00007ff9a1cc0000 - 0x00007ff9a1ccc000 	C:\WINDOWS\SYSTEM32\CRYPTBASE.dll
0x00007ff9a1840000 - 0x00007ff9a187b000 	C:\WINDOWS\SYSTEM32\IPHLPAPI.DLL
0x00007ff9a4910000 - 0x00007ff9a4918000 	C:\WINDOWS\System32\NSI.dll
0x00007ff99b350000 - 0x00007ff99b367000 	C:\WINDOWS\SYSTEM32\dhcpcsvc6.DLL
0x00007ff99bc50000 - 0x00007ff99bc6d000 	C:\WINDOWS\SYSTEM32\dhcpcsvc.DLL
0x00007ff9a1880000 - 0x00007ff9a194b000 	C:\WINDOWS\SYSTEM32\DNSAPI.dll

dbghelp: loaded successfully - version: 4.0.5 - missing functions: none
symbol engine: initialized successfully - sym options: 0x614 - pdb path: .;C:\Program Files\Java\jdk-18.0.1.1\bin;C:\WINDOWS\SYSTEM32;C:\WINDOWS\WinSxS\amd64_microsoft.windows.common-controls_6595b64144ccf1df_6.0.19041.3636_none_60b6a03d71f818d5;C:\Program Files\Java\jdk-18.0.1.1\bin\server;C:\Users\Shree\.gradle\native\68d5fa5c4cc2d200863cafc0d521ce42e7d3e7ee720ec0a83991735586a16f82\windows-amd64;C:\Users\Shree\.gradle\native\e376f236ea51e6404a007f0833ffe2c6e607c4080706a723a18a27aeea778392\windows-amd64

VM Arguments:
jvm_args: -XX:MaxMetaspaceSize=512m --add-opens=java.base/java.util=ALL-UNNAMED --add-opens=java.base/java.lang=ALL-UNNAMED --add-opens=java.base/java.lang.invoke=ALL-UNNAMED --add-opens=java.prefs/java.util.prefs=ALL-UNNAMED --add-opens=java.base/java.nio.charset=ALL-UNNAMED --add-opens=java.base/java.net=ALL-UNNAMED --add-opens=java.base/java.util.concurrent.atomic=ALL-UNNAMED -Xmx2048m -Dfile.encoding=UTF-8 -Duser.country=US -Duser.language=en -Duser.variant 
java_command: org.gradle.launcher.daemon.bootstrap.GradleDaemon 8.0.1
java_class_path (initial): C:\Users\Shree\.gradle\wrapper\dists\gradle-8.0.1-all\aro4hu1c3oeioove7l0i4i14o\gradle-8.0.1\lib\gradle-launcher-8.0.1.jar
Launcher Type: SUN_STANDARD

[Global flags]
     intx CICompilerCount                          = 3                                         {product} {ergonomic}
   size_t CompressedClassSpaceSize                 = 432013312                                 {product} {ergonomic}
     uint ConcGCThreads                            = 1                                         {product} {ergonomic}
     uint G1ConcRefinementThreads                  = 4                                         {product} {ergonomic}
   size_t G1HeapRegionSize                         = 1048576                                   {product} {ergonomic}
    uintx GCDrainStackTargetSize                   = 64                                        {product} {ergonomic}
   size_t InitialHeapSize                          = 201326592                                 {product} {ergonomic}
   size_t MarkStackSize                            = 4194304                                   {product} {ergonomic}
   size_t MaxHeapSize                              = 2147483648                                {product} {command line}
   size_t MaxMetaspaceSize                         = 536870912                                 {product} {command line}
   size_t MaxNewSize                               = 1287651328                                {product} {ergonomic}
   size_t MinHeapDeltaBytes                        = 1048576                                   {product} {ergonomic}
   size_t MinHeapSize                              = 8388608                                   {product} {ergonomic}
    uintx NonNMethodCodeHeapSize                   = 5832780                                {pd product} {ergonomic}
    uintx NonProfiledCodeHeapSize                  = 122912730                              {pd product} {ergonomic}
    uintx ProfiledCodeHeapSize                     = 122912730                              {pd product} {ergonomic}
    uintx ReservedCodeCacheSize                    = 251658240                              {pd product} {ergonomic}
     bool SegmentedCodeCache                       = true                                      {product} {ergonomic}
   size_t SoftMaxHeapSize                          = 2147483648                             {manageable} {ergonomic}
     bool UseCompressedClassPointers               = true                           {product lp64_product} {ergonomic}
     bool UseCompressedOops                        = true                           {product lp64_product} {ergonomic}
     bool UseG1GC                                  = true                                      {product} {ergonomic}
     bool UseLargePagesIndividualAllocation        = false                                  {pd product} {ergonomic}

Logging:
Log output configuration:
 #0: stdout all=warning uptime,level,tags foldmultilines=false
 #1: stderr all=off uptime,level,tags foldmultilines=false

Environment Variables:
JAVA_HOME=C:\Program Files\Java\jdk-18.0.1.1
CLASSPATH=D:\Projects\Panchal_App\android\\gradle\wrapper\gradle-wrapper.jar
PATH=D:\Projects\Panchal_App\node_modules\.bin;D:\Projects\Panchal_App\node_modules\.bin;D:\Projects\node_modules\.bin;D:\node_modules\.bin;C:\Users\Shree\AppData\Roaming\nvm\v18.10.0\node_modules\npm\node_modules\@npmcli\run-script\lib\node-gyp-bin;D:\Projects\Panchal_App\node_modules\.bin;D:\Projects\node_modules\.bin;D:\node_modules\.bin;C:\Users\Shree\AppData\Roaming\nvm\v18.10.0\node_modules\npm\node_modules\@npmcli\run-script\lib\node-gyp-bin;C:\Program Files\Common Files\Oracle\Java\javapath;C:\WINDOWS\system32;C:\WINDOWS;C:\WINDOWS\System32\Wbem;C:\WINDOWS\System32\WindowsPowerShell\v1.0\;C:\WINDOWS\System32\OpenSSH\;C:\Program Files\Java\jdk-18.0.1.1\bin;C:\Program Files\Git\cmd;C:\Users\Shree\AppData\Roaming\nvm;C:\Program Files\nodejs;C:\xampp\php;C:\composer;C:\Program Files\OpenSSL-Win64;C:\Program Files\MongoDB\Server\6.0\bin;C:\Users\Shree\AppData\Local\ngrok\ngrok.yml;C:\Program Files\dotnet\;C:\ProgramData\chocolatey\bin;C:\Users\Shree\AppData\Local\Android\cmdline-tools\latest\bin;C:\Users\Shree\AppData\Local\Microsoft\WindowsApps;C:\Users\Shree\AppData\Roaming\Composer\vendor\bin;C:\Users\Shree\AppData\Local\Programs\Microsoft VS Code\bin;C:\Users\Shree\AppData\Roaming\npm;C:\Users\Shree\AppData\Roaming\nvm;C:\Program Files\nodejs;C:\Program Files\JetBrains\IntelliJ IDEA Community Edition 2023.1\bin;;C:\Users\Shree\.dotnet\tools;C:\Users\Shree\AppData\Local\GitHubDesktop\bin;
USERNAME=Meet
LANG=en_US.UTF-8
OS=Windows_NT
PROCESSOR_IDENTIFIER=Intel64 Family 6 Model 60 Stepping 3, GenuineIntel



---------------  S Y S T E M  ---------------

OS:
 Windows 10 , 64 bit Build 19041 (10.0.19041.3636)
OS uptime: 5 days 1:31 hours
Hyper-V role detected

CPU: total 4 (initial active 4) (4 cores per cpu, 1 threads per core) family 6 model 60 stepping 3 microcode 0x27, cx8, cmov, fxsr, mmx, sse, sse2, sse3, ssse3, sse4.1, sse4.2, popcnt, lzcnt, tsc, tscinvbit, avx, avx2, aes, erms, clmul, bmi1, bmi2, fma, vzeroupper, clflush, hv

Memory: 4k page, system-wide physical 12173M (300M free)
TotalPageFile size 24972M (AvailPageFile size 78M)
current process WorkingSet (physical memory assigned to process): 325M, peak: 379M
current process commit charge ("private bytes"): 530M, peak: 531M

vm_info: Java HotSpot(TM) 64-Bit Server VM (18.0.1.1+2-6) for windows-amd64 JRE (18.0.1.1+2-6), built on Apr 25 2022 21:53:15 by "mach5one" with MS VC++ 16.8 / 16.9 (VS2019)

END.
