#
# There is insufficient memory for the Java Runtime Environment to continue.
# Native memory allocation (mmap) failed to map 72351744 bytes for G1 virtual space
# Possible reasons:
#   The system is out of physical RAM or swap space
#   The process is running with CompressedOops enabled, and the Java Heap may be blocking the growth of the native heap
# Possible solutions:
#   Reduce memory load on the system
#   Increase physical memory or swap space
#   Check if swap backing store is full
#   Decrease Java heap size (-Xmx/-Xms)
#   Decrease number of Java threads
#   Decrease Java thread stack sizes (-Xss)
#   Set larger code cache with -XX:ReservedCodeCacheSize=
#   JVM is running with Unscaled Compressed Oops mode in which the Java heap is
#     placed in the first 4GB address space. The Java Heap base address is the
#     maximum limit for the native heap growth. Please use -XX:HeapBaseMinAddress
#     to set the Java Heap base and to place the Java Heap above 4GB virtual address.
# This output file may be truncated or incomplete.
#
#  Out of Memory Error (os_windows.cpp:3530), pid=12392, tid=19892
#
# JRE version: Java(TM) SE Runtime Environment (18.0.1.1+2) (build 18.0.1.1+2-6)
# Java VM: Java HotSpot(TM) 64-Bit Server VM (18.0.1.1+2-6, mixed mode, sharing, tiered, compressed oops, compressed class ptrs, g1 gc, windows-amd64)
# No core dump will be written. Minidumps are not enabled by default on client versions of Windows
#

---------------  S U M M A R Y ------------

Command Line: -XX:MaxMetaspaceSize=512m --add-opens=java.base/java.util=ALL-UNNAMED --add-opens=java.base/java.lang=ALL-UNNAMED --add-opens=java.base/java.lang.invoke=ALL-UNNAMED --add-opens=java.prefs/java.util.prefs=ALL-UNNAMED --add-opens=java.base/java.nio.charset=ALL-UNNAMED --add-opens=java.base/java.net=ALL-UNNAMED --add-opens=java.base/java.util.concurrent.atomic=ALL-UNNAMED -Xmx2048m -Dfile.encoding=UTF-8 -Duser.country=US -Duser.language=en -Duser.variant org.gradle.launcher.daemon.bootstrap.GradleDaemon 8.0.1

Host: Intel(R) Core(TM) i5-4590S CPU @ 3.00GHz, 4 cores, 11G,  Windows 10 , 64 bit Build 19041 (10.0.19041.3636)
Time: Tue Feb 27 15:43:46 2024 India Standard Time elapsed time: 427.391930 seconds (0d 0h 7m 7s)

---------------  T H R E A D  ---------------

Current thread (0x000002d9fc9d6d70):  VMThread "VM Thread" [stack: 0x000000f7ec400000,0x000000f7ec500000] [id=19892]

Stack: [0x000000f7ec400000,0x000000f7ec500000]
Native frames: (J=compiled Java code, j=interpreted, Vv=VM code, C=native code)
V  [jvm.dll+0x69887a]
V  [jvm.dll+0x7f38bd]
V  [jvm.dll+0x7f51ce]
V  [jvm.dll+0x7f5883]
V  [jvm.dll+0x25ca3f]
V  [jvm.dll+0x6957c9]
V  [jvm.dll+0x68a2fa]
V  [jvm.dll+0x321efb]
V  [jvm.dll+0x3298d6]
V  [jvm.dll+0x37e47e]
V  [jvm.dll+0x37e6af]
V  [jvm.dll+0x2f9c7a]
V  [jvm.dll+0x2fca76]
V  [jvm.dll+0x306ee5]
V  [jvm.dll+0x33bff0]
V  [jvm.dll+0x7fa66b]
V  [jvm.dll+0x7fb404]
V  [jvm.dll+0x7fb93c]
V  [jvm.dll+0x7fbd94]
V  [jvm.dll+0x7fbe57]
V  [jvm.dll+0x7a03ea]
V  [jvm.dll+0x697725]
C  [ucrtbase.dll+0x21bb2]
C  [KERNEL32.DLL+0x17344]
C  [ntdll.dll+0x526b1]

VM_Operation (0x000000f7ec0ff5f0): G1Concurrent, mode: safepoint, requested by thread 0x000002d9df09d8a0


---------------  P R O C E S S  ---------------

Threads class SMR info:
_java_thread_list=0x000002d9fed1b870, length=86, elements={
0x000002d9df02d2d0, 0x000002d9fc9dafe0, 0x000002d9fc9dc160, 0x000002d9fc9fa670,
0x000002d9fc9fdf40, 0x000002d9fc9fe7f0, 0x000002d9fc9ff0a0, 0x000002d9fc9ffc80,
0x000002d9fca00570, 0x000002d9fca82870, 0x000002d9fcc3d580, 0x000002d9fcc42c90,
0x000002d9fd789800, 0x000002d9fd32f7d0, 0x000002d9fdf7e250, 0x000002d9fd5e5fb0,
0x000002d9fd72bfc0, 0x000002d9fd72d920, 0x000002d9fd66e990, 0x000002d9fd482e00,
0x000002d9fd482930, 0x000002d9fd481ac0, 0x000002d9fd4837a0, 0x000002d9fd480c50,
0x000002d9fd481120, 0x000002d9fd484140, 0x000002d9fd482460, 0x000002d9fd9d9390,
0x000002d9fd9dd6f0, 0x000002d9fd9d8ec0, 0x000002d9fd9d9860, 0x000002d9fd9dc3b0,
0x000002d9fd9dba10, 0x000002d9fd9dd220, 0x000002d9fd9def00, 0x000002d9fd9daba0,
0x000002d9fd9ddbc0, 0x000002d9fd9d9d30, 0x000002d9fd9dbee0, 0x000002d9fd9df3d0,
0x000002d9fd9dcd50, 0x000002d9fd9da200, 0x000002d9fd9e0710, 0x000002d9fd9da6d0,
0x000002d9fd9db070, 0x000002d9fd481f90, 0x000002d9ff31c570, 0x000002d9ff31d8b0,
0x000002d9ff3186e0, 0x000002d9ff318bb0, 0x000002d9ff319a20, 0x000002d9ff31dd80,
0x000002d9ff31e720, 0x000002d9ff319080, 0x000002d9ff317d40, 0x000002d9ff318210,
0x000002d9ff31e250, 0x000002d9ff31ebf0, 0x000002d9ff319550, 0x000002d9ff31cf10,
0x000002d9ff319ef0, 0x000002d9ff31a3c0, 0x000002d9ff31c0a0, 0x000002d9ff31a890,
0x000002d9ff31ad60, 0x000002d9ff31d3e0, 0x000002d9ff317870, 0x000002d98478dae0,
0x000002d98478d140, 0x000002d9847914a0, 0x000002d984791e40, 0x000002d984792310,
0x000002d98478e950, 0x000002d984791970, 0x000002d984790b00, 0x000002d98478f7c0,
0x000002d98478c7a0, 0x000002d98478b460, 0x000002d98478ee20, 0x000002d984790fd0,
0x000002d98478dfb0, 0x000002d98478b930, 0x000002d9847927e0, 0x000002d98478fc90,
0x000002d98478e480, 0x000002d984db9120
}

Java Threads: ( => current thread )
  0x000002d9df02d2d0 JavaThread "main" [_thread_blocked, id=12832, stack(0x000000f7ebd00000,0x000000f7ebe00000)]
  0x000002d9fc9dafe0 JavaThread "Reference Handler" daemon [_thread_blocked, id=10744, stack(0x000000f7ec500000,0x000000f7ec600000)]
  0x000002d9fc9dc160 JavaThread "Finalizer" daemon [_thread_blocked, id=18088, stack(0x000000f7ec600000,0x000000f7ec700000)]
  0x000002d9fc9fa670 JavaThread "Signal Dispatcher" daemon [_thread_blocked, id=6956, stack(0x000000f7ec700000,0x000000f7ec800000)]
  0x000002d9fc9fdf40 JavaThread "Attach Listener" daemon [_thread_blocked, id=10184, stack(0x000000f7ec800000,0x000000f7ec900000)]
  0x000002d9fc9fe7f0 JavaThread "Service Thread" daemon [_thread_blocked, id=18992, stack(0x000000f7ec900000,0x000000f7eca00000)]
  0x000002d9fc9ff0a0 JavaThread "Monitor Deflation Thread" daemon [_thread_blocked, id=17212, stack(0x000000f7eca00000,0x000000f7ecb00000)]
  0x000002d9fc9ffc80 JavaThread "C2 CompilerThread0" daemon [_thread_blocked, id=5044, stack(0x000000f7ecb00000,0x000000f7ecc00000)]
  0x000002d9fca00570 JavaThread "C1 CompilerThread0" daemon [_thread_blocked, id=2744, stack(0x000000f7ecc00000,0x000000f7ecd00000)]
  0x000002d9fca82870 JavaThread "Sweeper thread" daemon [_thread_blocked, id=9532, stack(0x000000f7ecd00000,0x000000f7ece00000)]
  0x000002d9fcc3d580 JavaThread "Common-Cleaner" daemon [_thread_blocked, id=13356, stack(0x000000f7ece00000,0x000000f7ecf00000)]
  0x000002d9fcc42c90 JavaThread "Notification Thread" daemon [_thread_blocked, id=15436, stack(0x000000f7ecf00000,0x000000f7ed000000)]
  0x000002d9fd789800 JavaThread "Daemon health stats" [_thread_blocked, id=20720, stack(0x000000f7ed400000,0x000000f7ed500000)]
  0x000002d9fd32f7d0 JavaThread "Incoming local TCP Connector on port 65046" [_thread_in_native, id=20972, stack(0x000000f7ed500000,0x000000f7ed600000)]
  0x000002d9fdf7e250 JavaThread "Daemon periodic checks" [_thread_blocked, id=20984, stack(0x000000f7ed600000,0x000000f7ed700000)]
  0x000002d9fd5e5fb0 JavaThread "Daemon" [_thread_blocked, id=20996, stack(0x000000f7ed700000,0x000000f7ed800000)]
  0x000002d9fd72bfc0 JavaThread "Handler for socket connection from /127.0.0.1:65046 to /127.0.0.1:65047" [_thread_in_native, id=21008, stack(0x000000f7ed800000,0x000000f7ed900000)]
  0x000002d9fd72d920 JavaThread "Cancel handler" [_thread_blocked, id=21032, stack(0x000000f7ed900000,0x000000f7eda00000)]
  0x000002d9fd66e990 JavaThread "Daemon worker" [_thread_blocked, id=21036, stack(0x000000f7eda00000,0x000000f7edb00000)]
  0x000002d9fd482e00 JavaThread "Asynchronous log dispatcher for DefaultDaemonConnection: socket connection from /127.0.0.1:65046 to /127.0.0.1:65047" [_thread_blocked, id=21064, stack(0x000000f7edb00000,0x000000f7edc00000)]
  0x000002d9fd482930 JavaThread "Daemon client event forwarder" [_thread_blocked, id=21072, stack(0x000000f7edd00000,0x000000f7ede00000)]
  0x000002d9fd481ac0 JavaThread "Cache worker for journal cache (C:\Users\Shree\.gradle\caches\journal-1)" [_thread_blocked, id=21156, stack(0x000000f7ede00000,0x000000f7edf00000)]
  0x000002d9fd4837a0 JavaThread "File lock request listener" [_thread_in_native, id=21160, stack(0x000000f7edf00000,0x000000f7ee000000)]
  0x000002d9fd480c50 JavaThread "Cache worker for file hash cache (C:\Users\Shree\.gradle\caches\8.0.1\fileHashes)" [_thread_blocked, id=21288, stack(0x000000f7ee000000,0x000000f7ee100000)]
  0x000002d9fd481120 JavaThread "File watcher server" daemon [_thread_in_native, id=3992, stack(0x000000f7ee200000,0x000000f7ee300000)]
  0x000002d9fd484140 JavaThread "File watcher consumer" daemon [_thread_blocked, id=3508, stack(0x000000f7ee300000,0x000000f7ee400000)]
  0x000002d9fd482460 JavaThread "Cache worker for checksums cache (D:\Projects\Panchal_App\android\.gradle\8.0.1\checksums)" [_thread_blocked, id=20484, stack(0x000000f7ee400000,0x000000f7ee500000)]
  0x000002d9fd9d9390 JavaThread "Cache worker for cache directory md-rule (C:\Users\Shree\.gradle\caches\8.0.1\md-rule)" [_thread_blocked, id=21128, stack(0x000000f7ee500000,0x000000f7ee600000)]
  0x000002d9fd9dd6f0 JavaThread "Cache worker for file content cache (C:\Users\Shree\.gradle\caches\8.0.1\fileContent)" [_thread_blocked, id=20768, stack(0x000000f7ee600000,0x000000f7ee700000)]
  0x000002d9fd9d8ec0 JavaThread "Cache worker for file hash cache (D:\Projects\Panchal_App\android\.gradle\8.0.1\fileHashes)" [_thread_blocked, id=20672, stack(0x000000f7ee700000,0x000000f7ee800000)]
  0x000002d9fd9d9860 JavaThread "Cache worker for cache directory md-supplier (C:\Users\Shree\.gradle\caches\8.0.1\md-supplier)" [_thread_blocked, id=21432, stack(0x000000f7ee800000,0x000000f7ee900000)]
  0x000002d9fd9dc3b0 JavaThread "Cache worker for execution history cache (C:\Users\Shree\.gradle\caches\8.0.1\executionHistory)" [_thread_blocked, id=21192, stack(0x000000f7ee900000,0x000000f7eea00000)]
  0x000002d9fd9dba10 JavaThread "jar transforms" [_thread_blocked, id=17864, stack(0x000000f7eea00000,0x000000f7eeb00000)]
  0x000002d9fd9dd220 JavaThread "jar transforms Thread 2" [_thread_blocked, id=20356, stack(0x000000f7eec00000,0x000000f7eed00000)]
  0x000002d9fd9def00 JavaThread "jar transforms Thread 3" [_thread_blocked, id=17432, stack(0x000000f7eed00000,0x000000f7eee00000)]
  0x000002d9fd9daba0 JavaThread "jar transforms Thread 4" [_thread_blocked, id=14208, stack(0x000000f7eee00000,0x000000f7eef00000)]
  0x000002d9fd9ddbc0 JavaThread "Cache worker for kotlin-dsl (C:\Users\Shree\.gradle\caches\8.0.1\kotlin-dsl)" [_thread_blocked, id=10092, stack(0x000000f7ebc00000,0x000000f7ebd00000)]
  0x000002d9fd9d9d30 JavaThread "Cache worker for dependencies-accessors (D:\Projects\Panchal_App\android\.gradle\8.0.1\dependencies-accessors)" [_thread_blocked, id=13012, stack(0x000000f7ebe00000,0x000000f7ebf00000)]
  0x000002d9fd9dbee0 JavaThread "Cache worker for Build Output Cleanup Cache (D:\Projects\Panchal_App\node_modules\@react-native\gradle-plugin\.gradle\buildOutputCleanup)" [_thread_blocked, id=22548, stack(0x000000f7edc00000,0x000000f7edd00000)]
  0x000002d9fd9df3d0 JavaThread "Unconstrained build operations" [_thread_blocked, id=22764, stack(0x000000f7ef100000,0x000000f7ef200000)]
  0x000002d9fd9dcd50 JavaThread "Unconstrained build operations Thread 2" [_thread_blocked, id=22768, stack(0x000000f7ef200000,0x000000f7ef300000)]
  0x000002d9fd9da200 JavaThread "Unconstrained build operations Thread 3" [_thread_blocked, id=22772, stack(0x000000f7ef300000,0x000000f7ef400000)]
  0x000002d9fd9e0710 JavaThread "Unconstrained build operations Thread 4" [_thread_blocked, id=22776, stack(0x000000f7ef400000,0x000000f7ef500000)]
  0x000002d9fd9da6d0 JavaThread "Unconstrained build operations Thread 5" [_thread_blocked, id=22780, stack(0x000000f7ef500000,0x000000f7ef600000)]
  0x000002d9fd9db070 JavaThread "Unconstrained build operations Thread 6" [_thread_blocked, id=22784, stack(0x000000f7ef600000,0x000000f7ef700000)]
  0x000002d9fd481f90 JavaThread "Unconstrained build operations Thread 7" [_thread_blocked, id=22788, stack(0x000000f7ef700000,0x000000f7ef800000)]
  0x000002d9ff31c570 JavaThread "Unconstrained build operations Thread 8" [_thread_blocked, id=22792, stack(0x000000f7ef800000,0x000000f7ef900000)]
  0x000002d9ff31d8b0 JavaThread "Unconstrained build operations Thread 9" [_thread_blocked, id=22796, stack(0x000000f7ef900000,0x000000f7efa00000)]
  0x000002d9ff3186e0 JavaThread "Unconstrained build operations Thread 10" [_thread_blocked, id=22800, stack(0x000000f7efa00000,0x000000f7efb00000)]
  0x000002d9ff318bb0 JavaThread "Unconstrained build operations Thread 11" [_thread_blocked, id=22804, stack(0x000000f7efb00000,0x000000f7efc00000)]
  0x000002d9ff319a20 JavaThread "Unconstrained build operations Thread 12" [_thread_blocked, id=22808, stack(0x000000f7efc00000,0x000000f7efd00000)]
  0x000002d9ff31dd80 JavaThread "Unconstrained build operations Thread 13" [_thread_blocked, id=22812, stack(0x000000f7efd00000,0x000000f7efe00000)]
  0x000002d9ff31e720 JavaThread "Unconstrained build operations Thread 14" [_thread_blocked, id=22816, stack(0x000000f7efe00000,0x000000f7eff00000)]
  0x000002d9ff319080 JavaThread "Unconstrained build operations Thread 15" [_thread_blocked, id=22820, stack(0x000000f7eff00000,0x000000f7f0000000)]
  0x000002d9ff317d40 JavaThread "Unconstrained build operations Thread 16" [_thread_blocked, id=22824, stack(0x000000f7f0000000,0x000000f7f0100000)]
  0x000002d9ff318210 JavaThread "Unconstrained build operations Thread 17" [_thread_blocked, id=22828, stack(0x000000f7f0100000,0x000000f7f0200000)]
  0x000002d9ff31e250 JavaThread "Unconstrained build operations Thread 18" [_thread_blocked, id=22832, stack(0x000000f7f0200000,0x000000f7f0300000)]
  0x000002d9ff31ebf0 JavaThread "Unconstrained build operations Thread 19" [_thread_blocked, id=22836, stack(0x000000f7f0300000,0x000000f7f0400000)]
  0x000002d9ff319550 JavaThread "Unconstrained build operations Thread 20" [_thread_blocked, id=22840, stack(0x000000f7f0400000,0x000000f7f0500000)]
  0x000002d9ff31cf10 JavaThread "Unconstrained build operations Thread 21" [_thread_blocked, id=22844, stack(0x000000f7f0500000,0x000000f7f0600000)]
  0x000002d9ff319ef0 JavaThread "Unconstrained build operations Thread 22" [_thread_blocked, id=22848, stack(0x000000f7f0600000,0x000000f7f0700000)]
  0x000002d9ff31a3c0 JavaThread "Unconstrained build operations Thread 23" [_thread_blocked, id=22852, stack(0x000000f7f0700000,0x000000f7f0800000)]
  0x000002d9ff31c0a0 JavaThread "Unconstrained build operations Thread 24" [_thread_blocked, id=22856, stack(0x000000f7f0800000,0x000000f7f0900000)]
  0x000002d9ff31a890 JavaThread "Unconstrained build operations Thread 25" [_thread_blocked, id=22860, stack(0x000000f7f0900000,0x000000f7f0a00000)]
  0x000002d9ff31ad60 JavaThread "Unconstrained build operations Thread 26" [_thread_blocked, id=22864, stack(0x000000f7f0a00000,0x000000f7f0b00000)]
  0x000002d9ff31d3e0 JavaThread "Memory manager" [_thread_blocked, id=5012, stack(0x000000f7f0b00000,0x000000f7f0c00000)]
  0x000002d9ff317870 JavaThread "Cache worker for Build Output Cleanup Cache (D:\Projects\Panchal_App\android\.gradle\buildOutputCleanup)" [_thread_blocked, id=21412, stack(0x000000f7f0c00000,0x000000f7f0d00000)]
  0x000002d98478dae0 JavaThread "Execution worker" [_thread_blocked, id=13280, stack(0x000000f7f0e00000,0x000000f7f0f00000)]
  0x000002d98478d140 JavaThread "Execution worker Thread 2" [_thread_blocked, id=19236, stack(0x000000f7f0f00000,0x000000f7f1000000)]
  0x000002d9847914a0 JavaThread "Execution worker Thread 3" [_thread_blocked, id=22732, stack(0x000000f7f1000000,0x000000f7f1100000)]
  0x000002d984791e40 JavaThread "Cache worker for execution history cache (D:\Projects\Panchal_App\node_modules\@react-native\gradle-plugin\.gradle\8.0.1\executionHistory)" [_thread_blocked, id=11928, stack(0x000000f7f1100000,0x000000f7f1200000)]
  0x000002d984792310 JavaThread "Unconstrained build operations Thread 27" [_thread_blocked, id=14564, stack(0x000000f7f1200000,0x000000f7f1300000)]
  0x000002d98478e950 JavaThread "Unconstrained build operations Thread 28" [_thread_blocked, id=8400, stack(0x000000f7f1300000,0x000000f7f1400000)]
  0x000002d984791970 JavaThread "Unconstrained build operations Thread 29" [_thread_blocked, id=9788, stack(0x000000f7f1400000,0x000000f7f1500000)]
  0x000002d984790b00 JavaThread "Unconstrained build operations Thread 30" [_thread_blocked, id=22096, stack(0x000000f7f1500000,0x000000f7f1600000)]
  0x000002d98478f7c0 JavaThread "Unconstrained build operations Thread 31" [_thread_blocked, id=23568, stack(0x000000f7eef00000,0x000000f7ef000000)]
  0x000002d98478c7a0 JavaThread "Unconstrained build operations Thread 32" [_thread_blocked, id=23572, stack(0x000000f7f1600000,0x000000f7f1700000)]
  0x000002d98478b460 JavaThread "Unconstrained build operations Thread 33" [_thread_blocked, id=23576, stack(0x000000f7f1700000,0x000000f7f1800000)]
  0x000002d98478ee20 JavaThread "Unconstrained build operations Thread 34" [_thread_blocked, id=23580, stack(0x000000f7f1800000,0x000000f7f1900000)]
  0x000002d984790fd0 JavaThread "Unconstrained build operations Thread 35" [_thread_blocked, id=23584, stack(0x000000f7f1900000,0x000000f7f1a00000)]
  0x000002d98478dfb0 JavaThread "Unconstrained build operations Thread 36" [_thread_blocked, id=23588, stack(0x000000f7f1a00000,0x000000f7f1b00000)]
  0x000002d98478b930 JavaThread "Unconstrained build operations Thread 37" [_thread_blocked, id=23592, stack(0x000000f7f1b00000,0x000000f7f1c00000)]
  0x000002d9847927e0 JavaThread "Unconstrained build operations Thread 38" [_thread_blocked, id=23596, stack(0x000000f7f1c00000,0x000000f7f1d00000)]
  0x000002d98478fc90 JavaThread "Unconstrained build operations Thread 39" [_thread_blocked, id=23600, stack(0x000000f7f1d00000,0x000000f7f1e00000)]
  0x000002d98478e480 JavaThread "Unconstrained build operations Thread 40" [_thread_blocked, id=23604, stack(0x000000f7f1e00000,0x000000f7f1f00000)]
  0x000002d984db9120 JavaThread "File lock release action executor Thread 2" [_thread_blocked, id=23860, stack(0x000000f7f1f00000,0x000000f7f2000000)]

Other Threads:
=>0x000002d9fc9d6d70 VMThread "VM Thread" [stack: 0x000000f7ec400000,0x000000f7ec500000] [id=19892]
  0x000002d9fcc43560 WatcherThread "VM Periodic Task Thread" [stack: 0x000000f7ed000000,0x000000f7ed100000] [id=12152]
  0x000002d9df08ca60 WorkerThread "GC Thread#0" [stack: 0x000000f7ebf00000,0x000000f7ec000000] [id=13428]
  0x000002d9fcec98e0 WorkerThread "GC Thread#1" [stack: 0x000000f7ed100000,0x000000f7ed200000] [id=16152]
  0x000002d9fcf8de60 WorkerThread "GC Thread#2" [stack: 0x000000f7ed200000,0x000000f7ed300000] [id=1596]
  0x000002d9fcf8e100 WorkerThread "GC Thread#3" [stack: 0x000000f7ed300000,0x000000f7ed400000] [id=7252]
  0x000002d9df09d8a0 ConcurrentGCThread "G1 Main Marker" [stack: 0x000000f7ec000000,0x000000f7ec100000] [id=7048]
  0x000002d9df09e1a0 WorkerThread "G1 Conc#0" [stack: 0x000000f7ec100000,0x000000f7ec200000] [id=16876]
  0x000002d9df0eebc0 ConcurrentGCThread "G1 Refine#0" [stack: 0x000000f7ec200000,0x000000f7ec300000] [id=1044]
  0x000002d9fea6bab0 ConcurrentGCThread "G1 Refine#1" [stack: 0x000000f7eeb00000,0x000000f7eec00000] [id=20968]
  0x000002d985752c90 ConcurrentGCThread "G1 Refine#2" [stack: 0x000000f7ee100000,0x000000f7ee200000] [id=8144]
  0x000002d9fc8915e0 ConcurrentGCThread "G1 Service" [stack: 0x000000f7ec300000,0x000000f7ec400000] [id=20056]

Threads with active compile tasks:

VM state: at safepoint (normal execution)

VM Mutex/Monitor currently owned by a thread:  ([mutex/lock_event])
[0x000002d9df029a20] Threads_lock - owner thread: 0x000002d9fc9d6d70
[0x000002d9df02a170] Heap_lock - owner thread: 0x000002d9df09d8a0

Heap address: 0x0000000080000000, size: 2048 MB, Compressed Oops mode: 32-bit

CDS archive(s) mapped at: [0x0000000800000000-0x0000000800ba0000-0x0000000800ba0000), size 12189696, SharedBaseAddress: 0x0000000800000000, ArchiveRelocationMode: 0.
Compressed class space mapped at: 0x0000000800c00000-0x000000081a800000, reserved size: 432013312
Narrow klass base: 0x0000000800000000, Narrow klass shift: 0, Narrow klass range: 0x100000000

GC Precious Log:
 CardTable entry size: 512
 Card Set container configuration: InlinePtr #cards 5 size 8 Array Of Cards #cards 12 size 40 Howl #buckets 4 coarsen threshold 1843 Howl Bitmap #cards 512 size 80 coarsen threshold 460 Card regions per heap region 1 cards per card region 2048
 CPUs: 4 total, 4 available
 Memory: 12173M
 Large Page Support: Disabled
 NUMA Support: Disabled
 Compressed Oops: Enabled (32-bit)
 Heap Region Size: 1M
 Heap Min Capacity: 8M
 Heap Initial Capacity: 192M
 Heap Max Capacity: 2G
 Pre-touch: Disabled
 Parallel Workers: 4
 Concurrent Workers: 1
 Concurrent Refinement Workers: 4
 Periodic GC: Disabled

Heap:
 garbage-first heap   total 282624K, used 210305K [0x0000000080000000, 0x0000000100000000)
  region size 1024K, 13 young (13312K), 6 survivors (6144K)
 Metaspace       used 98935K, committed 101568K, reserved 552960K
  class space    used 13618K, committed 14912K, reserved 421888K

Heap Regions: E=young(eden), S=young(survivor), O=old, HS=humongous(starts), HC=humongous(continues), CS=collection set, F=free, OA=open archive, CA=closed archive, TAMS=top-at-mark-start (previous, next)
|   0|0x0000000080000000, 0x0000000080100000, 0x0000000080100000|100%| O|  |TAMS 0x0000000080100000, 0x0000000080000000| Untracked 
|   1|0x0000000080100000, 0x0000000080200000, 0x0000000080200000|100%| O|  |TAMS 0x0000000080200000, 0x0000000080100000| Untracked 
|   2|0x0000000080200000, 0x0000000080300000, 0x0000000080300000|100%|HS|  |TAMS 0x0000000080300000, 0x0000000080200000| Complete 
|   3|0x0000000080300000, 0x0000000080400000, 0x0000000080400000|100%|HC|  |TAMS 0x0000000080400000, 0x0000000080300000| Complete 
|   4|0x0000000080400000, 0x0000000080500000, 0x0000000080500000|100%|HC|  |TAMS 0x0000000080500000, 0x0000000080400000| Complete 
|   5|0x0000000080500000, 0x0000000080600000, 0x0000000080600000|100%|HC|  |TAMS 0x0000000080600000, 0x0000000080500000| Complete 
|   6|0x0000000080600000, 0x0000000080700000, 0x0000000080700000|100%| O|  |TAMS 0x0000000080700000, 0x0000000080600000| Untracked 
|   7|0x0000000080700000, 0x0000000080800000, 0x0000000080800000|100%| O|  |TAMS 0x0000000080800000, 0x0000000080700000| Untracked 
|   8|0x0000000080800000, 0x0000000080900000, 0x0000000080900000|100%| O|  |TAMS 0x0000000080900000, 0x0000000080800000| Untracked 
|   9|0x0000000080900000, 0x0000000080a00000, 0x0000000080a00000|100%| O|  |TAMS 0x0000000080a00000, 0x0000000080900000| Untracked 
|  10|0x0000000080a00000, 0x0000000080b00000, 0x0000000080b00000|100%| O|  |TAMS 0x0000000080b00000, 0x0000000080a00000| Untracked 
|  11|0x0000000080b00000, 0x0000000080c00000, 0x0000000080c00000|100%| O|  |TAMS 0x0000000080c00000, 0x0000000080b00000| Untracked 
|  12|0x0000000080c00000, 0x0000000080d00000, 0x0000000080d00000|100%| O|  |TAMS 0x0000000080d00000, 0x0000000080c00000| Untracked 
|  13|0x0000000080d00000, 0x0000000080e00000, 0x0000000080e00000|100%| O|  |TAMS 0x0000000080e00000, 0x0000000080d00000| Untracked 
|  14|0x0000000080e00000, 0x0000000080f00000, 0x0000000080f00000|100%| O|  |TAMS 0x0000000080f00000, 0x0000000080e00000| Untracked 
|  15|0x0000000080f00000, 0x0000000081000000, 0x0000000081000000|100%| O|  |TAMS 0x0000000081000000, 0x0000000080f00000| Untracked 
|  16|0x0000000081000000, 0x0000000081100000, 0x0000000081100000|100%| O|  |TAMS 0x0000000081100000, 0x0000000081000000| Untracked 
|  17|0x0000000081100000, 0x0000000081200000, 0x0000000081200000|100%| O|  |TAMS 0x0000000081200000, 0x0000000081100000| Untracked 
|  18|0x0000000081200000, 0x0000000081300000, 0x0000000081300000|100%| O|  |TAMS 0x0000000081300000, 0x0000000081200000| Untracked 
|  19|0x0000000081300000, 0x0000000081400000, 0x0000000081400000|100%| O|  |TAMS 0x0000000081400000, 0x0000000081300000| Untracked 
|  20|0x0000000081400000, 0x0000000081500000, 0x0000000081500000|100%| O|  |TAMS 0x0000000081500000, 0x0000000081400000| Updating 
|  21|0x0000000081500000, 0x0000000081600000, 0x0000000081600000|100%| O|  |TAMS 0x0000000081600000, 0x0000000081500000| Untracked 
|  22|0x0000000081600000, 0x0000000081700000, 0x0000000081700000|100%| O|  |TAMS 0x0000000081700000, 0x0000000081600000| Untracked 
|  23|0x0000000081700000, 0x0000000081800000, 0x0000000081800000|100%| O|  |TAMS 0x0000000081800000, 0x0000000081700000| Untracked 
|  24|0x0000000081800000, 0x0000000081900000, 0x0000000081900000|100%| O|  |TAMS 0x0000000081900000, 0x0000000081800000| Updating 
|  25|0x0000000081900000, 0x0000000081a00000, 0x0000000081a00000|100%| O|  |TAMS 0x0000000081a00000, 0x0000000081900000| Updating 
|  26|0x0000000081a00000, 0x0000000081b00000, 0x0000000081b00000|100%| O|  |TAMS 0x0000000081b00000, 0x0000000081a00000| Untracked 
|  27|0x0000000081b00000, 0x0000000081c00000, 0x0000000081c00000|100%| O|  |TAMS 0x0000000081c00000, 0x0000000081b00000| Untracked 
|  28|0x0000000081c00000, 0x0000000081d00000, 0x0000000081d00000|100%| O|  |TAMS 0x0000000081d00000, 0x0000000081c00000| Untracked 
|  29|0x0000000081d00000, 0x0000000081e00000, 0x0000000081e00000|100%| O|  |TAMS 0x0000000081e00000, 0x0000000081d00000| Untracked 
|  30|0x0000000081e00000, 0x0000000081f00000, 0x0000000081f00000|100%| O|  |TAMS 0x0000000081f00000, 0x0000000081e00000| Untracked 
|  31|0x0000000081f00000, 0x0000000082000000, 0x0000000082000000|100%| O|  |TAMS 0x0000000082000000, 0x0000000081f00000| Untracked 
|  32|0x0000000082000000, 0x0000000082100000, 0x0000000082100000|100%| O|  |TAMS 0x0000000082100000, 0x0000000082000000| Untracked 
|  33|0x0000000082100000, 0x0000000082200000, 0x0000000082200000|100%|HS|  |TAMS 0x0000000082200000, 0x0000000082100000| Complete 
|  34|0x0000000082200000, 0x0000000082300000, 0x0000000082300000|100%|HC|  |TAMS 0x0000000082300000, 0x0000000082200000| Complete 
|  35|0x0000000082300000, 0x0000000082400000, 0x0000000082400000|100%| O|  |TAMS 0x0000000082400000, 0x0000000082300000| Untracked 
|  36|0x0000000082400000, 0x0000000082500000, 0x0000000082500000|100%| O|  |TAMS 0x0000000082500000, 0x0000000082400000| Updating 
|  37|0x0000000082500000, 0x0000000082600000, 0x0000000082600000|100%|HS|  |TAMS 0x0000000082600000, 0x0000000082500000| Complete 
|  38|0x0000000082600000, 0x0000000082700000, 0x0000000082700000|100%|HC|  |TAMS 0x0000000082700000, 0x0000000082600000| Complete 
|  39|0x0000000082700000, 0x0000000082800000, 0x0000000082800000|100%|HC|  |TAMS 0x0000000082800000, 0x0000000082700000| Complete 
|  40|0x0000000082800000, 0x0000000082900000, 0x0000000082900000|100%|HC|  |TAMS 0x0000000082900000, 0x0000000082800000| Complete 
|  41|0x0000000082900000, 0x0000000082a00000, 0x0000000082a00000|100%| O|  |TAMS 0x0000000082a00000, 0x0000000082900000| Untracked 
|  42|0x0000000082a00000, 0x0000000082b00000, 0x0000000082b00000|100%| O|  |TAMS 0x0000000082b00000, 0x0000000082a00000| Updating 
|  43|0x0000000082b00000, 0x0000000082c00000, 0x0000000082c00000|100%| O|  |TAMS 0x0000000082c00000, 0x0000000082b00000| Untracked 
|  44|0x0000000082c00000, 0x0000000082d00000, 0x0000000082d00000|100%| O|  |TAMS 0x0000000082d00000, 0x0000000082c00000| Updating 
|  45|0x0000000082d00000, 0x0000000082e00000, 0x0000000082e00000|100%| O|  |TAMS 0x0000000082e00000, 0x0000000082d00000| Untracked 
|  46|0x0000000082e00000, 0x0000000082f00000, 0x0000000082f00000|100%| O|  |TAMS 0x0000000082f00000, 0x0000000082e00000| Untracked 
|  47|0x0000000082f00000, 0x0000000083000000, 0x0000000083000000|100%| O|  |TAMS 0x0000000083000000, 0x0000000082f00000| Untracked 
|  48|0x0000000083000000, 0x0000000083100000, 0x0000000083100000|100%| O|  |TAMS 0x0000000083100000, 0x0000000083000000| Untracked 
|  49|0x0000000083100000, 0x0000000083200000, 0x0000000083200000|100%| O|  |TAMS 0x0000000083200000, 0x0000000083100000| Untracked 
|  50|0x0000000083200000, 0x0000000083300000, 0x0000000083300000|100%| O|  |TAMS 0x0000000083300000, 0x0000000083200000| Untracked 
|  51|0x0000000083300000, 0x0000000083400000, 0x0000000083400000|100%| O|  |TAMS 0x0000000083400000, 0x0000000083300000| Untracked 
|  52|0x0000000083400000, 0x0000000083500000, 0x0000000083500000|100%| O|  |TAMS 0x0000000083500000, 0x0000000083400000| Untracked 
|  53|0x0000000083500000, 0x0000000083600000, 0x0000000083600000|100%| O|  |TAMS 0x0000000083600000, 0x0000000083500000| Updating 
|  54|0x0000000083600000, 0x0000000083700000, 0x0000000083700000|100%| O|  |TAMS 0x0000000083700000, 0x0000000083600000| Untracked 
|  55|0x0000000083700000, 0x0000000083800000, 0x0000000083800000|100%| O|  |TAMS 0x0000000083800000, 0x0000000083700000| Updating 
|  56|0x0000000083800000, 0x0000000083900000, 0x0000000083900000|100%| O|  |TAMS 0x0000000083900000, 0x0000000083800000| Untracked 
|  57|0x0000000083900000, 0x0000000083a00000, 0x0000000083a00000|100%| O|  |TAMS 0x0000000083a00000, 0x0000000083900000| Updating 
|  58|0x0000000083a00000, 0x0000000083b00000, 0x0000000083b00000|100%|HS|  |TAMS 0x0000000083b00000, 0x0000000083a00000| Complete 
|  59|0x0000000083b00000, 0x0000000083c00000, 0x0000000083c00000|100%|HS|  |TAMS 0x0000000083c00000, 0x0000000083b00000| Complete 
|  60|0x0000000083c00000, 0x0000000083d00000, 0x0000000083d00000|100%| O|  |TAMS 0x0000000083d00000, 0x0000000083c00000| Untracked 
|  61|0x0000000083d00000, 0x0000000083e00000, 0x0000000083e00000|100%| O|  |TAMS 0x0000000083e00000, 0x0000000083d00000| Untracked 
|  62|0x0000000083e00000, 0x0000000083f00000, 0x0000000083f00000|100%| O|  |TAMS 0x0000000083f00000, 0x0000000083e00000| Untracked 
|  63|0x0000000083f00000, 0x0000000084000000, 0x0000000084000000|100%| O|  |TAMS 0x0000000084000000, 0x0000000083f00000| Untracked 
|  64|0x0000000084000000, 0x0000000084100000, 0x0000000084100000|100%| O|  |TAMS 0x0000000084100000, 0x0000000084000000| Updating 
|  65|0x0000000084100000, 0x0000000084200000, 0x0000000084200000|100%| O|  |TAMS 0x0000000084200000, 0x0000000084100000| Untracked 
|  66|0x0000000084200000, 0x0000000084300000, 0x0000000084300000|100%| O|  |TAMS 0x0000000084300000, 0x0000000084200000| Untracked 
|  67|0x0000000084300000, 0x0000000084400000, 0x0000000084400000|100%| O|  |TAMS 0x0000000084400000, 0x0000000084300000| Untracked 
|  68|0x0000000084400000, 0x0000000084500000, 0x0000000084500000|100%| O|  |TAMS 0x0000000084500000, 0x0000000084400000| Untracked 
|  69|0x0000000084500000, 0x0000000084600000, 0x0000000084600000|100%| O|  |TAMS 0x0000000084600000, 0x0000000084500000| Untracked 
|  70|0x0000000084600000, 0x0000000084700000, 0x0000000084700000|100%| O|  |TAMS 0x0000000084700000, 0x0000000084600000| Untracked 
|  71|0x0000000084700000, 0x0000000084800000, 0x0000000084800000|100%| O|  |TAMS 0x0000000084800000, 0x0000000084700000| Untracked 
|  72|0x0000000084800000, 0x0000000084900000, 0x0000000084900000|100%| O|  |TAMS 0x0000000084900000, 0x0000000084800000| Untracked 
|  73|0x0000000084900000, 0x0000000084a00000, 0x0000000084a00000|100%| O|  |TAMS 0x0000000084a00000, 0x0000000084900000| Updating 
|  74|0x0000000084a00000, 0x0000000084b00000, 0x0000000084b00000|100%| O|  |TAMS 0x0000000084b00000, 0x0000000084a00000| Untracked 
|  75|0x0000000084b00000, 0x0000000084c00000, 0x0000000084c00000|100%| O|  |TAMS 0x0000000084c00000, 0x0000000084b00000| Untracked 
|  76|0x0000000084c00000, 0x0000000084d00000, 0x0000000084d00000|100%| O|  |TAMS 0x0000000084d00000, 0x0000000084c00000| Untracked 
|  77|0x0000000084d00000, 0x0000000084e00000, 0x0000000084e00000|100%| O|  |TAMS 0x0000000084e00000, 0x0000000084d00000| Untracked 
|  78|0x0000000084e00000, 0x0000000084f00000, 0x0000000084f00000|100%| O|  |TAMS 0x0000000084f00000, 0x0000000084e00000| Untracked 
|  79|0x0000000084f00000, 0x0000000085000000, 0x0000000085000000|100%| O|  |TAMS 0x0000000085000000, 0x0000000084f00000| Updating 
|  80|0x0000000085000000, 0x0000000085100000, 0x0000000085100000|100%| O|  |TAMS 0x0000000085100000, 0x0000000085000000| Untracked 
|  81|0x0000000085100000, 0x0000000085200000, 0x0000000085200000|100%| O|  |TAMS 0x0000000085200000, 0x0000000085100000| Untracked 
|  82|0x0000000085200000, 0x0000000085300000, 0x0000000085300000|100%| O|  |TAMS 0x0000000085300000, 0x0000000085200000| Untracked 
|  83|0x0000000085300000, 0x0000000085400000, 0x0000000085400000|100%| O|  |TAMS 0x0000000085400000, 0x0000000085300000| Untracked 
|  84|0x0000000085400000, 0x0000000085500000, 0x0000000085500000|100%| O|  |TAMS 0x0000000085500000, 0x0000000085400000| Untracked 
|  85|0x0000000085500000, 0x0000000085600000, 0x0000000085600000|100%|HS|  |TAMS 0x0000000085600000, 0x0000000085500000| Complete 
|  86|0x0000000085600000, 0x0000000085700000, 0x0000000085700000|100%|HC|  |TAMS 0x0000000085700000, 0x0000000085600000| Complete 
|  87|0x0000000085700000, 0x0000000085800000, 0x0000000085800000|100%|HS|  |TAMS 0x0000000085800000, 0x0000000085700000| Complete 
|  88|0x0000000085800000, 0x0000000085900000, 0x0000000085900000|100%|HC|  |TAMS 0x0000000085900000, 0x0000000085800000| Complete 
|  89|0x0000000085900000, 0x0000000085a00000, 0x0000000085a00000|100%|HC|  |TAMS 0x0000000085a00000, 0x0000000085900000| Complete 
|  90|0x0000000085a00000, 0x0000000085b00000, 0x0000000085b00000|100%|HC|  |TAMS 0x0000000085b00000, 0x0000000085a00000| Complete 
|  91|0x0000000085b00000, 0x0000000085c00000, 0x0000000085c00000|100%| O|  |TAMS 0x0000000085c00000, 0x0000000085b00000| Untracked 
|  92|0x0000000085c00000, 0x0000000085d00000, 0x0000000085d00000|100%| O|  |TAMS 0x0000000085d00000, 0x0000000085c00000| Untracked 
|  93|0x0000000085d00000, 0x0000000085e00000, 0x0000000085e00000|100%| O|  |TAMS 0x0000000085e00000, 0x0000000085d00000| Untracked 
|  94|0x0000000085e00000, 0x0000000085f00000, 0x0000000085f00000|100%| O|  |TAMS 0x0000000085f00000, 0x0000000085e00000| Untracked 
|  95|0x0000000085f00000, 0x0000000086000000, 0x0000000086000000|100%| O|  |TAMS 0x0000000086000000, 0x0000000085f00000| Updating 
|  96|0x0000000086000000, 0x0000000086100000, 0x0000000086100000|100%| O|  |TAMS 0x0000000086100000, 0x0000000086000000| Updating 
|  97|0x0000000086100000, 0x0000000086200000, 0x0000000086200000|100%| O|  |TAMS 0x0000000086200000, 0x0000000086100000| Updating 
|  98|0x0000000086200000, 0x0000000086300000, 0x0000000086300000|100%|HS|  |TAMS 0x0000000086300000, 0x0000000086200000| Complete 
|  99|0x0000000086300000, 0x0000000086400000, 0x0000000086400000|100%|HS|  |TAMS 0x0000000086400000, 0x0000000086300000| Complete 
| 100|0x0000000086400000, 0x0000000086500000, 0x0000000086500000|100%|HS|  |TAMS 0x0000000086500000, 0x0000000086400000| Complete 
| 101|0x0000000086500000, 0x0000000086600000, 0x0000000086600000|100%|HS|  |TAMS 0x0000000086600000, 0x0000000086500000| Complete 
| 102|0x0000000086600000, 0x0000000086700000, 0x0000000086700000|100%|HC|  |TAMS 0x0000000086700000, 0x0000000086600000| Complete 
| 103|0x0000000086700000, 0x0000000086800000, 0x0000000086800000|100%|HC|  |TAMS 0x0000000086800000, 0x0000000086700000| Complete 
| 104|0x0000000086800000, 0x0000000086900000, 0x0000000086900000|100%|HS|  |TAMS 0x0000000086900000, 0x0000000086800000| Complete 
| 105|0x0000000086900000, 0x0000000086a00000, 0x0000000086a00000|100%|HC|  |TAMS 0x0000000086a00000, 0x0000000086900000| Complete 
| 106|0x0000000086a00000, 0x0000000086b00000, 0x0000000086b00000|100%| O|  |TAMS 0x0000000086b00000, 0x0000000086a00000| Untracked 
| 107|0x0000000086b00000, 0x0000000086c00000, 0x0000000086c00000|100%| O|  |TAMS 0x0000000086c00000, 0x0000000086b00000| Untracked 
| 108|0x0000000086c00000, 0x0000000086d00000, 0x0000000086d00000|100%| O|  |TAMS 0x0000000086d00000, 0x0000000086c00000| Untracked 
| 109|0x0000000086d00000, 0x0000000086e00000, 0x0000000086e00000|100%| O|  |TAMS 0x0000000086e00000, 0x0000000086d00000| Untracked 
| 110|0x0000000086e00000, 0x0000000086f00000, 0x0000000086f00000|100%| O|  |TAMS 0x0000000086f00000, 0x0000000086e00000| Untracked 
| 111|0x0000000086f00000, 0x0000000087000000, 0x0000000087000000|100%| O|  |TAMS 0x0000000087000000, 0x0000000086f00000| Untracked 
| 112|0x0000000087000000, 0x0000000087100000, 0x0000000087100000|100%| O|  |TAMS 0x0000000087100000, 0x0000000087000000| Untracked 
| 113|0x0000000087100000, 0x0000000087200000, 0x0000000087200000|100%| O|  |TAMS 0x0000000087200000, 0x0000000087100000| Untracked 
| 114|0x0000000087200000, 0x0000000087300000, 0x0000000087300000|100%| O|  |TAMS 0x0000000087300000, 0x0000000087200000| Untracked 
| 115|0x0000000087300000, 0x0000000087400000, 0x0000000087400000|100%| O|  |TAMS 0x0000000087400000, 0x0000000087300000| Untracked 
| 116|0x0000000087400000, 0x0000000087500000, 0x0000000087500000|100%| O|  |TAMS 0x0000000087500000, 0x0000000087400000| Untracked 
| 117|0x0000000087500000, 0x0000000087600000, 0x0000000087600000|100%| O|  |TAMS 0x0000000087600000, 0x0000000087500000| Untracked 
| 118|0x0000000087600000, 0x0000000087700000, 0x0000000087700000|100%| O|  |TAMS 0x0000000087700000, 0x0000000087600000| Untracked 
| 119|0x0000000087700000, 0x0000000087800000, 0x0000000087800000|100%| O|  |TAMS 0x0000000087800000, 0x0000000087700000| Untracked 
| 120|0x0000000087800000, 0x0000000087900000, 0x0000000087900000|100%| O|  |TAMS 0x0000000087900000, 0x0000000087800000| Untracked 
| 121|0x0000000087900000, 0x0000000087a00000, 0x0000000087a00000|100%| O|  |TAMS 0x0000000087a00000, 0x0000000087900000| Untracked 
| 122|0x0000000087a00000, 0x0000000087b00000, 0x0000000087b00000|100%| O|  |TAMS 0x0000000087b00000, 0x0000000087a00000| Untracked 
| 123|0x0000000087b00000, 0x0000000087c00000, 0x0000000087c00000|100%| O|  |TAMS 0x0000000087c00000, 0x0000000087b00000| Updating 
| 124|0x0000000087c00000, 0x0000000087d00000, 0x0000000087d00000|100%| O|  |TAMS 0x0000000087d00000, 0x0000000087c00000| Updating 
| 125|0x0000000087d00000, 0x0000000087e00000, 0x0000000087e00000|100%|HS|  |TAMS 0x0000000087e00000, 0x0000000087d00000| Complete 
| 126|0x0000000087e00000, 0x0000000087f00000, 0x0000000087f00000|100%|HC|  |TAMS 0x0000000087f00000, 0x0000000087e00000| Complete 
| 127|0x0000000087f00000, 0x0000000088000000, 0x0000000088000000|100%|HS|  |TAMS 0x0000000088000000, 0x0000000087f00000| Complete 
| 128|0x0000000088000000, 0x0000000088100000, 0x0000000088100000|100%|HC|  |TAMS 0x0000000088100000, 0x0000000088000000| Complete 
| 129|0x0000000088100000, 0x0000000088200000, 0x0000000088200000|100%|HS|  |TAMS 0x0000000088200000, 0x0000000088100000| Complete 
| 130|0x0000000088200000, 0x0000000088300000, 0x0000000088300000|100%|HC|  |TAMS 0x0000000088300000, 0x0000000088200000| Complete 
| 131|0x0000000088300000, 0x0000000088400000, 0x0000000088400000|100%|HS|  |TAMS 0x0000000088400000, 0x0000000088300000| Complete 
| 132|0x0000000088400000, 0x0000000088500000, 0x0000000088500000|100%|HS|  |TAMS 0x0000000088500000, 0x0000000088400000| Complete 
| 133|0x0000000088500000, 0x0000000088500000, 0x0000000088600000|  0%| F|  |TAMS 0x0000000088500000, 0x0000000088500000| Untracked 
| 134|0x0000000088600000, 0x0000000088700000, 0x0000000088700000|100%| O|  |TAMS 0x0000000088700000, 0x0000000088600000| Untracked 
| 135|0x0000000088700000, 0x0000000088800000, 0x0000000088800000|100%| O|  |TAMS 0x0000000088800000, 0x0000000088700000| Updating 
| 136|0x0000000088800000, 0x0000000088900000, 0x0000000088900000|100%| O|  |TAMS 0x0000000088900000, 0x0000000088800000| Untracked 
| 137|0x0000000088900000, 0x0000000088a00000, 0x0000000088a00000|100%| O|  |TAMS 0x0000000088a00000, 0x0000000088900000| Untracked 
| 138|0x0000000088a00000, 0x0000000088b00000, 0x0000000088b00000|100%| O|  |TAMS 0x0000000088b00000, 0x0000000088a00000| Untracked 
| 139|0x0000000088b00000, 0x0000000088c00000, 0x0000000088c00000|100%| O|  |TAMS 0x0000000088c00000, 0x0000000088b00000| Untracked 
| 140|0x0000000088c00000, 0x0000000088d00000, 0x0000000088d00000|100%| O|  |TAMS 0x0000000088d00000, 0x0000000088c00000| Untracked 
| 141|0x0000000088d00000, 0x0000000088e00000, 0x0000000088e00000|100%| O|  |TAMS 0x0000000088e00000, 0x0000000088d00000| Untracked 
| 142|0x0000000088e00000, 0x0000000088f00000, 0x0000000088f00000|100%| O|  |TAMS 0x0000000088f00000, 0x0000000088e00000| Untracked 
| 143|0x0000000088f00000, 0x0000000089000000, 0x0000000089000000|100%| O|  |TAMS 0x0000000089000000, 0x0000000088f00000| Untracked 
| 144|0x0000000089000000, 0x0000000089100000, 0x0000000089100000|100%| O|  |TAMS 0x0000000089100000, 0x0000000089000000| Untracked 
| 145|0x0000000089100000, 0x0000000089200000, 0x0000000089200000|100%| O|  |TAMS 0x0000000089200000, 0x0000000089100000| Untracked 
| 146|0x0000000089200000, 0x0000000089300000, 0x0000000089300000|100%| O|  |TAMS 0x0000000089300000, 0x0000000089200000| Untracked 
| 147|0x0000000089300000, 0x0000000089400000, 0x0000000089400000|100%| O|  |TAMS 0x0000000089400000, 0x0000000089300000| Updating 
| 148|0x0000000089400000, 0x0000000089500000, 0x0000000089500000|100%| O|  |TAMS 0x0000000089500000, 0x0000000089400000| Updating 
| 149|0x0000000089500000, 0x0000000089600000, 0x0000000089600000|100%| O|  |TAMS 0x0000000089600000, 0x0000000089500000| Untracked 
| 150|0x0000000089600000, 0x0000000089700000, 0x0000000089700000|100%| O|  |TAMS 0x0000000089700000, 0x0000000089600000| Untracked 
| 151|0x0000000089700000, 0x0000000089800000, 0x0000000089800000|100%| O|  |TAMS 0x0000000089800000, 0x0000000089700000| Untracked 
| 152|0x0000000089800000, 0x0000000089900000, 0x0000000089900000|100%| O|  |TAMS 0x0000000089900000, 0x0000000089800000| Untracked 
| 153|0x0000000089900000, 0x0000000089a00000, 0x0000000089a00000|100%| O|  |TAMS 0x0000000089a00000, 0x0000000089900000| Untracked 
| 154|0x0000000089a00000, 0x0000000089b00000, 0x0000000089b00000|100%| O|  |TAMS 0x0000000089b00000, 0x0000000089a00000| Untracked 
| 155|0x0000000089b00000, 0x0000000089c00000, 0x0000000089c00000|100%| O|  |TAMS 0x0000000089c00000, 0x0000000089b00000| Untracked 
| 156|0x0000000089c00000, 0x0000000089d00000, 0x0000000089d00000|100%| O|  |TAMS 0x0000000089d00000, 0x0000000089c00000| Untracked 
| 157|0x0000000089d00000, 0x0000000089e00000, 0x0000000089e00000|100%| O|  |TAMS 0x0000000089e00000, 0x0000000089d00000| Untracked 
| 158|0x0000000089e00000, 0x0000000089f00000, 0x0000000089f00000|100%| O|  |TAMS 0x0000000089f00000, 0x0000000089e00000| Updating 
| 159|0x0000000089f00000, 0x000000008a000000, 0x000000008a000000|100%| O|  |TAMS 0x000000008a000000, 0x0000000089f00000| Untracked 
| 160|0x000000008a000000, 0x000000008a100000, 0x000000008a100000|100%| O|  |TAMS 0x000000008a100000, 0x000000008a000000| Untracked 
| 161|0x000000008a100000, 0x000000008a200000, 0x000000008a200000|100%| O|  |TAMS 0x000000008a200000, 0x000000008a100000| Updating 
| 162|0x000000008a200000, 0x000000008a300000, 0x000000008a300000|100%| O|  |TAMS 0x000000008a300000, 0x000000008a200000| Untracked 
| 163|0x000000008a300000, 0x000000008a400000, 0x000000008a400000|100%| O|  |TAMS 0x000000008a400000, 0x000000008a300000| Untracked 
| 164|0x000000008a400000, 0x000000008a500000, 0x000000008a500000|100%| O|  |TAMS 0x000000008a500000, 0x000000008a400000| Untracked 
| 165|0x000000008a500000, 0x000000008a600000, 0x000000008a600000|100%| O|  |TAMS 0x000000008a600000, 0x000000008a500000| Untracked 
| 166|0x000000008a600000, 0x000000008a700000, 0x000000008a700000|100%| O|  |TAMS 0x000000008a700000, 0x000000008a600000| Updating 
| 167|0x000000008a700000, 0x000000008a800000, 0x000000008a800000|100%| O|  |TAMS 0x000000008a800000, 0x000000008a700000| Updating 
| 168|0x000000008a800000, 0x000000008a900000, 0x000000008a900000|100%| O|  |TAMS 0x000000008a900000, 0x000000008a800000| Updating 
| 169|0x000000008a900000, 0x000000008aa00000, 0x000000008aa00000|100%| O|  |TAMS 0x000000008aa00000, 0x000000008a900000| Untracked 
| 170|0x000000008aa00000, 0x000000008ab00000, 0x000000008ab00000|100%| O|  |TAMS 0x000000008ab00000, 0x000000008aa00000| Untracked 
| 171|0x000000008ab00000, 0x000000008ac00000, 0x000000008ac00000|100%| O|  |TAMS 0x000000008ac00000, 0x000000008ab00000| Untracked 
| 172|0x000000008ac00000, 0x000000008ad00000, 0x000000008ad00000|100%| O|  |TAMS 0x000000008ad00000, 0x000000008ac00000| Untracked 
| 173|0x000000008ad00000, 0x000000008ae00000, 0x000000008ae00000|100%| O|  |TAMS 0x000000008ae00000, 0x000000008ad00000| Untracked 
| 174|0x000000008ae00000, 0x000000008af00000, 0x000000008af00000|100%| O|  |TAMS 0x000000008af00000, 0x000000008ae00000| Updating 
| 175|0x000000008af00000, 0x000000008b000000, 0x000000008b000000|100%| O|  |TAMS 0x000000008b000000, 0x000000008af00000| Updating 
| 176|0x000000008b000000, 0x000000008b100000, 0x000000008b100000|100%| O|  |TAMS 0x000000008b100000, 0x000000008b000000| Updating 
| 177|0x000000008b100000, 0x000000008b200000, 0x000000008b200000|100%| O|  |TAMS 0x000000008b200000, 0x000000008b100000| Untracked 
| 178|0x000000008b200000, 0x000000008b300000, 0x000000008b300000|100%| O|  |TAMS 0x000000008b300000, 0x000000008b200000| Untracked 
| 179|0x000000008b300000, 0x000000008b400000, 0x000000008b400000|100%| O|  |TAMS 0x000000008b400000, 0x000000008b300000| Untracked 
| 180|0x000000008b400000, 0x000000008b500000, 0x000000008b500000|100%| O|  |TAMS 0x000000008b500000, 0x000000008b400000| Untracked 
| 181|0x000000008b500000, 0x000000008b600000, 0x000000008b600000|100%| O|  |TAMS 0x000000008b600000, 0x000000008b500000| Untracked 
| 182|0x000000008b600000, 0x000000008b700000, 0x000000008b700000|100%| O|  |TAMS 0x000000008b700000, 0x000000008b600000| Untracked 
| 183|0x000000008b700000, 0x000000008b800000, 0x000000008b800000|100%| O|  |TAMS 0x000000008b7e9c00, 0x000000008b700000| Updating 
| 184|0x000000008b800000, 0x000000008b900000, 0x000000008b900000|100%|HS|  |TAMS 0x000000008b900000, 0x000000008b800000| Complete 
| 185|0x000000008b900000, 0x000000008ba00000, 0x000000008ba00000|100%|HS|  |TAMS 0x000000008ba00000, 0x000000008b900000| Complete 
| 186|0x000000008ba00000, 0x000000008bb00000, 0x000000008bb00000|100%|HC|  |TAMS 0x000000008bb00000, 0x000000008ba00000| Complete 
| 187|0x000000008bb00000, 0x000000008bc00000, 0x000000008bc00000|100%|HC|  |TAMS 0x000000008bc00000, 0x000000008bb00000| Complete 
| 188|0x000000008bc00000, 0x000000008bc00000, 0x000000008bd00000|  0%| F|  |TAMS 0x000000008bc00000, 0x000000008bc00000| Untracked 
| 189|0x000000008bd00000, 0x000000008be00000, 0x000000008be00000|100%| O|  |TAMS 0x000000008bd00000, 0x000000008bd00000| Untracked 
| 190|0x000000008be00000, 0x000000008bf00000, 0x000000008bf00000|100%| O|  |TAMS 0x000000008be00000, 0x000000008be00000| Untracked 
| 191|0x000000008bf00000, 0x000000008c000000, 0x000000008c000000|100%| O|  |TAMS 0x000000008bf00000, 0x000000008bf00000| Untracked 
| 192|0x000000008c000000, 0x000000008c100000, 0x000000008c100000|100%| O|  |TAMS 0x000000008c000000, 0x000000008c000000| Untracked 
| 193|0x000000008c100000, 0x000000008c200000, 0x000000008c200000|100%| O|  |TAMS 0x000000008c100000, 0x000000008c100000| Untracked 
| 194|0x000000008c200000, 0x000000008c300000, 0x000000008c300000|100%| O|  |TAMS 0x000000008c200000, 0x000000008c200000| Untracked 
| 195|0x000000008c300000, 0x000000008c360400, 0x000000008c400000| 37%| O|  |TAMS 0x000000008c300000, 0x000000008c300000| Updating 
| 196|0x000000008c400000, 0x000000008c400000, 0x000000008c500000|  0%| F|  |TAMS 0x000000008c400000, 0x000000008c400000| Untracked 
| 197|0x000000008c500000, 0x000000008c500000, 0x000000008c600000|  0%| F|  |TAMS 0x000000008c500000, 0x000000008c500000| Untracked 
| 198|0x000000008c600000, 0x000000008c600000, 0x000000008c700000|  0%| F|  |TAMS 0x000000008c600000, 0x000000008c600000| Untracked 
| 199|0x000000008c700000, 0x000000008c700000, 0x000000008c800000|  0%| F|  |TAMS 0x000000008c700000, 0x000000008c700000| Untracked 
| 200|0x000000008c800000, 0x000000008c800000, 0x000000008c900000|  0%| F|  |TAMS 0x000000008c800000, 0x000000008c800000| Untracked 
| 201|0x000000008c900000, 0x000000008c900000, 0x000000008ca00000|  0%| F|  |TAMS 0x000000008c900000, 0x000000008c900000| Untracked 
| 202|0x000000008ca00000, 0x000000008ca00000, 0x000000008cb00000|  0%| F|  |TAMS 0x000000008ca00000, 0x000000008ca00000| Untracked 
| 203|0x000000008cb00000, 0x000000008cb00000, 0x000000008cc00000|  0%| F|  |TAMS 0x000000008cb00000, 0x000000008cb00000| Untracked 
| 204|0x000000008cc00000, 0x000000008cc00000, 0x000000008cd00000|  0%| F|  |TAMS 0x000000008cc00000, 0x000000008cc00000| Untracked 
| 205|0x000000008cd00000, 0x000000008cd00000, 0x000000008ce00000|  0%| F|  |TAMS 0x000000008cd00000, 0x000000008cd00000| Untracked 
| 206|0x000000008ce00000, 0x000000008ce00000, 0x000000008cf00000|  0%| F|  |TAMS 0x000000008ce00000, 0x000000008ce00000| Untracked 
| 207|0x000000008cf00000, 0x000000008cf00000, 0x000000008d000000|  0%| F|  |TAMS 0x000000008cf00000, 0x000000008cf00000| Untracked 
| 208|0x000000008d000000, 0x000000008d000000, 0x000000008d100000|  0%| F|  |TAMS 0x000000008d000000, 0x000000008d000000| Untracked 
| 209|0x000000008d100000, 0x000000008d100000, 0x000000008d200000|  0%| F|  |TAMS 0x000000008d100000, 0x000000008d100000| Untracked 
| 210|0x000000008d200000, 0x000000008d200000, 0x000000008d300000|  0%| F|  |TAMS 0x000000008d200000, 0x000000008d200000| Untracked 
| 211|0x000000008d300000, 0x000000008d300000, 0x000000008d400000|  0%| F|  |TAMS 0x000000008d300000, 0x000000008d300000| Untracked 
| 212|0x000000008d400000, 0x000000008d400000, 0x000000008d500000|  0%| F|  |TAMS 0x000000008d400000, 0x000000008d400000| Untracked 
| 213|0x000000008d500000, 0x000000008d500000, 0x000000008d600000|  0%| F|  |TAMS 0x000000008d500000, 0x000000008d500000| Untracked 
| 214|0x000000008d600000, 0x000000008d600000, 0x000000008d700000|  0%| F|  |TAMS 0x000000008d600000, 0x000000008d600000| Untracked 
| 215|0x000000008d700000, 0x000000008d700000, 0x000000008d800000|  0%| F|  |TAMS 0x000000008d700000, 0x000000008d700000| Untracked 
| 216|0x000000008d800000, 0x000000008d800000, 0x000000008d900000|  0%| F|  |TAMS 0x000000008d800000, 0x000000008d800000| Untracked 
| 217|0x000000008d900000, 0x000000008d900000, 0x000000008da00000|  0%| F|  |TAMS 0x000000008d900000, 0x000000008d900000| Untracked 
| 218|0x000000008da00000, 0x000000008da00000, 0x000000008db00000|  0%| F|  |TAMS 0x000000008da00000, 0x000000008da00000| Untracked 
| 219|0x000000008db00000, 0x000000008db00000, 0x000000008dc00000|  0%| F|  |TAMS 0x000000008db00000, 0x000000008db00000| Untracked 
| 220|0x000000008dc00000, 0x000000008dc00000, 0x000000008dd00000|  0%| F|  |TAMS 0x000000008dc00000, 0x000000008dc00000| Untracked 
| 221|0x000000008dd00000, 0x000000008dd00000, 0x000000008de00000|  0%| F|  |TAMS 0x000000008dd00000, 0x000000008dd00000| Untracked 
| 222|0x000000008de00000, 0x000000008de00000, 0x000000008df00000|  0%| F|  |TAMS 0x000000008de00000, 0x000000008de00000| Untracked 
| 223|0x000000008df00000, 0x000000008e000000, 0x000000008e000000|100%| S|CS|TAMS 0x000000008df00000, 0x000000008df00000| Complete 
| 224|0x000000008e000000, 0x000000008e000000, 0x000000008e100000|  0%| F|  |TAMS 0x000000008e000000, 0x000000008e000000| Untracked 
| 225|0x000000008e100000, 0x000000008e100000, 0x000000008e200000|  0%| F|  |TAMS 0x000000008e100000, 0x000000008e100000| Untracked 
| 226|0x000000008e200000, 0x000000008e200000, 0x000000008e300000|  0%| F|  |TAMS 0x000000008e200000, 0x000000008e200000| Untracked 
| 227|0x000000008e300000, 0x000000008e300000, 0x000000008e400000|  0%| F|  |TAMS 0x000000008e300000, 0x000000008e300000| Untracked 
| 228|0x000000008e400000, 0x000000008e400000, 0x000000008e500000|  0%| F|  |TAMS 0x000000008e400000, 0x000000008e400000| Untracked 
| 229|0x000000008e500000, 0x000000008e500000, 0x000000008e600000|  0%| F|  |TAMS 0x000000008e500000, 0x000000008e500000| Untracked 
| 230|0x000000008e600000, 0x000000008e600000, 0x000000008e700000|  0%| F|  |TAMS 0x000000008e600000, 0x000000008e600000| Untracked 
| 231|0x000000008e700000, 0x000000008e800000, 0x000000008e800000|100%| S|CS|TAMS 0x000000008e700000, 0x000000008e700000| Complete 
| 232|0x000000008e800000, 0x000000008e900000, 0x000000008e900000|100%| S|CS|TAMS 0x000000008e800000, 0x000000008e800000| Complete 
| 233|0x000000008e900000, 0x000000008ea00000, 0x000000008ea00000|100%| S|CS|TAMS 0x000000008e900000, 0x000000008e900000| Complete 
| 234|0x000000008ea00000, 0x000000008eb00000, 0x000000008eb00000|100%| S|CS|TAMS 0x000000008ea00000, 0x000000008ea00000| Complete 
| 235|0x000000008eb00000, 0x000000008ec00000, 0x000000008ec00000|100%| S|CS|TAMS 0x000000008eb00000, 0x000000008eb00000| Complete 
| 236|0x000000008ec00000, 0x000000008ec00000, 0x000000008ed00000|  0%| F|  |TAMS 0x000000008ec00000, 0x000000008ec00000| Untracked 
| 237|0x000000008ed00000, 0x000000008ed00000, 0x000000008ee00000|  0%| F|  |TAMS 0x000000008ed00000, 0x000000008ed00000| Untracked 
| 238|0x000000008ee00000, 0x000000008ee00000, 0x000000008ef00000|  0%| F|  |TAMS 0x000000008ee00000, 0x000000008ee00000| Untracked 
| 239|0x000000008ef00000, 0x000000008ef00000, 0x000000008f000000|  0%| F|  |TAMS 0x000000008ef00000, 0x000000008ef00000| Untracked 
| 240|0x000000008f000000, 0x000000008f000000, 0x000000008f100000|  0%| F|  |TAMS 0x000000008f000000, 0x000000008f000000| Untracked 
| 241|0x000000008f100000, 0x000000008f100000, 0x000000008f200000|  0%| F|  |TAMS 0x000000008f100000, 0x000000008f100000| Untracked 
| 242|0x000000008f200000, 0x000000008f200000, 0x000000008f300000|  0%| F|  |TAMS 0x000000008f200000, 0x000000008f200000| Untracked 
| 243|0x000000008f300000, 0x000000008f300000, 0x000000008f400000|  0%| F|  |TAMS 0x000000008f300000, 0x000000008f300000| Untracked 
| 244|0x000000008f400000, 0x000000008f400000, 0x000000008f500000|  0%| F|  |TAMS 0x000000008f400000, 0x000000008f400000| Untracked 
| 245|0x000000008f500000, 0x000000008f500000, 0x000000008f600000|  0%| F|  |TAMS 0x000000008f500000, 0x000000008f500000| Untracked 
| 246|0x000000008f600000, 0x000000008f600000, 0x000000008f700000|  0%| F|  |TAMS 0x000000008f600000, 0x000000008f600000| Untracked 
| 247|0x000000008f700000, 0x000000008f700000, 0x000000008f800000|  0%| F|  |TAMS 0x000000008f700000, 0x000000008f700000| Untracked 
| 248|0x000000008f800000, 0x000000008f800000, 0x000000008f900000|  0%| F|  |TAMS 0x000000008f800000, 0x000000008f800000| Untracked 
| 249|0x000000008f900000, 0x000000008f900000, 0x000000008fa00000|  0%| F|  |TAMS 0x000000008f900000, 0x000000008f900000| Untracked 
| 250|0x000000008fa00000, 0x000000008fa00000, 0x000000008fb00000|  0%| F|  |TAMS 0x000000008fa00000, 0x000000008fa00000| Untracked 
| 251|0x000000008fb00000, 0x000000008fb00000, 0x000000008fc00000|  0%| F|  |TAMS 0x000000008fb00000, 0x000000008fb00000| Untracked 
| 252|0x000000008fc00000, 0x000000008fc00000, 0x000000008fd00000|  0%| F|  |TAMS 0x000000008fc00000, 0x000000008fc00000| Untracked 
| 253|0x000000008fd00000, 0x000000008fd00000, 0x000000008fe00000|  0%| F|  |TAMS 0x000000008fd00000, 0x000000008fd00000| Untracked 
| 254|0x000000008fe00000, 0x000000008fe00000, 0x000000008ff00000|  0%| F|  |TAMS 0x000000008fe00000, 0x000000008fe00000| Untracked 
| 255|0x000000008ff00000, 0x000000008ff00000, 0x0000000090000000|  0%| F|  |TAMS 0x000000008ff00000, 0x000000008ff00000| Untracked 
| 256|0x0000000090000000, 0x0000000090000000, 0x0000000090100000|  0%| F|  |TAMS 0x0000000090000000, 0x0000000090000000| Untracked 
| 257|0x0000000090100000, 0x0000000090100000, 0x0000000090200000|  0%| F|  |TAMS 0x0000000090100000, 0x0000000090100000| Untracked 
| 258|0x0000000090200000, 0x0000000090200000, 0x0000000090300000|  0%| F|  |TAMS 0x0000000090200000, 0x0000000090200000| Untracked 
| 259|0x0000000090300000, 0x0000000090300000, 0x0000000090400000|  0%| F|  |TAMS 0x0000000090300000, 0x0000000090300000| Untracked 
| 260|0x0000000090400000, 0x0000000090400000, 0x0000000090500000|  0%| F|  |TAMS 0x0000000090400000, 0x0000000090400000| Untracked 
| 261|0x0000000090500000, 0x0000000090500000, 0x0000000090600000|  0%| F|  |TAMS 0x0000000090500000, 0x0000000090500000| Untracked 
| 262|0x0000000090600000, 0x0000000090600000, 0x0000000090700000|  0%| F|  |TAMS 0x0000000090600000, 0x0000000090600000| Untracked 
| 263|0x0000000090700000, 0x0000000090700000, 0x0000000090800000|  0%| F|  |TAMS 0x0000000090700000, 0x0000000090700000| Untracked 
| 264|0x0000000090800000, 0x0000000090800000, 0x0000000090900000|  0%| F|  |TAMS 0x0000000090800000, 0x0000000090800000| Untracked 
| 265|0x0000000090900000, 0x0000000090900000, 0x0000000090a00000|  0%| F|  |TAMS 0x0000000090900000, 0x0000000090900000| Untracked 
| 266|0x0000000090a00000, 0x0000000090a00000, 0x0000000090b00000|  0%| F|  |TAMS 0x0000000090a00000, 0x0000000090a00000| Untracked 
| 267|0x0000000090b00000, 0x0000000090b00000, 0x0000000090c00000|  0%| F|  |TAMS 0x0000000090b00000, 0x0000000090b00000| Untracked 
| 268|0x0000000090c00000, 0x0000000090c00000, 0x0000000090d00000|  0%| F|  |TAMS 0x0000000090c00000, 0x0000000090c00000| Untracked 
| 269|0x0000000090d00000, 0x0000000090d84930, 0x0000000090e00000| 51%| E|  |TAMS 0x0000000090d00000, 0x0000000090d00000| Complete 
| 270|0x0000000090e00000, 0x0000000090f00000, 0x0000000090f00000|100%| E|CS|TAMS 0x0000000090e00000, 0x0000000090e00000| Complete 
| 271|0x0000000090f00000, 0x0000000091000000, 0x0000000091000000|100%| E|CS|TAMS 0x0000000090f00000, 0x0000000090f00000| Complete 
| 272|0x0000000091000000, 0x0000000091100000, 0x0000000091100000|100%| E|CS|TAMS 0x0000000091000000, 0x0000000091000000| Complete 
| 273|0x0000000091100000, 0x0000000091200000, 0x0000000091200000|100%| E|CS|TAMS 0x0000000091100000, 0x0000000091100000| Complete 
| 274|0x0000000091200000, 0x0000000091300000, 0x0000000091300000|100%| E|CS|TAMS 0x0000000091200000, 0x0000000091200000| Complete 
| 275|0x0000000091300000, 0x0000000091400000, 0x0000000091400000|100%| E|CS|TAMS 0x0000000091300000, 0x0000000091300000| Complete 

Card table byte_map: [0x000002d9f5d60000,0x000002d9f6160000] _byte_map_base: 0x000002d9f5960000

Marking Bits (Prev, Next): (CMBitMap*) 0x000002d9df08cf70, (CMBitMap*) 0x000002d9df08cfb0
 Prev Bits: [0x000002d9f6560000, 0x000002d9f8560000)
 Next Bits: [0x000002d9f8560000, 0x000002d9fa560000)

Polling page: 0x000002d9dd1c0000

Metaspace:

Usage:
  Non-class:     83.32 MB used.
      Class:     13.30 MB used.
       Both:     96.62 MB used.

Virtual space:
  Non-class space:      128.00 MB reserved,      84.62 MB ( 66%) committed,  2 nodes.
      Class space:      412.00 MB reserved,      14.56 MB (  4%) committed,  1 nodes.
             Both:      540.00 MB reserved,      99.19 MB ( 18%) committed. 

Chunk freelists:
   Non-Class:  3.25 MB
       Class:  1.26 MB
        Both:  4.51 MB

MaxMetaspaceSize: 512.00 MB
CompressedClassSpaceSize: 412.00 MB
Initial GC threshold: 21.00 MB
Current GC threshold: 136.06 MB
CDS: on
MetaspaceReclaimPolicy: balanced
 - commit_granule_bytes: 65536.
 - commit_granule_words: 8192.
 - virtual_space_node_default_size: 8388608.
 - enlarge_chunks_in_place: 1.
 - new_chunks_are_fully_committed: 0.
 - uncommit_free_chunks: 1.
 - use_allocation_guard: 0.


Internal statistics:

num_allocs_failed_limit: 6.
num_arena_births: 4054.
num_arena_deaths: 0.
num_vsnodes_births: 3.
num_vsnodes_deaths: 0.
num_space_committed: 1587.
num_space_uncommitted: 0.
num_chunks_returned_to_freelist: 6.
num_chunks_taken_from_freelist: 8845.
num_chunk_merges: 6.
num_chunk_splits: 5763.
num_chunks_enlarged: 3656.
num_inconsistent_stats: 0.

CodeHeap 'non-profiled nmethods': size=120000Kb used=7870Kb max_used=7870Kb free=112129Kb
 bounds [0x000002d9ee430000, 0x000002d9eebe0000, 0x000002d9f5960000]
CodeHeap 'profiled nmethods': size=120000Kb used=24450Kb max_used=24465Kb free=95549Kb
 bounds [0x000002d9e6f00000, 0x000002d9e8710000, 0x000002d9ee430000]
CodeHeap 'non-nmethods': size=5760Kb used=2428Kb max_used=2471Kb free=3331Kb
 bounds [0x000002d9e6960000, 0x000002d9e6be0000, 0x000002d9e6f00000]
 total_blobs=13311 nmethods=12354 adapters=869
 compilation: enabled
              stopped_count=0, restarted_count=0
 full_count=0

Compilation events (20 events):
Event: 425.112 Thread 0x000002d9fca00570 nmethod 14727 0x000002d9e7cac890 code [0x000002d9e7caca40, 0x000002d9e7caccb8]
Event: 425.112 Thread 0x000002d9fca00570 14728       3       org.gradle.cache.internal.filelock.DefaultLockStateSerializer::read (29 bytes)
Event: 425.113 Thread 0x000002d9fca00570 nmethod 14728 0x000002d9e7cb0c10 code [0x000002d9e7cb0de0, 0x000002d9e7cb1148]
Event: 425.113 Thread 0x000002d9fca00570 14729       3       org.gradle.cache.internal.filelock.DefaultLockStateSerializer$SequenceNumberLockState::<init> (9 bytes)
Event: 425.113 Thread 0x000002d9fca00570 nmethod 14729 0x000002d9e7cac390 code [0x000002d9e7cac540, 0x000002d9e7cac718]
Event: 425.207 Thread 0x000002d9fc9ffc80 nmethod 14716 0x000002d9eebd8a10 code [0x000002d9eebd8de0, 0x000002d9eebdb508]
Event: 425.207 Thread 0x000002d9fc9ffc80 14718       4       com.google.common.collect.RegularImmutableMap::fromEntryArrayCheckingBucketOverflow (278 bytes)
Event: 425.223 Thread 0x000002d9fc9ffc80 nmethod 14718 0x000002d9eebddb90 code [0x000002d9eebddda0, 0x000002d9eebdeb78]
Event: 425.223 Thread 0x000002d9fc9ffc80 14717       4       org.gradle.internal.snapshot.AbstractIncompleteFileSystemNode::store (43 bytes)
Event: 425.225 Thread 0x000002d9fc9ffc80 nmethod 14717 0x000002d9eebdf390 code [0x000002d9eebdf520, 0x000002d9eebdf6d8]
Event: 425.283 Thread 0x000002d9fca00570 14730   !   3       java.util.concurrent.ArrayBlockingQueue::take (46 bytes)
Event: 425.284 Thread 0x000002d9fca00570 nmethod 14730 0x000002d9e8045210 code [0x000002d9e80454a0, 0x000002d9e8046138]
Event: 425.307 Thread 0x000002d9fca00570 14731   !   3       org.gradle.cache.internal.DefaultFileLockManager$DefaultFileLock::lambda$close$0 (158 bytes)
Event: 425.309 Thread 0x000002d9fca00570 nmethod 14731 0x000002d9e72bd590 code [0x000002d9e72bd980, 0x000002d9e72bf0d8]
Event: 425.309 Thread 0x000002d9fca00570 14734   !   3       org.gradle.cache.internal.DefaultFileLockManager$DefaultFileLock::lambda$close$1 (52 bytes)
Event: 425.309 Thread 0x000002d9fca00570 nmethod 14734 0x000002d9e72bc890 code [0x000002d9e72bcae0, 0x000002d9e72bd208]
Event: 425.309 Thread 0x000002d9fca00570 14732       3       org.gradle.cache.internal.filelock.LockFileAccess::clearLockInfo (12 bytes)
Event: 425.309 Thread 0x000002d9fca00570 nmethod 14732 0x000002d9e8044e10 code [0x000002d9e8044fc0, 0x000002d9e8045128]
Event: 425.309 Thread 0x000002d9fca00570 14733       3       org.gradle.cache.internal.filelock.LockInfoAccess::clearLockInfo (16 bytes)
Event: 425.309 Thread 0x000002d9fca00570 nmethod 14733 0x000002d9e8044890 code [0x000002d9e8044a40, 0x000002d9e8044c98]

GC Heap History (20 events):
Event: 204.002 GC heap before
{Heap before GC invocations=49 (full 0):
 garbage-first heap   total 145408K, used 88681K [0x0000000080000000, 0x0000000100000000)
  region size 1024K, 7 young (7168K), 4 survivors (4096K)
 Metaspace       used 82557K, committed 84736K, reserved 552960K
  class space    used 11477K, committed 12608K, reserved 421888K
}
Event: 204.008 GC heap after
{Heap after GC invocations=50 (full 0):
 garbage-first heap   total 145408K, used 86172K [0x0000000080000000, 0x0000000100000000)
  region size 1024K, 1 young (1024K), 1 survivors (1024K)
 Metaspace       used 82557K, committed 84736K, reserved 552960K
  class space    used 11477K, committed 12608K, reserved 421888K
}
Event: 215.500 GC heap before
{Heap before GC invocations=50 (full 0):
 garbage-first heap   total 145408K, used 124060K [0x0000000080000000, 0x0000000100000000)
  region size 1024K, 33 young (33792K), 1 survivors (1024K)
 Metaspace       used 83914K, committed 86016K, reserved 552960K
  class space    used 11632K, committed 12736K, reserved 421888K
}
Event: 215.537 GC heap after
{Heap after GC invocations=51 (full 0):
 garbage-first heap   total 282624K, used 95735K [0x0000000080000000, 0x0000000100000000)
  region size 1024K, 5 young (5120K), 5 survivors (5120K)
 Metaspace       used 83914K, committed 86016K, reserved 552960K
  class space    used 11632K, committed 12736K, reserved 421888K
}
Event: 285.385 GC heap before
{Heap before GC invocations=51 (full 0):
 garbage-first heap   total 282624K, used 211447K [0x0000000080000000, 0x0000000100000000)
  region size 1024K, 119 young (121856K), 5 survivors (5120K)
 Metaspace       used 86755K, committed 89152K, reserved 552960K
  class space    used 12027K, committed 13248K, reserved 421888K
}
Event: 285.407 GC heap after
{Heap after GC invocations=52 (full 0):
 garbage-first heap   total 282624K, used 115265K [0x0000000080000000, 0x0000000100000000)
  region size 1024K, 15 young (15360K), 15 survivors (15360K)
 Metaspace       used 86755K, committed 89152K, reserved 552960K
  class space    used 12027K, committed 13248K, reserved 421888K
}
Event: 328.455 GC heap before
{Heap before GC invocations=52 (full 0):
 garbage-first heap   total 282624K, used 220737K [0x0000000080000000, 0x0000000100000000)
  region size 1024K, 111 young (113664K), 15 survivors (15360K)
 Metaspace       used 89717K, committed 92224K, reserved 552960K
  class space    used 12412K, committed 13696K, reserved 421888K
}
Event: 328.486 GC heap after
{Heap after GC invocations=53 (full 0):
 garbage-first heap   total 282624K, used 142281K [0x0000000080000000, 0x0000000100000000)
  region size 1024K, 14 young (14336K), 14 survivors (14336K)
 Metaspace       used 89717K, committed 92224K, reserved 552960K
  class space    used 12412K, committed 13696K, reserved 421888K
}
Event: 371.594 GC heap before
{Heap before GC invocations=53 (full 0):
 garbage-first heap   total 282624K, used 228297K [0x0000000080000000, 0x0000000100000000)
  region size 1024K, 90 young (92160K), 14 survivors (14336K)
 Metaspace       used 90272K, committed 92800K, reserved 552960K
  class space    used 12482K, committed 13760K, reserved 421888K
}
Event: 371.614 GC heap after
{Heap after GC invocations=54 (full 0):
 garbage-first heap   total 282624K, used 164864K [0x0000000080000000, 0x0000000100000000)
  region size 1024K, 12 young (12288K), 12 survivors (12288K)
 Metaspace       used 90272K, committed 92800K, reserved 552960K
  class space    used 12482K, committed 13760K, reserved 421888K
}
Event: 373.017 GC heap before
{Heap before GC invocations=54 (full 0):
 garbage-first heap   total 282624K, used 225280K [0x0000000080000000, 0x0000000100000000)
  region size 1024K, 71 young (72704K), 12 survivors (12288K)
 Metaspace       used 94241K, committed 96896K, reserved 552960K
  class space    used 13008K, committed 14336K, reserved 421888K
}
Event: 373.027 GC heap after
{Heap after GC invocations=55 (full 0):
 garbage-first heap   total 282624K, used 172544K [0x0000000080000000, 0x0000000100000000)
  region size 1024K, 7 young (7168K), 7 survivors (7168K)
 Metaspace       used 94241K, committed 96896K, reserved 552960K
  class space    used 13008K, committed 14336K, reserved 421888K
}
Event: 374.181 GC heap before
{Heap before GC invocations=55 (full 0):
 garbage-first heap   total 282624K, used 229888K [0x0000000080000000, 0x0000000100000000)
  region size 1024K, 63 young (64512K), 7 survivors (7168K)
 Metaspace       used 96510K, committed 99072K, reserved 552960K
  class space    used 13322K, committed 14592K, reserved 421888K
}
Event: 374.190 GC heap after
{Heap after GC invocations=56 (full 0):
 garbage-first heap   total 282624K, used 178652K [0x0000000080000000, 0x0000000100000000)
  region size 1024K, 6 young (6144K), 6 survivors (6144K)
 Metaspace       used 96510K, committed 99072K, reserved 552960K
  class space    used 13322K, committed 14592K, reserved 421888K
}
Event: 374.724 GC heap before
{Heap before GC invocations=56 (full 0):
 garbage-first heap   total 282624K, used 232924K [0x0000000080000000, 0x0000000100000000)
  region size 1024K, 59 young (60416K), 6 survivors (6144K)
 Metaspace       used 96712K, committed 99392K, reserved 552960K
  class space    used 13340K, committed 14656K, reserved 421888K
}
Event: 374.736 GC heap after
{Heap after GC invocations=57 (full 0):
 garbage-first heap   total 282624K, used 187741K [0x0000000080000000, 0x0000000100000000)
  region size 1024K, 8 young (8192K), 8 survivors (8192K)
 Metaspace       used 96712K, committed 99392K, reserved 552960K
  class space    used 13340K, committed 14656K, reserved 421888K
}
Event: 409.884 GC heap before
{Heap before GC invocations=57 (full 0):
 garbage-first heap   total 282624K, used 233821K [0x0000000080000000, 0x0000000100000000)
  region size 1024K, 53 young (54272K), 8 survivors (8192K)
 Metaspace       used 96897K, committed 99520K, reserved 552960K
  class space    used 13363K, committed 14656K, reserved 421888K
}
Event: 409.900 GC heap after
{Heap after GC invocations=58 (full 0):
 garbage-first heap   total 282624K, used 195224K [0x0000000080000000, 0x0000000100000000)
  region size 1024K, 7 young (7168K), 7 survivors (7168K)
 Metaspace       used 96897K, committed 99520K, reserved 552960K
  class space    used 13363K, committed 14656K, reserved 421888K
}
Event: 423.654 GC heap before
{Heap before GC invocations=58 (full 0):
 garbage-first heap   total 282624K, used 240280K [0x0000000080000000, 0x0000000100000000)
  region size 1024K, 47 young (48128K), 7 survivors (7168K)
 Metaspace       used 98929K, committed 101568K, reserved 552960K
  class space    used 13618K, committed 14912K, reserved 421888K
}
Event: 424.924 GC heap after
{Heap after GC invocations=59 (full 0):
 garbage-first heap   total 282624K, used 205185K [0x0000000080000000, 0x0000000100000000)
  region size 1024K, 6 young (6144K), 6 survivors (6144K)
 Metaspace       used 98929K, committed 101568K, reserved 552960K
  class space    used 13618K, committed 14912K, reserved 421888K
}

Deoptimization events (20 events):
Event: 416.957 Thread 0x000002d9fd66e990 DEOPT PACKING pc=0x000002d9ee9ab41c sp=0x000000f7edaf7960
Event: 416.957 Thread 0x000002d9fd66e990 DEOPT UNPACKING pc=0x000002d9e69b23a3 sp=0x000000f7edaf7858 mode 2
Event: 417.009 Thread 0x000002d9fd66e990 DEOPT PACKING pc=0x000002d9e759d5b1 sp=0x000000f7edaf8570
Event: 417.009 Thread 0x000002d9fd66e990 DEOPT UNPACKING pc=0x000002d9e69b2b43 sp=0x000000f7edaf7a60 mode 0
Event: 417.549 Thread 0x000002d9fd66e990 Uncommon trap: trap_request=0xffffffbe fr.pc=0x000002d9eeab2700 relative=0x0000000000000260
Event: 417.549 Thread 0x000002d9fd66e990 Uncommon trap: reason=profile_predicate action=maybe_recompile pc=0x000002d9eeab2700 method=java.util.HashMap.keysToArray([Ljava/lang/Object;)[Ljava/lang/Object; @ 36 c2
Event: 417.549 Thread 0x000002d9fd66e990 DEOPT PACKING pc=0x000002d9eeab2700 sp=0x000000f7edaf9000
Event: 417.549 Thread 0x000002d9fd66e990 DEOPT UNPACKING pc=0x000002d9e69b23a3 sp=0x000000f7edaf8fa0 mode 2
Event: 417.549 Thread 0x000002d9fd66e990 Uncommon trap: trap_request=0xffffffbe fr.pc=0x000002d9eeab2700 relative=0x0000000000000260
Event: 417.549 Thread 0x000002d9fd66e990 Uncommon trap: reason=profile_predicate action=maybe_recompile pc=0x000002d9eeab2700 method=java.util.HashMap.keysToArray([Ljava/lang/Object;)[Ljava/lang/Object; @ 36 c2
Event: 417.549 Thread 0x000002d9fd66e990 DEOPT PACKING pc=0x000002d9eeab2700 sp=0x000000f7edaf9000
Event: 417.549 Thread 0x000002d9fd66e990 DEOPT UNPACKING pc=0x000002d9e69b23a3 sp=0x000000f7edaf8fa0 mode 2
Event: 417.549 Thread 0x000002d9fd66e990 Uncommon trap: trap_request=0xffffffbe fr.pc=0x000002d9eeab2700 relative=0x0000000000000260
Event: 417.549 Thread 0x000002d9fd66e990 Uncommon trap: reason=profile_predicate action=maybe_recompile pc=0x000002d9eeab2700 method=java.util.HashMap.keysToArray([Ljava/lang/Object;)[Ljava/lang/Object; @ 36 c2
Event: 417.549 Thread 0x000002d9fd66e990 DEOPT PACKING pc=0x000002d9eeab2700 sp=0x000000f7edaf9000
Event: 417.549 Thread 0x000002d9fd66e990 DEOPT UNPACKING pc=0x000002d9e69b23a3 sp=0x000000f7edaf8fa0 mode 2
Event: 417.763 Thread 0x000002d9fd66e990 Uncommon trap: trap_request=0xffffffbe fr.pc=0x000002d9eeab2700 relative=0x0000000000000260
Event: 417.763 Thread 0x000002d9fd66e990 Uncommon trap: reason=profile_predicate action=maybe_recompile pc=0x000002d9eeab2700 method=java.util.HashMap.keysToArray([Ljava/lang/Object;)[Ljava/lang/Object; @ 36 c2
Event: 417.763 Thread 0x000002d9fd66e990 DEOPT PACKING pc=0x000002d9eeab2700 sp=0x000000f7edaf9000
Event: 417.764 Thread 0x000002d9fd66e990 DEOPT UNPACKING pc=0x000002d9e69b23a3 sp=0x000000f7edaf8fa0 mode 2

Classes loaded (20 events):
Event: 372.045 Loading class java/net/Proxy
Event: 372.045 Loading class java/net/Proxy done
Event: 372.045 Loading class java/net/Proxy$Type
Event: 372.045 Loading class java/net/Proxy$Type done
Event: 372.099 Loading class java/nio/charset/UnsupportedCharsetException
Event: 372.099 Loading class java/nio/charset/UnsupportedCharsetException done
Event: 372.218 Loading class jdk/internal/reflect/MethodHandleByteFieldAccessorImpl
Event: 372.218 Loading class jdk/internal/reflect/MethodHandleByteFieldAccessorImpl done
Event: 372.235 Loading class jdk/internal/reflect/MethodHandleBooleanFieldAccessorImpl
Event: 372.235 Loading class jdk/internal/reflect/MethodHandleBooleanFieldAccessorImpl done
Event: 373.560 Loading class java/util/zip/ZipOutputStream
Event: 373.560 Loading class java/util/zip/ZipOutputStream done
Event: 373.928 Loading class java/security/cert/CertificateEncodingException
Event: 373.928 Loading class java/security/cert/CertificateEncodingException done
Event: 374.832 Loading class java/security/InvalidKeyException
Event: 374.832 Loading class java/security/KeyException
Event: 374.832 Loading class java/security/KeyException done
Event: 374.832 Loading class java/security/InvalidKeyException done
Event: 374.832 Loading class java/security/NoSuchProviderException
Event: 374.832 Loading class java/security/NoSuchProviderException done

Classes unloaded (0 events):
No events

Classes redefined (0 events):
No events

Internal exceptions (20 events):
Event: 417.034 Thread 0x000002d9fd66e990 Exception <a 'java/lang/ClassNotFoundException'{0x000000009024c7d8}: org/jetbrains/kotlin/gradle/targets/js/npm/DefaultNpmDependencyExtensionCustomizer> (0x000000009024c7d8) 
thrown [s\open\src\hotspot\share\classfile\systemDictionary.cpp, line 255]
Event: 417.042 Thread 0x000002d9fd66e990 Exception <a 'java/lang/ClassNotFoundException'{0x00000000902bb660}: org/jetbrains/kotlin/gradle/targets/js/npm/NpmDependencyExtensionKt$defaultNpmDependencyDelegate$1BeanInfo> (0x00000000902bb660) 
thrown [s\open\src\hotspot\share\classfile\systemDictionary.cpp, line 255]
Event: 417.042 Thread 0x000002d9fd66e990 Exception <a 'java/lang/ClassNotFoundException'{0x00000000902c6930}: org/jetbrains/kotlin/gradle/targets/js/npm/NpmDependencyExtensionDelegateBeanInfo> (0x00000000902c6930) 
thrown [s\open\src\hotspot\share\classfile\systemDictionary.cpp, line 255]
Event: 417.042 Thread 0x000002d9fd66e990 Exception <a 'java/lang/ClassNotFoundException'{0x00000000902d1bd8}: org/jetbrains/kotlin/gradle/targets/js/npm/NpmDependencyExtensionDelegateCustomizer> (0x00000000902d1bd8) 
thrown [s\open\src\hotspot\share\classfile\systemDictionary.cpp, line 255]
Event: 417.044 Thread 0x000002d9fd66e990 Exception <a 'java/lang/ClassNotFoundException'{0x00000000902f5398}: org/jetbrains/kotlin/gradle/targets/js/npm/NpmDependencyExtensionKt$defaultNpmDependencyDelegate$1Customizer> (0x00000000902f5398) 
thrown [s\open\src\hotspot\share\classfile\systemDictionary.cpp, line 255]
Event: 417.093 Thread 0x000002d9fd66e990 Exception <a 'java/lang/ClassNotFoundException'{0x000000009012ceb0}: org/jetbrains/kotlin/gradle/targets/js/npm/DefaultDevNpmDependencyExtensionBeanInfo> (0x000000009012ceb0) 
thrown [s\open\src\hotspot\share\classfile\systemDictionary.cpp, line 255]
Event: 417.094 Thread 0x000002d9fd66e990 Exception <a 'java/lang/ClassNotFoundException'{0x0000000090136ec0}: org/jetbrains/kotlin/gradle/targets/js/npm/DefaultDevNpmDependencyExtensionCustomizer> (0x0000000090136ec0) 
thrown [s\open\src\hotspot\share\classfile\systemDictionary.cpp, line 255]
Event: 417.096 Thread 0x000002d9fd66e990 Exception <a 'java/lang/ClassNotFoundException'{0x00000000901731b8}: org/jetbrains/kotlin/gradle/targets/js/npm/DefaultPeerNpmDependencyExtensionBeanInfo> (0x00000000901731b8) 
thrown [s\open\src\hotspot\share\classfile\systemDictionary.cpp, line 255]
Event: 417.097 Thread 0x000002d9fd66e990 Exception <a 'java/lang/ClassNotFoundException'{0x000000009017d210}: org/jetbrains/kotlin/gradle/targets/js/npm/DefaultPeerNpmDependencyExtensionCustomizer> (0x000000009017d210) 
thrown [s\open\src\hotspot\share\classfile\systemDictionary.cpp, line 255]
Event: 417.100 Thread 0x000002d9fd66e990 Exception <a 'java/lang/ClassNotFoundException'{0x00000000901c4e60}: org/jetbrains/kotlin/gradle/targets/js/npm/DefaultPeerNpmDependencyExtension$delegate$1BeanInfo> (0x00000000901c4e60) 
thrown [s\open\src\hotspot\share\classfile\systemDictionary.cpp, line 255]
Event: 417.100 Thread 0x000002d9fd66e990 Exception <a 'java/lang/ClassNotFoundException'{0x00000000901cfea8}: org/jetbrains/kotlin/gradle/targets/js/npm/DefaultPeerNpmDependencyExtension$delegate$1Customizer> (0x00000000901cfea8) 
thrown [s\open\src\hotspot\share\classfile\systemDictionary.cpp, line 255]
Event: 417.112 Thread 0x000002d9fd66e990 Exception <a 'java/lang/ClassNotFoundException'{0x000000009004f268}: build_etazfni7iiltuu5axltksrde7$_run_closure1BeanInfo> (0x000000009004f268) 
thrown [s\open\src\hotspot\share\classfile\systemDictionary.cpp, line 255]
Event: 417.113 Thread 0x000002d9fd66e990 Exception <a 'java/lang/ClassNotFoundException'{0x0000000090059898}: build_etazfni7iiltuu5axltksrde7$_run_closure1Customizer> (0x0000000090059898) 
thrown [s\open\src\hotspot\share\classfile\systemDictionary.cpp, line 255]
Event: 417.146 Thread 0x000002d9fd66e990 Exception <a 'java/lang/ClassNotFoundException'{0x00000000900cef30}: org/jetbrains/kotlin/gradle/plugin/sources/DefaultKotlinSourceSetBeanInfo> (0x00000000900cef30) 
thrown [s\open\src\hotspot\share\classfile\systemDictionary.cpp, line 255]
Event: 417.149 Thread 0x000002d9fd66e990 Exception <a 'java/lang/ClassNotFoundException'{0x00000000900dc030}: org/jetbrains/kotlin/gradle/plugin/sources/DefaultKotlinSourceSetCustomizer> (0x00000000900dc030) 
thrown [s\open\src\hotspot\share\classfile\systemDictionary.cpp, line 255]
Event: 417.517 Thread 0x000002d9fd66e990 Exception <a 'java/lang/NoClassDefFoundError'{0x000000008fa153a8}: org/jetbrains/kotlin/gradle/plugin/KotlinBasePluginWrapper> (0x000000008fa153a8) 
thrown [s\open\src\hotspot\share\oops\constantPool.cpp, line 836]
Event: 419.566 Thread 0x000002d9fd66e990 Exception <a 'java/lang/ClassNotFoundException'{0x000000008f74f018}: build_5kqkscf4mt52q4gj0f6zk5ci3BeanInfo> (0x000000008f74f018) 
thrown [s\open\src\hotspot\share\classfile\systemDictionary.cpp, line 255]
Event: 419.566 Thread 0x000002d9fd66e990 Exception <a 'java/lang/ClassNotFoundException'{0x000000008f755318}: build_5kqkscf4mt52q4gj0f6zk5ci3Customizer> (0x000000008f755318) 
thrown [s\open\src\hotspot\share\classfile\systemDictionary.cpp, line 255]
Event: 419.581 Thread 0x000002d9fd66e990 Exception <a 'java/lang/ClassNotFoundException'{0x000000008f7b8ce8}: build_5kqkscf4mt52q4gj0f6zk5ci3$_run_closure1BeanInfo> (0x000000008f7b8ce8) 
thrown [s\open\src\hotspot\share\classfile\systemDictionary.cpp, line 255]
Event: 419.581 Thread 0x000002d9fd66e990 Exception <a 'java/lang/ClassNotFoundException'{0x000000008f7bfb40}: build_5kqkscf4mt52q4gj0f6zk5ci3$_run_closure1Customizer> (0x000000008f7bfb40) 
thrown [s\open\src\hotspot\share\classfile\systemDictionary.cpp, line 255]

VM Operations (20 events):
Event: 404.250 Executing VM operation: Cleanup done
Event: 409.884 Executing VM operation: G1CollectForAllocation
Event: 409.900 Executing VM operation: G1CollectForAllocation done
Event: 412.919 Executing VM operation: Cleanup
Event: 412.919 Executing VM operation: Cleanup done
Event: 415.951 Executing VM operation: Cleanup
Event: 416.139 Executing VM operation: Cleanup done
Event: 417.148 Executing VM operation: Cleanup
Event: 417.149 Executing VM operation: Cleanup done
Event: 418.163 Executing VM operation: Cleanup
Event: 418.163 Executing VM operation: Cleanup done
Event: 420.179 Executing VM operation: Cleanup
Event: 420.179 Executing VM operation: Cleanup done
Event: 421.183 Executing VM operation: Cleanup
Event: 421.183 Executing VM operation: Cleanup done
Event: 423.654 Executing VM operation: G1CollectForAllocation
Event: 424.936 Executing VM operation: G1CollectForAllocation done
Event: 425.940 Executing VM operation: Cleanup
Event: 425.940 Executing VM operation: Cleanup done
Event: 427.375 Executing VM operation: G1Concurrent

Events (20 events):
Event: 372.763 Thread 0x000002d9fca82870 flushing nmethod 0x000002d9e811cd90
Event: 372.763 Thread 0x000002d9fca82870 flushing nmethod 0x000002d9e8165a10
Event: 372.763 Thread 0x000002d9fca82870 flushing nmethod 0x000002d9e81f3190
Event: 372.763 Thread 0x000002d9fca82870 flushing nmethod 0x000002d9e81f3c10
Event: 372.763 Thread 0x000002d9fca82870 flushing nmethod 0x000002d9e825a490
Event: 372.763 Thread 0x000002d9fca82870 flushing nmethod 0x000002d9e825be90
Event: 372.763 Thread 0x000002d9fca82870 flushing nmethod 0x000002d9e827aa90
Event: 372.763 Thread 0x000002d9fca82870 flushing nmethod 0x000002d9e8285110
Event: 372.764 Thread 0x000002d9fca82870 flushing nmethod 0x000002d9e839df90
Event: 372.764 Thread 0x000002d9fca82870 flushing nmethod 0x000002d9e83a3610
Event: 372.765 Thread 0x000002d9fca82870 flushing nmethod 0x000002d9e852a110
Event: 372.765 Thread 0x000002d9fca82870 flushing nmethod 0x000002d9e85e5110
Event: 372.765 Thread 0x000002d9fca82870 flushing nmethod 0x000002d9e85eba90
Event: 372.765 Thread 0x000002d9fca82870 flushing nmethod 0x000002d9e85ee390
Event: 372.765 Thread 0x000002d9fca82870 flushing nmethod 0x000002d9e8602890
Event: 372.765 Thread 0x000002d9fca82870 flushing nmethod 0x000002d9e860ff10
Event: 372.765 Thread 0x000002d9fca82870 flushing nmethod 0x000002d9e8613390
Event: 373.904 Thread 0x000002d9866f4f30 Thread exited: 0x000002d9866f4f30
Event: 374.594 Thread 0x000002d984424e00 Thread added: 0x000002d984424e00
Event: 380.120 Thread 0x000002d984424e00 Thread exited: 0x000002d984424e00


Dynamic libraries:
0x00007ff65dcd0000 - 0x00007ff65dce0000 	C:\Program Files\Java\jdk-18.0.1.1\bin\java.exe
0x00007ff9a4e10000 - 0x00007ff9a5008000 	C:\WINDOWS\SYSTEM32\ntdll.dll
0x00007ff9a4be0000 - 0x00007ff9a4c9d000 	C:\WINDOWS\System32\KERNEL32.DLL
0x00007ff9a2890000 - 0x00007ff9a2b86000 	C:\WINDOWS\System32\KERNELBASE.dll
0x00007ff9a2540000 - 0x00007ff9a2640000 	C:\WINDOWS\System32\ucrtbase.dll
0x00007ff99df80000 - 0x00007ff99df98000 	C:\Program Files\Java\jdk-18.0.1.1\bin\jli.dll
0x00007ff9a4670000 - 0x00007ff9a4723000 	C:\WINDOWS\System32\ADVAPI32.dll
0x00007ff9a4ae0000 - 0x00007ff9a4b7e000 	C:\WINDOWS\System32\msvcrt.dll
0x00007ff9a4ca0000 - 0x00007ff9a4d3f000 	C:\WINDOWS\System32\sechost.dll
0x00007ff9a35f0000 - 0x00007ff9a3716000 	C:\WINDOWS\System32\RPCRT4.dll
0x00007ff9a2640000 - 0x00007ff9a2667000 	C:\WINDOWS\System32\bcrypt.dll
0x00007ff9a33a0000 - 0x00007ff9a353e000 	C:\WINDOWS\System32\USER32.dll
0x00007ff9a2cc0000 - 0x00007ff9a2ce2000 	C:\WINDOWS\System32\win32u.dll
0x00007ff9a3290000 - 0x00007ff9a32bb000 	C:\WINDOWS\System32\GDI32.dll
0x00007ff9a2670000 - 0x00007ff9a2787000 	C:\WINDOWS\System32\gdi32full.dll
0x00007ff9a2c20000 - 0x00007ff9a2cbd000 	C:\WINDOWS\System32\msvcp_win.dll
0x00007ff997860000 - 0x00007ff99787a000 	C:\Program Files\Java\jdk-18.0.1.1\bin\VCRUNTIME140.dll
0x00007ff98ce20000 - 0x00007ff98d0ba000 	C:\WINDOWS\WinSxS\amd64_microsoft.windows.common-controls_6595b64144ccf1df_6.0.19041.3636_none_60b6a03d71f818d5\COMCTL32.dll
0x00007ff996770000 - 0x00007ff99677a000 	C:\WINDOWS\SYSTEM32\VERSION.dll
0x00007ff9a4630000 - 0x00007ff9a4662000 	C:\WINDOWS\System32\IMM32.DLL
0x00007ff994420000 - 0x00007ff99442c000 	C:\Program Files\Java\jdk-18.0.1.1\bin\vcruntime140_1.dll
0x00007ff974c40000 - 0x00007ff974ccd000 	C:\Program Files\Java\jdk-18.0.1.1\bin\msvcp140.dll
0x00007ff9343f0000 - 0x00007ff935000000 	C:\Program Files\Java\jdk-18.0.1.1\bin\server\jvm.dll
0x00007ff9a4ad0000 - 0x00007ff9a4ad8000 	C:\WINDOWS\System32\PSAPI.DLL
0x00007ff9755c0000 - 0x00007ff9755c9000 	C:\WINDOWS\SYSTEM32\WSOCK32.dll
0x00007ff9a3720000 - 0x00007ff9a378b000 	C:\WINDOWS\System32\WS2_32.dll
0x00007ff992a20000 - 0x00007ff992a47000 	C:\WINDOWS\SYSTEM32\WINMM.dll
0x00007ff9a0360000 - 0x00007ff9a0372000 	C:\WINDOWS\SYSTEM32\kernel.appcore.dll
0x00007ff9755b0000 - 0x00007ff9755ba000 	C:\Program Files\Java\jdk-18.0.1.1\bin\jimage.dll
0x00007ff992c60000 - 0x00007ff992e44000 	C:\WINDOWS\SYSTEM32\DBGHELP.DLL
0x00007ff992950000 - 0x00007ff992984000 	C:\WINDOWS\SYSTEM32\dbgcore.DLL
0x00007ff9a2b90000 - 0x00007ff9a2c12000 	C:\WINDOWS\System32\bcryptPrimitives.dll
0x00007ff975580000 - 0x00007ff9755a5000 	C:\Program Files\Java\jdk-18.0.1.1\bin\java.dll
0x00007ff96e4d0000 - 0x00007ff96e5a6000 	C:\Program Files\Java\jdk-18.0.1.1\bin\jsvml.dll
0x00007ff9a3790000 - 0x00007ff9a3ed5000 	C:\WINDOWS\System32\SHELL32.dll
0x00007ff9a0560000 - 0x00007ff9a0cfc000 	C:\WINDOWS\SYSTEM32\windows.storage.dll
0x00007ff9a2ed0000 - 0x00007ff9a3224000 	C:\WINDOWS\System32\combase.dll
0x00007ff9a1d50000 - 0x00007ff9a1d7e000 	C:\WINDOWS\SYSTEM32\Wldp.dll
0x00007ff9a4550000 - 0x00007ff9a461d000 	C:\WINDOWS\System32\OLEAUT32.dll
0x00007ff9a4730000 - 0x00007ff9a47dd000 	C:\WINDOWS\System32\SHCORE.dll
0x00007ff9a3340000 - 0x00007ff9a3395000 	C:\WINDOWS\System32\shlwapi.dll
0x00007ff9a2400000 - 0x00007ff9a2425000 	C:\WINDOWS\SYSTEM32\profapi.dll
0x00007ff96e4b0000 - 0x00007ff96e4c3000 	C:\Program Files\Java\jdk-18.0.1.1\bin\net.dll
0x00007ff9992d0000 - 0x00007ff9993da000 	C:\WINDOWS\SYSTEM32\WINHTTP.dll
0x00007ff9a1b30000 - 0x00007ff9a1b9a000 	C:\WINDOWS\system32\mswsock.dll
0x00007ff96e490000 - 0x00007ff96e4a6000 	C:\Program Files\Java\jdk-18.0.1.1\bin\nio.dll
0x00007ff96e470000 - 0x00007ff96e488000 	C:\Program Files\Java\jdk-18.0.1.1\bin\zip.dll
0x00007ff975570000 - 0x00007ff975580000 	C:\Program Files\Java\jdk-18.0.1.1\bin\verify.dll
0x00007ff96e440000 - 0x00007ff96e467000 	C:\Users\Shree\.gradle\native\68d5fa5c4cc2d200863cafc0d521ce42e7d3e7ee720ec0a83991735586a16f82\windows-amd64\native-platform.dll
0x00007ff9356a0000 - 0x00007ff9357e4000 	C:\Users\Shree\.gradle\native\e376f236ea51e6404a007f0833ffe2c6e607c4080706a723a18a27aeea778392\windows-amd64\native-platform-file-events.dll
0x00007ff974c30000 - 0x00007ff974c39000 	C:\Program Files\Java\jdk-18.0.1.1\bin\management.dll
0x00007ff96e430000 - 0x00007ff96e43b000 	C:\Program Files\Java\jdk-18.0.1.1\bin\management_ext.dll
0x00007ff9a20a0000 - 0x00007ff9a20b8000 	C:\WINDOWS\SYSTEM32\CRYPTSP.dll
0x00007ff9a1480000 - 0x00007ff9a14b4000 	C:\WINDOWS\system32\rsaenh.dll
0x00007ff9a23c0000 - 0x00007ff9a23ee000 	C:\WINDOWS\SYSTEM32\USERENV.dll
0x00007ff9a1cc0000 - 0x00007ff9a1ccc000 	C:\WINDOWS\SYSTEM32\CRYPTBASE.dll
0x00007ff9a1840000 - 0x00007ff9a187b000 	C:\WINDOWS\SYSTEM32\IPHLPAPI.DLL
0x00007ff9a4910000 - 0x00007ff9a4918000 	C:\WINDOWS\System32\NSI.dll
0x00007ff99b350000 - 0x00007ff99b367000 	C:\WINDOWS\SYSTEM32\dhcpcsvc6.DLL
0x00007ff99bc50000 - 0x00007ff99bc6d000 	C:\WINDOWS\SYSTEM32\dhcpcsvc.DLL
0x00007ff9a1880000 - 0x00007ff9a194b000 	C:\WINDOWS\SYSTEM32\DNSAPI.dll

dbghelp: loaded successfully - version: 4.0.5 - missing functions: none
symbol engine: initialized successfully - sym options: 0x614 - pdb path: .;C:\Program Files\Java\jdk-18.0.1.1\bin;C:\WINDOWS\SYSTEM32;C:\WINDOWS\WinSxS\amd64_microsoft.windows.common-controls_6595b64144ccf1df_6.0.19041.3636_none_60b6a03d71f818d5;C:\Program Files\Java\jdk-18.0.1.1\bin\server;C:\Users\Shree\.gradle\native\68d5fa5c4cc2d200863cafc0d521ce42e7d3e7ee720ec0a83991735586a16f82\windows-amd64;C:\Users\Shree\.gradle\native\e376f236ea51e6404a007f0833ffe2c6e607c4080706a723a18a27aeea778392\windows-amd64

VM Arguments:
jvm_args: -XX:MaxMetaspaceSize=512m --add-opens=java.base/java.util=ALL-UNNAMED --add-opens=java.base/java.lang=ALL-UNNAMED --add-opens=java.base/java.lang.invoke=ALL-UNNAMED --add-opens=java.prefs/java.util.prefs=ALL-UNNAMED --add-opens=java.base/java.nio.charset=ALL-UNNAMED --add-opens=java.base/java.net=ALL-UNNAMED --add-opens=java.base/java.util.concurrent.atomic=ALL-UNNAMED -Xmx2048m -Dfile.encoding=UTF-8 -Duser.country=US -Duser.language=en -Duser.variant 
java_command: org.gradle.launcher.daemon.bootstrap.GradleDaemon 8.0.1
java_class_path (initial): C:\Users\Shree\.gradle\wrapper\dists\gradle-8.0.1-all\aro4hu1c3oeioove7l0i4i14o\gradle-8.0.1\lib\gradle-launcher-8.0.1.jar
Launcher Type: SUN_STANDARD

[Global flags]
     intx CICompilerCount                          = 3                                         {product} {ergonomic}
   size_t CompressedClassSpaceSize                 = 432013312                                 {product} {ergonomic}
     uint ConcGCThreads                            = 1                                         {product} {ergonomic}
     uint G1ConcRefinementThreads                  = 4                                         {product} {ergonomic}
   size_t G1HeapRegionSize                         = 1048576                                   {product} {ergonomic}
    uintx GCDrainStackTargetSize                   = 64                                        {product} {ergonomic}
   size_t InitialHeapSize                          = 201326592                                 {product} {ergonomic}
   size_t MarkStackSize                            = 4194304                                   {product} {ergonomic}
   size_t MaxHeapSize                              = 2147483648                                {product} {command line}
   size_t MaxMetaspaceSize                         = 536870912                                 {product} {command line}
   size_t MaxNewSize                               = 1287651328                                {product} {ergonomic}
   size_t MinHeapDeltaBytes                        = 1048576                                   {product} {ergonomic}
   size_t MinHeapSize                              = 8388608                                   {product} {ergonomic}
    uintx NonNMethodCodeHeapSize                   = 5832780                                {pd product} {ergonomic}
    uintx NonProfiledCodeHeapSize                  = 122912730                              {pd product} {ergonomic}
    uintx ProfiledCodeHeapSize                     = 122912730                              {pd product} {ergonomic}
    uintx ReservedCodeCacheSize                    = 251658240                              {pd product} {ergonomic}
     bool SegmentedCodeCache                       = true                                      {product} {ergonomic}
   size_t SoftMaxHeapSize                          = 2147483648                             {manageable} {ergonomic}
     bool UseCompressedClassPointers               = true                           {product lp64_product} {ergonomic}
     bool UseCompressedOops                        = true                           {product lp64_product} {ergonomic}
     bool UseG1GC                                  = true                                      {product} {ergonomic}
     bool UseLargePagesIndividualAllocation        = false                                  {pd product} {ergonomic}

Logging:
Log output configuration:
 #0: stdout all=warning uptime,level,tags foldmultilines=false
 #1: stderr all=off uptime,level,tags foldmultilines=false

Environment Variables:
JAVA_HOME=C:\Program Files\Java\jdk-18.0.1.1
CLASSPATH=D:\Projects\Panchal_App\android\\gradle\wrapper\gradle-wrapper.jar
PATH=D:\Projects\Panchal_App\node_modules\.bin;D:\Projects\Panchal_App\node_modules\.bin;D:\Projects\node_modules\.bin;D:\node_modules\.bin;C:\Users\Shree\AppData\Roaming\nvm\v18.10.0\node_modules\npm\node_modules\@npmcli\run-script\lib\node-gyp-bin;D:\Projects\Panchal_App\node_modules\.bin;D:\Projects\node_modules\.bin;D:\node_modules\.bin;C:\Users\Shree\AppData\Roaming\nvm\v18.10.0\node_modules\npm\node_modules\@npmcli\run-script\lib\node-gyp-bin;C:\Program Files\Common Files\Oracle\Java\javapath;C:\WINDOWS\system32;C:\WINDOWS;C:\WINDOWS\System32\Wbem;C:\WINDOWS\System32\WindowsPowerShell\v1.0\;C:\WINDOWS\System32\OpenSSH\;C:\Program Files\Java\jdk-18.0.1.1\bin;C:\Program Files\Git\cmd;C:\Users\Shree\AppData\Roaming\nvm;C:\Program Files\nodejs;C:\xampp\php;C:\composer;C:\Program Files\OpenSSL-Win64;C:\Program Files\MongoDB\Server\6.0\bin;C:\Users\Shree\AppData\Local\ngrok\ngrok.yml;C:\Program Files\dotnet\;C:\ProgramData\chocolatey\bin;C:\Users\Shree\AppData\Local\Android\cmdline-tools\latest\bin;C:\Users\Shree\AppData\Local\Microsoft\WindowsApps;C:\Users\Shree\AppData\Roaming\Composer\vendor\bin;C:\Users\Shree\AppData\Local\Programs\Microsoft VS Code\bin;C:\Users\Shree\AppData\Roaming\npm;C:\Users\Shree\AppData\Roaming\nvm;C:\Program Files\nodejs;C:\Program Files\JetBrains\IntelliJ IDEA Community Edition 2023.1\bin;;C:\Users\Shree\.dotnet\tools;C:\Users\Shree\AppData\Local\GitHubDesktop\bin;
USERNAME=Meet
LANG=en_US.UTF-8
OS=Windows_NT
PROCESSOR_IDENTIFIER=Intel64 Family 6 Model 60 Stepping 3, GenuineIntel



---------------  S Y S T E M  ---------------

OS:
 Windows 10 , 64 bit Build 19041 (10.0.19041.3636)
OS uptime: 5 days 1:32 hours
Hyper-V role detected

CPU: total 4 (initial active 4) (4 cores per cpu, 1 threads per core) family 6 model 60 stepping 3 microcode 0x27, cx8, cmov, fxsr, mmx, sse, sse2, sse3, ssse3, sse4.1, sse4.2, popcnt, lzcnt, tsc, tscinvbit, avx, avx2, aes, erms, clmul, bmi1, bmi2, fma, vzeroupper, clflush, hv

Memory: 4k page, system-wide physical 12173M (234M free)
TotalPageFile size 24972M (AvailPageFile size 41M)
current process WorkingSet (physical memory assigned to process): 403M, peak: 423M
current process commit charge ("private bytes"): 581M, peak: 650M

vm_info: Java HotSpot(TM) 64-Bit Server VM (18.0.1.1+2-6) for windows-amd64 JRE (18.0.1.1+2-6), built on Apr 25 2022 21:53:15 by "mach5one" with MS VC++ 16.8 / 16.9 (VS2019)

END.
